#
# A fatal error has been detected by the Java Runtime Environment:
#
#  SIGBUS (0x7) at pc=0x00007f1204234d60, pid=19701, tid=0x00007f1248190700
#
# JRE version: Java(TM) SE Runtime Environment (8.0_161-b12) (build 1.8.0_161-b12)
# Java VM: Java HotSpot(TM) 64-Bit Server VM (25.161-b12 mixed mode linux-amd64 compressed oops)
# Problematic frame:
# 
[error occurred during error reporting (printing problematic frame), id 0x7]

# Failed to write core dump. Core dumps have been disabled. To enable core dumping, try "ulimit -c unlimited" before starting Java again
#
# If you would like to submit a bug report, please visit:
#   http://bugreport.java.com/bugreport/crash.jsp
# The crash happened outside the Java Virtual Machine in native code.
# See problematic frame for where to report the bug.
#

---------------  T H R E A D  ---------------

Current thread (0x00007f12683dc000):  JavaThread "OpenGL" [_thread_in_native, id=19724, stack(0x00007f1248090000,0x00007f1248191000)]

siginfo: si_signo: 7 (SIGBUS), si_code: 2 (BUS_ADRERR), si_addr: 0x00007f1204234d60

Registers:
RAX=0x0000000000000000, RBX=0x00000000c2f77920, RCX=0x00000000c2f77778, RDX=0x00007f11fad218e0
RSP=0x00007f124818f098, RBP=0x00007f124818f0e0, RSI=0x00007f124818f0d0, RDI=0x00007f12683dc1f8
R8 =0x00000000c2f6f2d0, R9 =0x00000000c2953e10, R10=0x00007f1259146801, R11=0x00007f11fad218e0
R12=0x0000000000000000, R13=0x0000000000001700, R14=0x00007f124818f0d0, R15=0x00007f12683dc000
RIP=0x00007f1204234d60, EFLAGS=0x0000000000010246, CSGSFS=0x002b000000000033, ERR=0x0000000000000014
  TRAPNO=0x000000000000000e

Top of Stack: (sp=0x00007f124818f098)
0x00007f124818f098:   00007f1259146871 00000000f470be80
0x00007f124818f0a8:   00000000f470bb88 00000000c2f77778
0x00007f124818f0b8:   0000868800000000 00000000f470bfa0
0x00007f124818f0c8:   00000000c29b0670 00000000c29b0670
0x00007f124818f0d8:   00007f11cc56f910 00000000c2f6f2d0
0x00007f124818f0e8:   00007f125978bfd4 0000000400000001
0x00007f124818f0f8:   00000000f470bb88 00000000c2f6f2d0
0x00007f124818f108:   00000000f470c1c8 0000000100000000
0x00007f124818f118:   f470be3000000001 00000000c2f77778
0x00007f124818f128:   00000000f470bdc8 0000000000000000
0x00007f124818f138:   0000000000001700 00007f124818f188
0x00007f124818f148:   00000000c2f77920 00000000f470b9c8
0x00007f124818f158:   00007f12597892fc 0000000200000001
0x00007f124818f168:   00000000f470b9c8 0000003f00000001
0x00007f124818f178:   00000cc000000000 00000002f471ad18
0x00007f124818f188:   00000000c2f6f2d0 00000000f470bb88
0x00007f124818f198:   00000000c2f6f330 00000000c2f6f2d0
0x00007f124818f1a8:   00007f125978bfd4 00000000c2c4a680
0x00007f124818f1b8:   00007f125914466c 00000000c2f6f2d0
0x00007f124818f1c8:   00000000f471af40 0000000100000000
0x00007f124818f1d8:   f471aba800000001 00000000c2c4a680
0x00007f124818f1e8:   00007f125914466c 00007f1100000000
0x00007f124818f1f8:   00007f11f98ae87d 0000000000000009
0x00007f124818f208:   00007f11fc18d220 00000000f470afa0
0x00007f124818f218:   00007f12597892fc 0000000300000001
0x00007f124818f228:   00000000f470afa0 0000003f00000001
0x00007f124818f238:   00007f11f9702428 000000034818f280
0x00007f124818f248:   00000000c2f6f2d0 00000000f470b9c8
0x00007f124818f258:   00000000c2f6f330 0000000000000004
0x00007f124818f268:   0000000000000000 00007f11fc5526f0
0x00007f124818f278:   00007f11f9700ecf 0000000400000001
0x00007f124818f288:   0000000600000000 0000000100000000 

Instructions: (pc=0x00007f1204234d60)
0x00007f1204234d40:   
[error occurred during error reporting (printing registers, top of stack, instructions near pc), id 0x7]

Register to memory mapping:

RAX=0x0000000000000000 is an unknown value
RBX=0x00000000c2f77920 is an oop
java.lang.Thread 
 - klass: 'java/lang/Thread'
RCX=0x00000000c2f77778 is an oop
com.jme.scene.state.lwjgl.records.RendererRecord 
 - klass: 'com/jme/scene/state/lwjgl/records/RendererRecord'
RDX=0x00007f11fad218e0: <offset 0xc8e0> in /usr/lib/x86_64-linux-gnu/libglapi.so.0 at 0x00007f11fad15000
RSP=0x00007f124818f098 is pointing into the stack for thread: 0x00007f12683dc000
RBP=0x00007f124818f0e0 is pointing into the stack for thread: 0x00007f12683dc000
RSI=0x00007f124818f0d0 is pointing into the stack for thread: 0x00007f12683dc000
RDI=0x00007f12683dc1f8 is an unknown value
R8 =0x00000000c2f6f2d0 is an oop
com.jme.renderer.lwjgl.LWJGLRenderer 
 - klass: 'com/jme/renderer/lwjgl/LWJGLRenderer'
R9 =0x00000000c2953e10 is an oop
org.lwjgl.opengl.GLContext$CapabilitiesCacheEntry 
 - klass: 'org/lwjgl/opengl/GLContext$CapabilitiesCacheEntry'
R10=0x00007f1259146801 is at entry_point+65 in (nmethod*)0x00007f1259146650
R11=0x00007f11fad218e0: <offset 0xc8e0> in /usr/lib/x86_64-linux-gnu/libglapi.so.0 at 0x00007f11fad15000
R12=0x0000000000000000 is an unknown value
R13=0x0000000000001700 is an unknown value
R14=0x00007f124818f0d0 is pointing into the stack for thread: 0x00007f12683dc000
R15=0x00007f12683dc000 is a thread


Stack: [0x00007f1248090000,0x00007f1248191000],  sp=0x00007f124818f098,  free space=1020k
Native frames: (J=compiled Java code, j=interpreted, Vv=VM code, C=native code)

[error occurred during error reporting (printing native stack), id 0x7]

Java frames: (J=compiled Java code, j=interpreted, Vv=VM code)
J 1860  org.lwjgl.opengl.GL11.nglPopMatrix(J)V (0 bytes) @ 0x00007f1259146801 [0x00007f12591467c0+0x41]
J 2313 C2 com.jme.scene.TriMesh.draw(Lcom/jme/renderer/Renderer;)V (27 bytes) @ 0x00007f125978bfd4 [0x00007f125978b4a0+0xb34]
J 2314 C2 com.jme.scene.Node.draw(Lcom/jme/renderer/Renderer;)V (57 bytes) @ 0x00007f12597892fc [0x00007f1259788f60+0x39c]
J 2314 C2 com.jme.scene.Node.draw(Lcom/jme/renderer/Renderer;)V (57 bytes) @ 0x00007f12597892fc [0x00007f1259788f60+0x39c]
J 2314 C2 com.jme.scene.Node.draw(Lcom/jme/renderer/Renderer;)V (57 bytes) @ 0x00007f12597892fc [0x00007f1259788f60+0x39c]
J 2314 C2 com.jme.scene.Node.draw(Lcom/jme/renderer/Renderer;)V (57 bytes) @ 0x00007f12597892fc [0x00007f1259788f60+0x39c]
J 2314 C2 com.jme.scene.Node.draw(Lcom/jme/renderer/Renderer;)V (57 bytes) @ 0x00007f12597892fc [0x00007f1259788f60+0x39c]
J 2314 C2 com.jme.scene.Node.draw(Lcom/jme/renderer/Renderer;)V (57 bytes) @ 0x00007f12597892fc [0x00007f1259788f60+0x39c]
J 2314 C2 com.jme.scene.Node.draw(Lcom/jme/renderer/Renderer;)V (57 bytes) @ 0x00007f12597892fc [0x00007f1259788f60+0x39c]
J 2657 C2 com.jme.scene.Spatial.onDraw(Lcom/jme/renderer/Renderer;)V (132 bytes) @ 0x00007f125990f7c4 [0x00007f125990f600+0x1c4]
J 2606 C1 com.jme.renderer.lwjgl.LWJGLRenderer.draw(Lcom/jme/scene/Spatial;)V (24 bytes) @ 0x00007f12598e70dc [0x00007f12598e6ea0+0x23c]
J 2527 C1 com.jmex.game.state.CameraGameStateDefaultCamera.render(F)V (11 bytes) @ 0x00007f1259884ecc [0x00007f1259884b00+0x3cc]
J 2593 C1 com.jmex.game.state.GameStateNode.render(F)V (44 bytes) @ 0x00007f12598dd3f4 [0x00007f12598dcfa0+0x454]
J 2522 C1 com.jmex.game.StandardGame.render(F)V (29 bytes) @ 0x00007f1259881e74 [0x00007f1259881900+0x574]
j  com.jmex.game.StandardGame.run()V+196
j  java.lang.Thread.run()V+11
v  ~StubRoutines::call_stub

---------------  P R O C E S S  ---------------

Java Threads: ( => current thread )
  0x00007f11cc006800 JavaThread "Timer-8" [_thread_blocked, id=19792, stack(0x00007f11e17f1000,0x00007f11e18f2000)]
  0x00007f11cc004800 JavaThread "Timer-7" [_thread_blocked, id=19775, stack(0x00007f11e007f000,0x00007f11e0180000)]
  0x00007f11cc003000 JavaThread "Timer-6" [_thread_blocked, id=19774, stack(0x00007f11e0180000,0x00007f11e0281000)]
  0x00007f11cc001000 JavaThread "Timer-5" [_thread_blocked, id=19773, stack(0x00007f11e0281000,0x00007f11e0382000)]
  0x00007f11c8008000 JavaThread "Timer-4" [_thread_blocked, id=19772, stack(0x00007f11e13ed000,0x00007f11e14ee000)]
  0x00007f11c8006800 JavaThread "Timer-3" [_thread_blocked, id=19771, stack(0x00007f11e14ee000,0x00007f11e15ef000)]
  0x00007f11c8005000 JavaThread "Timer-2" [_thread_blocked, id=19770, stack(0x00007f11e15ef000,0x00007f11e16f0000)]
  0x00007f120c07d800 JavaThread "TimerQueue" daemon [_thread_blocked, id=19725, stack(0x00007f1204656000,0x00007f1204757000)]
=>0x00007f12683dc000 JavaThread "OpenGL" [_thread_in_native, id=19724, stack(0x00007f1248090000,0x00007f1248191000)]
  0x00007f126839a800 JavaThread "Timer-1" daemon [_thread_blocked, id=19723, stack(0x00007f1248391000,0x00007f1248492000)]
  0x00007f126836c800 JavaThread "AWT-EventQueue-0" [_thread_blocked, id=19722, stack(0x00007f1248692000,0x00007f1248793000)]
  0x00007f1268366000 JavaThread "AWT-Shutdown" [_thread_blocked, id=19721, stack(0x00007f1248793000,0x00007f1248894000)]
  0x00007f1268328000 JavaThread "Timer-0" [_thread_blocked, id=19720, stack(0x00007f12488b0000,0x00007f12489b1000)]
  0x00007f12682e5000 JavaThread "AWT-XAWT" daemon [_thread_in_native, id=19718, stack(0x00007f1248ab2000,0x00007f1248bb3000)]
  0x00007f12682c0800 JavaThread "Java2D Disposer" daemon [_thread_blocked, id=19717, stack(0x00007f1248fc3000,0x00007f12490c4000)]
  0x00007f1268193000 JavaThread "Service Thread" daemon [_thread_blocked, id=19715, stack(0x00007f124ad17000,0x00007f124ae18000)]
  0x00007f1268186000 JavaThread "C1 CompilerThread2" daemon [_thread_blocked, id=19714, stack(0x00007f124ae18000,0x00007f124af19000)]
  0x00007f1268184000 JavaThread "C2 CompilerThread1" daemon [_thread_blocked, id=19713, stack(0x00007f124af19000,0x00007f124b01a000)]
  0x00007f1268181000 JavaThread "C2 CompilerThread0" daemon [_thread_blocked, id=19712, stack(0x00007f124b01a000,0x00007f124b11b000)]
  0x00007f126817f800 JavaThread "Signal Dispatcher" daemon [_thread_blocked, id=19711, stack(0x00007f124b11b000,0x00007f124b21c000)]
  0x00007f126814b800 JavaThread "Finalizer" daemon [_thread_blocked, id=19710, stack(0x00007f124b4f5000,0x00007f124b5f6000)]
  0x00007f1268147000 JavaThread "Reference Handler" daemon [_thread_blocked, id=19709, stack(0x00007f124b5f6000,0x00007f124b6f7000)]
  0x00007f126800a800 JavaThread "main" [_thread_in_native, id=19703, stack(0x00007f1271c7c000,0x00007f1271d7d000)]

Other Threads:
  0x00007f126813f800 VMThread [stack: 0x00007f124b6f7000,0x00007f124b7f8000] [id=19708]
  0x00007f1268197800 WatcherThread [stack: 0x00007f124ac16000,0x00007f124ad17000] [id=19716]

VM state:not at safepoint (normal execution)

VM Mutex/Monitor currently owned by a thread: None

Heap:
 PSYoungGen      total 169472K, used 141537K [0x00000000eb800000, 0x00000000fb600000, 0x0000000100000000)
  eden space 146432K, 88% used [0x00000000eb800000,0x00000000f36f53c8,0x00000000f4700000)
  from space 23040K, 50% used [0x00000000f4700000,0x00000000f5243340,0x00000000f5d80000)
  to   space 23040K, 0% used [0x00000000f9f80000,0x00000000f9f80000,0x00000000fb600000)
 ParOldGen       total 99840K, used 43665K [0x00000000c2800000, 0x00000000c8980000, 0x00000000eb800000)
  object space 99840K, 43% used [0x00000000c2800000,0x00000000c52a46b0,0x00000000c8980000)
 Metaspace       used 22496K, capacity 22748K, committed 22912K, reserved 1069056K
  class space    used 2563K, capacity 2647K, committed 2688K, reserved 1048576K

Card table byte_map: [0x00007f126e829000,0x00007f126ea16000] byte_map_base: 0x00007f126e215000

Marking Bits: (ParMarkBitMap*) 0x00007f127114d920
 Begin Bits: [0x00007f126c41d000, 0x00007f126d37d000)
 End Bits:   [0x00007f126d37d000, 0x00007f126e2dd000)

Polling page: 0x00007f1271d9e000

CodeCache: size=245760Kb used=9471Kb max_used=9485Kb free=236288Kb
 bounds [0x00007f1259000000, 0x00007f1259950000, 0x00007f1268000000]
 total_blobs=3239 nmethods=2507 adapters=645
 compilation: enabled

Compilation events (10 events):
Event: 99,745 Thread 0x00007f1268181000 2712       4       com.jme.renderer.lwjgl.LWJGLCamera::resize (15 bytes)
Event: 99,746 Thread 0x00007f1268181000 nmethod 2712 0x00007f1259931290 code [0x00007f12599313e0, 0x00007f1259931458]
Event: 100,497 Thread 0x00007f1268184000 2713       4       java.util.concurrent.ConcurrentHashMap::get (162 bytes)
Event: 100,501 Thread 0x00007f1268184000 nmethod 2713 0x00007f1259931f90 code [0x00007f1259932100, 0x00007f1259932428]
Event: 101,580 Thread 0x00007f1268181000 2714       4       java.nio.DirectIntBufferU::get (16 bytes)
Event: 101,581 Thread 0x00007f1268181000 nmethod 2714 0x00007f125992fad0 code [0x00007f125992fc20, 0x00007f125992fcd8]
Event: 103,964 Thread 0x00007f1268186000 2715       1       com.jme.util.lwjgl.LWJGLTimer::getTimePerFrame (5 bytes)
Event: 103,964 Thread 0x00007f1268186000 nmethod 2715 0x00007f1259136ad0 code [0x00007f1259136c20, 0x00007f1259136d30]
Event: 103,965 Thread 0x00007f1268186000 2716       1       com.jme.input.joystick.DummyJoystickInput::update (1 bytes)
Event: 103,965 Thread 0x00007f1268186000 nmethod 2716 0x00007f125910ee10 code [0x00007f125910ef60, 0x00007f125910f070]

GC Heap History (10 events):
Event: 8,366 GC heap before
{Heap before GC invocations=9 (full 1):
 PSYoungGen      total 73216K, used 51754K [0x00000000eb800000, 0x00000000f4280000, 0x0000000100000000)
  eden space 50688K, 91% used [0x00000000eb800000,0x00000000ee58a248,0x00000000ee980000)
  from space 22528K, 22% used [0x00000000ee980000,0x00000000eee80680,0x00000000eff80000)
  to   space 21504K, 0% used [0x00000000f2d80000,0x00000000f2d80000,0x00000000f4280000)
 ParOldGen       total 56320K, used 23662K [0x00000000c2800000, 0x00000000c5f00000, 0x00000000eb800000)
  object space 56320K, 42% used [0x00000000c2800000,0x00000000c3f1bb00,0x00000000c5f00000)
 Metaspace       used 20803K, capacity 21084K, committed 21248K, reserved 1069056K
  class space    used 2429K, capacity 2519K, committed 2560K, reserved 1048576K
Event: 8,387 GC heap after
Heap after GC invocations=9 (full 1):
 PSYoungGen      total 117248K, used 9927K [0x00000000eb800000, 0x00000000f4000000, 0x0000000100000000)
  eden space 98304K, 0% used [0x00000000eb800000,0x00000000eb800000,0x00000000f1800000)
  from space 18944K, 52% used [0x00000000f2d80000,0x00000000f3731d38,0x00000000f4000000)
  to   space 20480K, 0% used [0x00000000f1800000,0x00000000f1800000,0x00000000f2c00000)
 ParOldGen       total 56320K, used 23670K [0x00000000c2800000, 0x00000000c5f00000, 0x00000000eb800000)
  object space 56320K, 42% used [0x00000000c2800000,0x00000000c3f1db00,0x00000000c5f00000)
 Metaspace       used 20803K, capacity 21084K, committed 21248K, reserved 1069056K
  class space    used 2429K, capacity 2519K, committed 2560K, reserved 1048576K
}
Event: 8,804 GC heap before
{Heap before GC invocations=10 (full 1):
 PSYoungGen      total 117248K, used 108231K [0x00000000eb800000, 0x00000000f4000000, 0x0000000100000000)
  eden space 98304K, 100% used [0x00000000eb800000,0x00000000f1800000,0x00000000f1800000)
  from space 18944K, 52% used [0x00000000f2d80000,0x00000000f3731d38,0x00000000f4000000)
  to   space 20480K, 0% used [0x00000000f1800000,0x00000000f1800000,0x00000000f2c00000)
 ParOldGen       total 56320K, used 23670K [0x00000000c2800000, 0x00000000c5f00000, 0x00000000eb800000)
  object space 56320K, 42% used [0x00000000c2800000,0x00000000c3f1db00,0x00000000c5f00000)
 Metaspace       used 20857K, capacity 21084K, committed 21248K, reserved 1069056K
  class space    used 2429K, capacity 2519K, committed 2560K, reserved 1048576K
Event: 8,850 GC heap after
Heap after GC invocations=10 (full 1):
 PSYoungGen      total 118784K, used 17878K [0x00000000eb800000, 0x00000000f7b80000, 0x0000000100000000)
  eden space 98304K, 0% used [0x00000000eb800000,0x00000000eb800000,0x00000000f1800000)
  from space 20480K, 87% used [0x00000000f1800000,0x00000000f29758b0,0x00000000f2c00000)
  to   space 23040K, 0% used [0x00000000f6500000,0x00000000f6500000,0x00000000f7b80000)
 ParOldGen       total 86016K, used 82727K [0x00000000c2800000, 0x00000000c7c00000, 0x00000000eb800000)
  object space 86016K, 96% used [0x00000000c2800000,0x00000000c78c9f40,0x00000000c7c00000)
 Metaspace       used 20857K, capacity 21084K, committed 21248K, reserved 1069056K
  class space    used 2429K, capacity 2519K, committed 2560K, reserved 1048576K
}
Event: 8,850 GC heap before
{Heap before GC invocations=11 (full 2):
 PSYoungGen      total 118784K, used 17878K [0x00000000eb800000, 0x00000000f7b80000, 0x0000000100000000)
  eden space 98304K, 0% used [0x00000000eb800000,0x00000000eb800000,0x00000000f1800000)
  from space 20480K, 87% used [0x00000000f1800000,0x00000000f29758b0,0x00000000f2c00000)
  to   space 23040K, 0% used [0x00000000f6500000,0x00000000f6500000,0x00000000f7b80000)
 ParOldGen       total 86016K, used 82727K [0x00000000c2800000, 0x00000000c7c00000, 0x00000000eb800000)
  object space 86016K, 96% used [0x00000000c2800000,0x00000000c78c9f40,0x00000000c7c00000)
 Metaspace       used 20857K, capacity 21084K, committed 21248K, reserved 1069056K
  class space    used 2429K, capacity 2519K, committed 2560K, reserved 1048576K
Event: 8,889 GC heap after
Heap after GC invocations=11 (full 2):
 PSYoungGen      total 118784K, used 0K [0x00000000eb800000, 0x00000000f7b80000, 0x0000000100000000)
  eden space 98304K, 0% used [0x00000000eb800000,0x00000000eb800000,0x00000000f1800000)
  from space 20480K, 0% used [0x00000000f1800000,0x00000000f1800000,0x00000000f2c00000)
  to   space 23040K, 0% used [0x00000000f6500000,0x00000000f6500000,0x00000000f7b80000)
 ParOldGen       total 99840K, used 43657K [0x00000000c2800000, 0x00000000c8980000, 0x00000000eb800000)
  object space 99840K, 43% used [0x00000000c2800000,0x00000000c52a26b0,0x00000000c8980000)
 Metaspace       used 20857K, capacity 21084K, committed 21248K, reserved 1069056K
  class space    used 2429K, capacity 2519K, committed 2560K, reserved 1048576K
}
Event: 9,124 GC heap before
{Heap before GC invocations=12 (full 2):
 PSYoungGen      total 118784K, used 98304K [0x00000000eb800000, 0x00000000f7b80000, 0x0000000100000000)
  eden space 98304K, 100% used [0x00000000eb800000,0x00000000f1800000,0x00000000f1800000)
  from space 20480K, 0% used [0x00000000f1800000,0x00000000f1800000,0x00000000f2c00000)
  to   space 23040K, 0% used [0x00000000f6500000,0x00000000f6500000,0x00000000f7b80000)
 ParOldGen       total 99840K, used 43657K [0x00000000c2800000, 0x00000000c8980000, 0x00000000eb800000)
  object space 99840K, 43% used [0x00000000c2800000,0x00000000c52a26b0,0x00000000c8980000)
 Metaspace       used 20857K, capacity 21084K, committed 21248K, reserved 1069056K
  class space    used 2429K, capacity 2519K, committed 2560K, reserved 1048576K
Event: 9,128 GC heap after
Heap after GC invocations=12 (full 2):
 PSYoungGen      total 161792K, used 64K [0x00000000eb800000, 0x00000000f7400000, 0x0000000100000000)
  eden space 146432K, 0% used [0x00000000eb800000,0x00000000eb800000,0x00000000f4700000)
  from space 15360K, 0% used [0x00000000f6500000,0x00000000f6510000,0x00000000f7400000)
  to   space 23040K, 0% used [0x00000000f4700000,0x00000000f4700000,0x00000000f5d80000)
 ParOldGen       total 99840K, used 43657K [0x00000000c2800000, 0x00000000c8980000, 0x00000000eb800000)
  object space 99840K, 43% used [0x00000000c2800000,0x00000000c52a26b0,0x00000000c8980000)
 Metaspace       used 20857K, capacity 21084K, committed 21248K, reserved 1069056K
  class space    used 2429K, capacity 2519K, committed 2560K, reserved 1048576K
}
Event: 15,475 GC heap before
{Heap before GC invocations=13 (full 2):
 PSYoungGen      total 161792K, used 146363K [0x00000000eb800000, 0x00000000f7400000, 0x0000000100000000)
  eden space 146432K, 99% used [0x00000000eb800000,0x00000000f46decb0,0x00000000f4700000)
  from space 15360K, 0% used [0x00000000f6500000,0x00000000f6510000,0x00000000f7400000)
  to   space 23040K, 0% used [0x00000000f4700000,0x00000000f4700000,0x00000000f5d80000)
 ParOldGen       total 99840K, used 43657K [0x00000000c2800000, 0x00000000c8980000, 0x00000000eb800000)
  object space 99840K, 43% used [0x00000000c2800000,0x00000000c52a26b0,0x00000000c8980000)
 Metaspace       used 21474K, capacity 21692K, committed 22016K, reserved 1069056K
  class space    used 2466K, capacity 2551K, committed 2560K, reserved 1048576K
Event: 15,485 GC heap after
Heap after GC invocations=13 (full 2):
 PSYoungGen      total 169472K, used 11532K [0x00000000eb800000, 0x00000000fb600000, 0x0000000100000000)
  eden space 146432K, 0% used [0x00000000eb800000,0x00000000eb800000,0x00000000f4700000)
  from space 23040K, 50% used [0x00000000f4700000,0x00000000f5243340,0x00000000f5d80000)
  to   space 23040K, 0% used [0x00000000f9f80000,0x00000000f9f80000,0x00000000fb600000)
 ParOldGen       total 99840K, used 43665K [0x00000000c2800000, 0x00000000c8980000, 0x00000000eb800000)
  object space 99840K, 43% used [0x00000000c2800000,0x00000000c52a46b0,0x00000000c8980000)
 Metaspace       used 21474K, capacity 21692K, committed 22016K, reserved 1069056K
  class space    used 2466K, capacity 2551K, committed 2560K, reserved 1048576K
}

Deoptimization events (10 events):
Event: 16,173 Thread 0x00007f12683e0800 Uncommon trap: reason=class_check action=maybe_recompile pc=0x00007f12594a181c method=java.util.HashMap.putVal(ILjava/lang/Object;Ljava/lang/Object;ZZ)Ljava/lang/Object; @ 203
Event: 16,327 Thread 0x00007f12683dc000 Uncommon trap: reason=unstable_if action=reinterpret pc=0x00007f1259432ffc method=com.jme.math.Vector3f.cross(FFFLcom/jme/math/Vector3f;)Lcom/jme/math/Vector3f; @ 2
Event: 16,416 Thread 0x00007f12683dc000 Uncommon trap: reason=unstable_if action=reinterpret pc=0x00007f12596be4d0 method=com.jme.scene.state.lwjgl.records.MaterialStateRecord.isSetColor(IILcom/jme/renderer/ColorRGBA;Lcom/jme/scene/state/lwjgl/records/MaterialStateRecord;)Z @ 145
Event: 23,907 Thread 0x00007f12683dc000 Uncommon trap: reason=unstable_if action=reinterpret pc=0x00007f12597ac7e4 method=com.jme.renderer.lwjgl.LWJGLRenderer.applyNormalMode(Lcom/jme/scene/Spatial$NormalsMode;Lcom/jme/scene/Geometry;)V @ 176
Event: 68,861 Thread 0x00007f12683dc000 Uncommon trap: reason=predicate action=maybe_recompile pc=0x00007f12599192b4 method=java.util.Arrays.fill([Ljava/lang/Object;Ljava/lang/Object;)V @ 10
Event: 69,750 Thread 0x00007f12683dc000 Uncommon trap: reason=array_check action=maybe_recompile pc=0x00007f1259908ec8 method=java.util.Arrays.fill([Ljava/lang/Object;Ljava/lang/Object;)V @ 13
Event: 69,861 Thread 0x00007f12683dc000 Uncommon trap: reason=array_check action=maybe_recompile pc=0x00007f1259913eb8 method=java.util.Arrays.fill([Ljava/lang/Object;Ljava/lang/Object;)V @ 13
Event: 69,913 Thread 0x00007f12683dc000 Uncommon trap: reason=array_check action=maybe_recompile pc=0x00007f1259913eb8 method=java.util.Arrays.fill([Ljava/lang/Object;Ljava/lang/Object;)V @ 13
Event: 69,969 Thread 0x00007f12683dc000 Uncommon trap: reason=array_check action=maybe_recompile pc=0x00007f1259913eb8 method=java.util.Arrays.fill([Ljava/lang/Object;Ljava/lang/Object;)V @ 13
Event: 70,695 Thread 0x00007f12683dc000 Uncommon trap: reason=array_check action=maybe_recompile pc=0x00007f1259908ec8 method=java.util.Arrays.fill([Ljava/lang/Object;Ljava/lang/Object;)V @ 13

Classes redefined (0 events):
No events

Internal exceptions (10 events):
Event: 3,697 Thread 0x00007f12683dc000 Exception <a 'java/security/PrivilegedActionException'> (0x00000000ebae65f8) thrown at [/HUDSON/workspace/8-2-build-linux-amd64/jdk8u161/10277/hotspot/src/share/vm/prims/jvm.cpp, line 1390]
Event: 3,697 Thread 0x00007f12683dc000 Exception <a 'java/security/PrivilegedActionException'> (0x00000000ebae7828) thrown at [/HUDSON/workspace/8-2-build-linux-amd64/jdk8u161/10277/hotspot/src/share/vm/prims/jvm.cpp, line 1390]
Event: 3,697 Thread 0x00007f12683dc000 Exception <a 'java/security/PrivilegedActionException'> (0x00000000ebae8480) thrown at [/HUDSON/workspace/8-2-build-linux-amd64/jdk8u161/10277/hotspot/src/share/vm/prims/jvm.cpp, line 1390]
Event: 3,697 Thread 0x00007f12683dc000 Exception <a 'java/security/PrivilegedActionException'> (0x00000000ebae90a8) thrown at [/HUDSON/workspace/8-2-build-linux-amd64/jdk8u161/10277/hotspot/src/share/vm/prims/jvm.cpp, line 1390]
Event: 3,697 Thread 0x00007f12683dc000 Exception <a 'java/security/PrivilegedActionException'> (0x00000000ebaea298) thrown at [/HUDSON/workspace/8-2-build-linux-amd64/jdk8u161/10277/hotspot/src/share/vm/prims/jvm.cpp, line 1390]
Event: 3,697 Thread 0x00007f12683dc000 Exception <a 'java/security/PrivilegedActionException'> (0x00000000ebaeaef0) thrown at [/HUDSON/workspace/8-2-build-linux-amd64/jdk8u161/10277/hotspot/src/share/vm/prims/jvm.cpp, line 1390]
Event: 3,697 Thread 0x00007f12683dc000 Exception <a 'java/security/PrivilegedActionException'> (0x00000000ebaebb18) thrown at [/HUDSON/workspace/8-2-build-linux-amd64/jdk8u161/10277/hotspot/src/share/vm/prims/jvm.cpp, line 1390]
Event: 15,997 Thread 0x00007f12683e0800 Implicit null exception at 0x00007f12595da641 to 0x00007f12595ddb1d
Event: 15,997 Thread 0x00007f12683e0800 Implicit null exception at 0x00007f12594a87de to 0x00007f12594ac9fd
Event: 16,000 Thread 0x00007f12683e0800 Implicit null exception at 0x00007f1259596674 to 0x00007f1259599c61

Events (10 events):
Event: 69,969 Thread 0x00007f12683dc000 Uncommon trap: trap_request=0xffffffd6 fr.pc=0x00007f1259913eb8
Event: 69,969 Thread 0x00007f12683dc000 DEOPT PACKING pc=0x00007f1259913eb8 sp=0x00007f124818f7b0
Event: 69,969 Thread 0x00007f12683dc000 DEOPT UNPACKING pc=0x00007f125904573a sp=0x00007f124818f768 mode 2
Event: 70,695 Thread 0x00007f12683dc000 Uncommon trap: trap_request=0xffffffd6 fr.pc=0x00007f1259908ec8
Event: 70,695 Thread 0x00007f12683dc000 DEOPT PACKING pc=0x00007f1259908ec8 sp=0x00007f124818f7c0
Event: 70,695 Thread 0x00007f12683dc000 DEOPT UNPACKING pc=0x00007f125904573a sp=0x00007f124818f768 mode 2
Event: 101,581 Thread 0x00007f1268181000 flushing nmethod 0x00007f125910ee10
Event: 101,581 Thread 0x00007f1268181000 flushing nmethod 0x00007f1259136ad0
Event: 103,964 Thread 0x00007f1268186000 flushing nmethod 0x00007f1259196c10
Event: 103,964 Thread 0x00007f1268186000 flushing nmethod 0x00007f12591add10


Dynamic libraries:
00400000-00401000 r-xp 00000000 08:01 799722                             /usr/lib/jvm/java-8-oracle/jre/bin/java
00600000-00601000 rw-p 00000000 08:01 799722                             /usr/lib/jvm/java-8-oracle/jre/bin/java
01b6d000-01b8e000 rw-p 00000000 00:00 0                                  [heap]
c2800000-c8980000 rw-p 00000000 00:00 0 
c8980000-eb800000 ---p 00000000 00:00 0 
eb800000-fb600000 rw-p 00000000 00:00 0 
fb600000-100000000 ---p 00000000 00:00 0 
100000000-1002a0000 rw-p 00000000 00:00 0 
1002a0000-140000000 ---p 00000000 00:00 0 
7f11b8000000-7f11b8021000 rw-p 00000000 00:00 0 
7f11b8021000-7f11bc000000 ---p 00000000 00:00 0 
7f11c0000000-7f11c0021000 rw-p 00000000 00:00 0 
7f11c0021000-7f11c4000000 ---p 00000000 00:00 0 
7f11c4000000-7f11c4021000 rw-p 00000000 00:00 0 
7f11c4021000-7f11c8000000 ---p 00000000 00:00 0 
7f11c8000000-7f11c899b000 rw-p 00000000 00:00 0 
7f11c899b000-7f11cc000000 ---p 00000000 00:00 0 
7f11cc000000-7f11ccb9b000 rw-p 00000000 00:00 0 
7f11ccb9b000-7f11d0000000 ---p 00000000 00:00 0 
7f11d0000000-7f11d0021000 rw-p 00000000 00:00 0 
7f11d0021000-7f11d4000000 ---p 00000000 00:00 0 
7f11d7fff000-7f11dc000000 rw-s 00000000 00:16 45026                      /dev/shm/pulse-shm-3159587591
7f11dc000000-7f11dc021000 rw-p 00000000 00:00 0 
7f11dc021000-7f11e0000000 ---p 00000000 00:00 0 
7f11e007f000-7f11e0082000 ---p 00000000 00:00 0 
7f11e0082000-7f11e0180000 rw-p 00000000 00:00 0 
7f11e0180000-7f11e0183000 ---p 00000000 00:00 0 
7f11e0183000-7f11e0281000 rw-p 00000000 00:00 0 
7f11e0281000-7f11e0284000 ---p 00000000 00:00 0 
7f11e0284000-7f11e13ad000 rw-p 00000000 00:00 0 
7f11e13ad000-7f11e13ed000 ---p 00000000 00:00 0 
7f11e13ed000-7f11e13f0000 ---p 00000000 00:00 0 
7f11e13f0000-7f11e14ee000 rw-p 00000000 00:00 0 
7f11e14ee000-7f11e14f1000 ---p 00000000 00:00 0 
7f11e14f1000-7f11e15ef000 rw-p 00000000 00:00 0 
7f11e15ef000-7f11e15f2000 ---p 00000000 00:00 0 
7f11e15f2000-7f11e16f0000 rw-p 00000000 00:00 0 
7f11e16f0000-7f11e16f3000 ---p 00000000 00:00 0 
7f11e16f3000-7f11e17f1000 rw-p 00000000 00:00 0 
7f11e17f1000-7f11e17f4000 ---p 00000000 00:00 0 
7f11e17f4000-7f11e22f5000 rw-p 00000000 00:00 0 
7f11e22f5000-7f11e2330000 r-xp 00000000 08:01 799989                     /usr/lib/jvm/java-8-oracle/jre/lib/amd64/libjpeg.so
7f11e2330000-7f11e252f000 ---p 0003b000 08:01 799989                     /usr/lib/jvm/java-8-oracle/jre/lib/amd64/libjpeg.so
7f11e252f000-7f11e2530000 rw-p 0003a000 08:01 799989                     /usr/lib/jvm/java-8-oracle/jre/lib/amd64/libjpeg.so
7f11e2530000-7f11e2730000 rw-p 00000000 00:00 0 
7f11e2730000-7f11e6731000 rw-s 00000000 00:16 68297                      /dev/shm/pulse-shm-1313468849
7f11e6731000-7f11e6732000 ---p 00000000 00:00 0 
7f11e6732000-7f11e6f32000 rw-p 00000000 00:00 0 
7f11e6f32000-7f11e6f5c000 r-xp 00000000 08:01 535397                     /usr/lib/x86_64-linux-gnu/libvorbis.so.0.4.8
7f11e6f5c000-7f11e715c000 ---p 0002a000 08:01 535397                     /usr/lib/x86_64-linux-gnu/libvorbis.so.0.4.8
7f11e715c000-7f11e715d000 r--p 0002a000 08:01 535397                     /usr/lib/x86_64-linux-gnu/libvorbis.so.0.4.8
7f11e715d000-7f11e715e000 rw-p 0002b000 08:01 535397                     /usr/lib/x86_64-linux-gnu/libvorbis.so.0.4.8
7f11e715e000-7f11e7165000 r-xp 00000000 08:01 535055                     /usr/lib/x86_64-linux-gnu/libogg.so.0.8.2
7f11e7165000-7f11e7365000 ---p 00007000 08:01 535055                     /usr/lib/x86_64-linux-gnu/libogg.so.0.8.2
7f11e7365000-7f11e7366000 r--p 00007000 08:01 535055                     /usr/lib/x86_64-linux-gnu/libogg.so.0.8.2
7f11e7366000-7f11e7367000 rw-p 00008000 08:01 535055                     /usr/lib/x86_64-linux-gnu/libogg.so.0.8.2
7f11e7367000-7f11e7379000 r-xp 00000000 08:01 267900                     /lib/x86_64-linux-gnu/libgpg-error.so.0.17.0
7f11e7379000-7f11e7579000 ---p 00012000 08:01 267900                     /lib/x86_64-linux-gnu/libgpg-error.so.0.17.0
7f11e7579000-7f11e757a000 r--p 00012000 08:01 267900                     /lib/x86_64-linux-gnu/libgpg-error.so.0.17.0
7f11e757a000-7f11e757b000 rw-p 00013000 08:01 267900                     /lib/x86_64-linux-gnu/libgpg-error.so.0.17.0
7f11e757b000-7f11e75e9000 r-xp 00000000 08:01 267985                     /lib/x86_64-linux-gnu/libpcre.so.3.13.2
7f11e75e9000-7f11e77e9000 ---p 0006e000 08:01 267985                     /lib/x86_64-linux-gnu/libpcre.so.3.13.2
7f11e77e9000-7f11e77ea000 r--p 0006e000 08:01 267985                     /lib/x86_64-linux-gnu/libpcre.so.3.13.2
7f11e77ea000-7f11e77eb000 rw-p 0006f000 08:01 267985                     /lib/x86_64-linux-gnu/libpcre.so.3.13.2
7f11e77eb000-7f11e7802000 r-xp 00000000 08:01 268008                     /lib/x86_64-linux-gnu/libresolv-2.23.so
7f11e7802000-7f11e7a02000 ---p 00017000 08:01 268008                     /lib/x86_64-linux-gnu/libresolv-2.23.so
7f11e7a02000-7f11e7a03000 r--p 00017000 08:01 268008                     /lib/x86_64-linux-gnu/libresolv-2.23.so
7f11e7a03000-7f11e7a04000 rw-p 00018000 08:01 268008                     /lib/x86_64-linux-gnu/libresolv-2.23.so
7f11e7a04000-7f11e7a06000 rw-p 00000000 00:00 0 
7f11e7a06000-7f11e7a93000 r-xp 00000000 08:01 535399                     /usr/lib/x86_64-linux-gnu/libvorbisenc.so.2.0.11
7f11e7a93000-7f11e7c92000 ---p 0008d000 08:01 535399                     /usr/lib/x86_64-linux-gnu/libvorbisenc.so.2.0.11
7f11e7c92000-7f11e7cae000 r--p 0008c000 08:01 535399                     /usr/lib/x86_64-linux-gnu/libvorbisenc.so.2.0.11
7f11e7cae000-7f11e7caf000 rw-p 000a8000 08:01 535399                     /usr/lib/x86_64-linux-gnu/libvorbisenc.so.2.0.11
7f11e7caf000-7f11e7d22000 r-xp 00000000 08:01 533923                     /usr/lib/x86_64-linux-gnu/libFLAC.so.8.3.0
7f11e7d22000-7f11e7f22000 ---p 00073000 08:01 533923                     /usr/lib/x86_64-linux-gnu/libFLAC.so.8.3.0
7f11e7f22000-7f11e7f23000 r--p 00073000 08:01 533923                     /usr/lib/x86_64-linux-gnu/libFLAC.so.8.3.0
7f11e7f23000-7f11e7f24000 rw-p 00074000 08:01 533923                     /usr/lib/x86_64-linux-gnu/libFLAC.so.8.3.0
7f11e7f24000-7f11e7ffc000 r-xp 00000000 08:01 267896                     /lib/x86_64-linux-gnu/libgcrypt.so.20.0.5
7f11e7ffc000-7f11e81fb000 ---p 000d8000 08:01 267896                     /lib/x86_64-linux-gnu/libgcrypt.so.20.0.5
7f11e81fb000-7f11e81fc000 r--p 000d7000 08:01 267896                     /lib/x86_64-linux-gnu/libgcrypt.so.20.0.5
7f11e81fc000-7f11e8204000 rw-p 000d8000 08:01 267896                     /lib/x86_64-linux-gnu/libgcrypt.so.20.0.5
7f11e8204000-7f11e8205000 rw-p 00000000 00:00 0 
7f11e8205000-7f11e8226000 r-xp 00000000 08:01 267923                     /lib/x86_64-linux-gnu/liblzma.so.5.0.0
7f11e8226000-7f11e8425000 ---p 00021000 08:01 267923                     /lib/x86_64-linux-gnu/liblzma.so.5.0.0
7f11e8425000-7f11e8426000 r--p 00020000 08:01 267923                     /lib/x86_64-linux-gnu/liblzma.so.5.0.0
7f11e8426000-7f11e8427000 rw-p 00021000 08:01 267923                     /lib/x86_64-linux-gnu/liblzma.so.5.0.0
7f11e8427000-7f11e8446000 r-xp 00000000 08:01 268014                     /lib/x86_64-linux-gnu/libselinux.so.1
7f11e8446000-7f11e8645000 ---p 0001f000 08:01 268014                     /lib/x86_64-linux-gnu/libselinux.so.1
7f11e8645000-7f11e8646000 r--p 0001e000 08:01 268014                     /lib/x86_64-linux-gnu/libselinux.so.1
7f11e8646000-7f11e8647000 rw-p 0001f000 08:01 268014                     /lib/x86_64-linux-gnu/libselinux.so.1
7f11e8647000-7f11e8649000 rw-p 00000000 00:00 0 
7f11e8649000-7f11e864e000 r-xp 00000000 08:01 534181                     /usr/lib/x86_64-linux-gnu/libasyncns.so.0.3.1
7f11e864e000-7f11e884d000 ---p 00005000 08:01 534181                     /usr/lib/x86_64-linux-gnu/libasyncns.so.0.3.1
7f11e884d000-7f11e884e000 r--p 00004000 08:01 534181                     /usr/lib/x86_64-linux-gnu/libasyncns.so.0.3.1
7f11e884e000-7f11e884f000 rw-p 00005000 08:01 534181                     /usr/lib/x86_64-linux-gnu/libasyncns.so.0.3.1
7f11e884f000-7f11e88b1000 r-xp 00000000 08:01 535271                     /usr/lib/x86_64-linux-gnu/libsndfile.so.1.0.25
7f11e88b1000-7f11e8ab1000 ---p 00062000 08:01 535271                     /usr/lib/x86_64-linux-gnu/libsndfile.so.1.0.25
7f11e8ab1000-7f11e8ab3000 r--p 00062000 08:01 535271                     /usr/lib/x86_64-linux-gnu/libsndfile.so.1.0.25
7f11e8ab3000-7f11e8ab4000 rw-p 00064000 08:01 535271                     /usr/lib/x86_64-linux-gnu/libsndfile.so.1.0.25
7f11e8ab4000-7f11e8ab8000 rw-p 00000000 00:00 0 
7f11e8ab8000-7f11e8ac0000 r-xp 00000000 08:01 268042                     /lib/x86_64-linux-gnu/libwrap.so.0.7.6
7f11e8ac0000-7f11e8cbf000 ---p 00008000 08:01 268042                     /lib/x86_64-linux-gnu/libwrap.so.0.7.6
7f11e8cbf000-7f11e8cc0000 r--p 00007000 08:01 268042                     /lib/x86_64-linux-gnu/libwrap.so.0.7.6
7f11e8cc0000-7f11e8cc1000 rw-p 00008000 08:01 268042                     /lib/x86_64-linux-gnu/libwrap.so.0.7.6
7f11e8cc1000-7f11e8cc2000 rw-p 00000000 00:00 0 
7f11e8cc2000-7f11e8d0c000 r-xp 00000000 08:01 267872                     /lib/x86_64-linux-gnu/libdbus-1.so.3.14.6
7f11e8d0c000-7f11e8f0c000 ---p 0004a000 08:01 267872                     /lib/x86_64-linux-gnu/libdbus-1.so.3.14.6
7f11e8f0c000-7f11e8f0d000 r--p 0004a000 08:01 267872                     /lib/x86_64-linux-gnu/libdbus-1.so.3.14.6
7f11e8f0d000-7f11e8f0e000 rw-p 0004b000 08:01 267872                     /lib/x86_64-linux-gnu/libdbus-1.so.3.14.6
7f11e8f0e000-7f11e8f88000 r-xp 00000000 08:01 792664                     /usr/lib/x86_64-linux-gnu/pulseaudio/libpulsecommon-8.0.so
7f11e8f88000-7f11e9187000 ---p 0007a000 08:01 792664                     /usr/lib/x86_64-linux-gnu/pulseaudio/libpulsecommon-8.0.so
7f11e9187000-7f11e9188000 r--p 00079000 08:01 792664                     /usr/lib/x86_64-linux-gnu/pulseaudio/libpulsecommon-8.0.so
7f11e9188000-7f11e9189000 rw-p 0007a000 08:01 792664                     /usr/lib/x86_64-linux-gnu/pulseaudio/libpulsecommon-8.0.so
7f11e9189000-7f11e9193000 r-xp 00000000 08:01 267915                     /lib/x86_64-linux-gnu/libjson-c.so.2.0.0
7f11e9193000-7f11e9392000 ---p 0000a000 08:01 267915                     /lib/x86_64-linux-gnu/libjson-c.so.2.0.0
7f11e9392000-7f11e9393000 r--p 00009000 08:01 267915                     /lib/x86_64-linux-gnu/libjson-c.so.2.0.0
7f11e9393000-7f11e9394000 rw-p 0000a000 08:01 267915                     /lib/x86_64-linux-gnu/libjson-c.so.2.0.0
7f11e9394000-7f11e93e2000 r-xp 00000000 08:01 535154                     /usr/lib/x86_64-linux-gnu/libpulse.so.0.19.0
7f11e93e2000-7f11e95e2000 ---p 0004e000 08:01 535154                     /usr/lib/x86_64-linux-gnu/libpulse.so.0.19.0
7f11e95e2000-7f11e95e3000 r--p 0004e000 08:01 535154                     /usr/lib/x86_64-linux-gnu/libpulse.so.0.19.0
7f11e95e3000-7f11e95e4000 rw-p 0004f000 08:01 535154                     /usr/lib/x86_64-linux-gnu/libpulse.so.0.19.0
7f11e95e4000-7f11e9639000 r-xp 00000000 08:01 1588288                    /home/fabiogr/Projects/IA941/Aula9/delivery/libopenal64.so
7f11e9639000-7f11e9838000 ---p 00055000 08:01 1588288                    /home/fabiogr/Projects/IA941/Aula9/delivery/libopenal64.so
7f11e9838000-7f11e983b000 r--p 00054000 08:01 1588288                    /home/fabiogr/Projects/IA941/Aula9/delivery/libopenal64.so
7f11e983b000-7f11e983c000 rw-p 00057000 08:01 1588288                    /home/fabiogr/Projects/IA941/Aula9/delivery/libopenal64.so
7f11e983c000-7f11e983d000 rw-p 00000000 00:00 0 
7f11e983d000-7f11ea23d000 rwxp 00000000 00:00 0 
7f11ea23d000-7f11ea43d000 rw-p 00000000 00:00 0 
7f11ea43d000-7f11eaa3f000 rw-p 00000000 00:00 0 
7f11eaa3f000-7f11eaa76000 r-xp 00000000 08:01 535347                     /usr/lib/x86_64-linux-gnu/libtxc_dxtn_s2tc.so.0.0.0
7f11eaa76000-7f11eac75000 ---p 00037000 08:01 535347                     /usr/lib/x86_64-linux-gnu/libtxc_dxtn_s2tc.so.0.0.0
7f11eac75000-7f11eac76000 r--p 00036000 08:01 535347                     /usr/lib/x86_64-linux-gnu/libtxc_dxtn_s2tc.so.0.0.0
7f11eac76000-7f11eac77000 rw-p 00037000 08:01 535347                     /usr/lib/x86_64-linux-gnu/libtxc_dxtn_s2tc.so.0.0.0
7f11eac77000-7f11eac78000 ---p 00000000 00:00 0 
7f11eac78000-7f11eb478000 rw-p 00000000 00:00 0 
7f11eb478000-7f11eb479000 ---p 00000000 00:00 0 
7f11eb479000-7f11ebc79000 rw-p 00000000 00:00 0 
7f11ebc79000-7f11ebc7a000 ---p 00000000 00:00 0 
7f11ebc7a000-7f11ec47a000 rw-p 00000000 00:00 0 
7f11ec47a000-7f11ec47b000 ---p 00000000 00:00 0 
7f11ec47b000-7f11ecc7b000 rw-p 00000000 00:00 0 
7f11ecc7b000-7f11ecc8e000 r-xp 00000000 08:01 267852                     /lib/x86_64-linux-gnu/libbsd.so.0.8.2
7f11ecc8e000-7f11ece8d000 ---p 00013000 08:01 267852                     /lib/x86_64-linux-gnu/libbsd.so.0.8.2
7f11ece8d000-7f11ece8e000 r--p 00012000 08:01 267852                     /lib/x86_64-linux-gnu/libbsd.so.0.8.2
7f11ece8e000-7f11ece8f000 rw-p 00013000 08:01 267852                     /lib/x86_64-linux-gnu/libbsd.so.0.8.2
7f11ece8f000-7f11ece90000 rw-p 00000000 00:00 0 
7f11ece90000-7f11eceb5000 r-xp 00000000 08:01 268028                     /lib/x86_64-linux-gnu/libtinfo.so.5.9
7f11eceb5000-7f11ed0b4000 ---p 00025000 08:01 268028                     /lib/x86_64-linux-gnu/libtinfo.so.5.9
7f11ed0b4000-7f11ed0b8000 r--p 00024000 08:01 268028                     /lib/x86_64-linux-gnu/libtinfo.so.5.9
7f11ed0b8000-7f11ed0b9000 rw-p 00028000 08:01 268028                     /lib/x86_64-linux-gnu/libtinfo.so.5.9
7f11ed0b9000-7f11efc97000 r-xp 00000000 08:01 533955                     /usr/lib/x86_64-linux-gnu/libLLVM-4.0.so.1
7f11efc97000-7f11efc98000 ---p 02bde000 08:01 533955                     /usr/lib/x86_64-linux-gnu/libLLVM-4.0.so.1
7f11efc98000-7f11effac000 r--p 02bde000 08:01 533955                     /usr/lib/x86_64-linux-gnu/libLLVM-4.0.so.1
7f11effac000-7f11effb1000 rw-p 02ef2000 08:01 533955                     /usr/lib/x86_64-linux-gnu/libLLVM-4.0.so.1
7f11effb1000-7f11f0000000 rw-p 00000000 00:00 0 
7f11f0000000-7f11f0021000 rw-p 00000000 00:00 0 
7f11f0021000-7f11f4000000 ---p 00000000 00:00 0 
7f11f4000000-7f11f4021000 rw-p 00000000 00:00 0 
7f11f4021000-7f11f8000000 ---p 00000000 00:00 0 
7f11f80f5000-7f11f8126000 r-xp 00000000 08:01 534426                     /usr/lib/x86_64-linux-gnu/libedit.so.2.0.53
7f11f8126000-7f11f8326000 ---p 00031000 08:01 534426                     /usr/lib/x86_64-linux-gnu/libedit.so.2.0.53
7f11f8326000-7f11f8328000 r--p 00031000 08:01 534426                     /usr/lib/x86_64-linux-gnu/libedit.so.2.0.53
7f11f8328000-7f11f8329000 rw-p 00033000 08:01 534426                     /usr/lib/x86_64-linux-gnu/libedit.so.2.0.53
7f11f8329000-7f11f832d000 rw-p 00000000 00:00 0 
7f11f832d000-7f11f8334000 r-xp 00000000 08:01 534467                     /usr/lib/x86_64-linux-gnu/libffi.so.6.0.4
7f11f8334000-7f11f8533000 ---p 00007000 08:01 534467                     /usr/lib/x86_64-linux-gnu/libffi.so.6.0.4
7f11f8533000-7f11f8534000 r--p 00006000 08:01 534467                     /usr/lib/x86_64-linux-gnu/libffi.so.6.0.4
7f11f8534000-7f11f8535000 rw-p 00007000 08:01 534467                     /usr/lib/x86_64-linux-gnu/libffi.so.6.0.4
7f11f8535000-7f11f854e000 r-xp 00000000 08:01 268047                     /lib/x86_64-linux-gnu/libz.so.1.2.8
7f11f854e000-7f11f874d000 ---p 00019000 08:01 268047                     /lib/x86_64-linux-gnu/libz.so.1.2.8
7f11f874d000-7f11f874e000 r--p 00018000 08:01 268047                     /lib/x86_64-linux-gnu/libz.so.1.2.8
7f11f874e000-7f11f874f000 rw-p 00019000 08:01 268047                     /lib/x86_64-linux-gnu/libz.so.1.2.8
7f11f874f000-7f11f88c1000 r-xp 00000000 08:01 535297                     /usr/lib/x86_64-linux-gnu/libstdc++.so.6.0.21
7f11f88c1000-7f11f8ac1000 ---p 00172000 08:01 535297                     /usr/lib/x86_64-linux-gnu/libstdc++.so.6.0.21
7f11f8ac1000-7f11f8acb000 r--p 00172000 08:01 535297                     /usr/lib/x86_64-linux-gnu/libstdc++.so.6.0.21
7f11f8acb000-7f11f8acd000 rw-p 0017c000 08:01 535297                     /usr/lib/x86_64-linux-gnu/libstdc++.so.6.0.21
7f11f8acd000-7f11f8ad1000 rw-p 00000000 00:00 0 
7f11f8ad1000-7f11f8ae8000 r-xp 00000000 08:01 534431                     /usr/lib/x86_64-linux-gnu/libelf-0.165.so
7f11f8ae8000-7f11f8ce7000 ---p 00017000 08:01 534431                     /usr/lib/x86_64-linux-gnu/libelf-0.165.so
7f11f8ce7000-7f11f8ce8000 r--p 00016000 08:01 534431                     /usr/lib/x86_64-linux-gnu/libelf-0.165.so
7f11f8ce8000-7f11f8ce9000 rw-p 00017000 08:01 534431                     /usr/lib/x86_64-linux-gnu/libelf-0.165.so
7f11f8ce9000-7f11f8cf2000 r-xp 00000000 08:01 534396                     /usr/lib/x86_64-linux-gnu/libdrm_amdgpu.so.1.0.0
7f11f8cf2000-7f11f8ef1000 ---p 00009000 08:01 534396                     /usr/lib/x86_64-linux-gnu/libdrm_amdgpu.so.1.0.0
7f11f8ef1000-7f11f8ef2000 r--p 00008000 08:01 534396                     /usr/lib/x86_64-linux-gnu/libdrm_amdgpu.so.1.0.0
7f11f8ef2000-7f11f8ef3000 rw-p 00009000 08:01 534396                     /usr/lib/x86_64-linux-gnu/libdrm_amdgpu.so.1.0.0
7f11f8ef3000-7f11f8efe000 r-xp 00000000 08:01 534402                     /usr/lib/x86_64-linux-gnu/libdrm_radeon.so.1.0.1
7f11f8efe000-7f11f90fd000 ---p 0000b000 08:01 534402                     /usr/lib/x86_64-linux-gnu/libdrm_radeon.so.1.0.1
7f11f90fd000-7f11f90fe000 r--p 0000a000 08:01 534402                     /usr/lib/x86_64-linux-gnu/libdrm_radeon.so.1.0.1
7f11f90fe000-7f11f90ff000 rw-p 0000b000 08:01 534402                     /usr/lib/x86_64-linux-gnu/libdrm_radeon.so.1.0.1
7f11f90ff000-7f11f9106000 r-xp 00000000 08:01 534400                     /usr/lib/x86_64-linux-gnu/libdrm_nouveau.so.2.0.0
7f11f9106000-7f11f9305000 ---p 00007000 08:01 534400                     /usr/lib/x86_64-linux-gnu/libdrm_nouveau.so.2.0.0
7f11f9305000-7f11f9306000 r--p 00006000 08:01 534400                     /usr/lib/x86_64-linux-gnu/libdrm_nouveau.so.2.0.0
7f11f9306000-7f11f9307000 rw-p 00007000 08:01 534400                     /usr/lib/x86_64-linux-gnu/libdrm_nouveau.so.2.0.0
7f11f9307000-7f11f9315000 r-xp 00000000 08:01 535241                     /usr/lib/x86_64-linux-gnu/libsensors.so.4.4.0
7f11f9315000-7f11f9514000 ---p 0000e000 08:01 535241                     /usr/lib/x86_64-linux-gnu/libsensors.so.4.4.0
7f11f9514000-7f11f9515000 r--p 0000d000 08:01 535241                     /usr/lib/x86_64-linux-gnu/libsensors.so.4.4.0
7f11f9515000-7f11f9516000 rw-p 0000e000 08:01 535241                     /usr/lib/x86_64-linux-gnu/libsensors.so.4.4.0
7f11f9516000-7f11f9ea3000 r-xp 00000000 08:01 789857                     /usr/lib/x86_64-linux-gnu/dri/swrast_dri.so
7f11f9ea3000-7f11fa0a3000 ---p 0098d000 08:01 789857                     /usr/lib/x86_64-linux-gnu/dri/swrast_dri.so
7f11fa0a3000-7f11fa0de000 r--p 0098d000 08:01 789857                     /usr/lib/x86_64-linux-gnu/dri/swrast_dri.so
7f11fa0de000-7f11fa0ea000 rw-p 009c8000 08:01 789857                     /usr/lib/x86_64-linux-gnu/dri/swrast_dri.so
7f11fa0ea000-7f11fa2e1000 rw-p 00000000 00:00 0 
7f11fa2e1000-7f11fa2f1000 r-xp 00000000 08:01 534394                     /usr/lib/x86_64-linux-gnu/libdrm.so.2.4.0
7f11fa2f1000-7f11fa4f0000 ---p 00010000 08:01 534394                     /usr/lib/x86_64-linux-gnu/libdrm.so.2.4.0
7f11fa4f0000-7f11fa4f1000 r--p 0000f000 08:01 534394                     /usr/lib/x86_64-linux-gnu/libdrm.so.2.4.0
7f11fa4f1000-7f11fa4f2000 rw-p 00010000 08:01 534394                     /usr/lib/x86_64-linux-gnu/libdrm.so.2.4.0
7f11fa4f2000-7f11fa4f6000 r-xp 00000000 08:01 535496                     /usr/lib/x86_64-linux-gnu/libxcb-dri2.so.0.0.0
7f11fa4f6000-7f11fa6f5000 ---p 00004000 08:01 535496                     /usr/lib/x86_64-linux-gnu/libxcb-dri2.so.0.0.0
7f11fa6f5000-7f11fa6f6000 r--p 00003000 08:01 535496                     /usr/lib/x86_64-linux-gnu/libxcb-dri2.so.0.0.0
7f11fa6f6000-7f11fa6f7000 rw-p 00004000 08:01 535496                     /usr/lib/x86_64-linux-gnu/libxcb-dri2.so.0.0.0
7f11fa6f7000-7f11fa70e000 r-xp 00000000 08:01 535500                     /usr/lib/x86_64-linux-gnu/libxcb-glx.so.0.0.0
7f11fa70e000-7f11fa90d000 ---p 00017000 08:01 535500                     /usr/lib/x86_64-linux-gnu/libxcb-glx.so.0.0.0
7f11fa90d000-7f11fa90f000 r--p 00016000 08:01 535500                     /usr/lib/x86_64-linux-gnu/libxcb-glx.so.0.0.0
7f11fa90f000-7f11fa910000 rw-p 00018000 08:01 535500                     /usr/lib/x86_64-linux-gnu/libxcb-glx.so.0.0.0
7f11fa910000-7f11fa911000 r-xp 00000000 08:01 534076                     /usr/lib/x86_64-linux-gnu/libX11-xcb.so.1.0.0
7f11fa911000-7f11fab10000 ---p 00001000 08:01 534076                     /usr/lib/x86_64-linux-gnu/libX11-xcb.so.1.0.0
7f11fab10000-7f11fab11000 r--p 00000000 08:01 534076                     /usr/lib/x86_64-linux-gnu/libX11-xcb.so.1.0.0
7f11fab11000-7f11fab12000 rw-p 00001000 08:01 534076                     /usr/lib/x86_64-linux-gnu/libX11-xcb.so.1.0.0
7f11fab12000-7f11fab14000 r-xp 00000000 08:01 534091                     /usr/lib/x86_64-linux-gnu/libXdamage.so.1.1.0
7f11fab14000-7f11fad13000 ---p 00002000 08:01 534091                     /usr/lib/x86_64-linux-gnu/libXdamage.so.1.1.0
7f11fad13000-7f11fad14000 r--p 00001000 08:01 534091                     /usr/lib/x86_64-linux-gnu/libXdamage.so.1.1.0
7f11fad14000-7f11fad15000 rw-p 00002000 08:01 534091                     /usr/lib/x86_64-linux-gnu/libXdamage.so.1.1.0
7f11fad15000-7f11fad3f000 r-xp 00000000 08:01 534613                     /usr/lib/x86_64-linux-gnu/libglapi.so.0.0.0
7f11fad3f000-7f11faf3e000 ---p 0002a000 08:01 534613                     /usr/lib/x86_64-linux-gnu/libglapi.so.0.0.0
7f11faf3e000-7f11faf42000 r--p 00029000 08:01 534613                     /usr/lib/x86_64-linux-gnu/libglapi.so.0.0.0
7f11faf42000-7f11faf43000 rw-p 0002d000 08:01 534613                     /usr/lib/x86_64-linux-gnu/libglapi.so.0.0.0
7f11faf43000-7f11faf44000 rw-p 00000000 00:00 0 
7f11faf44000-7f11faf45000 r-xp 00000000 08:01 535567                     /usr/lib/x86_64-linux-gnu/libxshmfence.so.1.0.0
7f11faf45000-7f11fb145000 ---p 00001000 08:01 535567                     /usr/lib/x86_64-linux-gnu/libxshmfence.so.1.0.0
7f11fb145000-7f11fb146000 r--p 00001000 08:01 535567                     /usr/lib/x86_64-linux-gnu/libxshmfence.so.1.0.0
7f11fb146000-7f11fb147000 rw-p 00002000 08:01 535567                     /usr/lib/x86_64-linux-gnu/libxshmfence.so.1.0.0
7f11fb147000-7f11fb14c000 r-xp 00000000 08:01 535520                     /usr/lib/x86_64-linux-gnu/libxcb-sync.so.1.0.0
7f11fb14c000-7f11fb34c000 ---p 00005000 08:01 535520                     /usr/lib/x86_64-linux-gnu/libxcb-sync.so.1.0.0
7f11fb34c000-7f11fb34d000 r--p 00005000 08:01 535520                     /usr/lib/x86_64-linux-gnu/libxcb-sync.so.1.0.0
7f11fb34d000-7f11fb34e000 rw-p 00006000 08:01 535520                     /usr/lib/x86_64-linux-gnu/libxcb-sync.so.1.0.0
7f11fb34e000-7f11fb350000 r-xp 00000000 08:01 535508                     /usr/lib/x86_64-linux-gnu/libxcb-present.so.0.0.0
7f11fb350000-7f11fb54f000 ---p 00002000 08:01 535508                     /usr/lib/x86_64-linux-gnu/libxcb-present.so.0.0.0
7f11fb54f000-7f11fb550000 r--p 00001000 08:01 535508                     /usr/lib/x86_64-linux-gnu/libxcb-present.so.0.0.0
7f11fb550000-7f11fb551000 rw-p 00002000 08:01 535508                     /usr/lib/x86_64-linux-gnu/libxcb-present.so.0.0.0
7f11fb551000-7f11fb553000 r-xp 00000000 08:01 535498                     /usr/lib/x86_64-linux-gnu/libxcb-dri3.so.0.0.0
7f11fb553000-7f11fb752000 ---p 00002000 08:01 535498                     /usr/lib/x86_64-linux-gnu/libxcb-dri3.so.0.0.0
7f11fb752000-7f11fb753000 r--p 00001000 08:01 535498                     /usr/lib/x86_64-linux-gnu/libxcb-dri3.so.0.0.0
7f11fb753000-7f11fb754000 rw-p 00002000 08:01 535498                     /usr/lib/x86_64-linux-gnu/libxcb-dri3.so.0.0.0
7f11fb754000-7f11fb77a000 r-xp 00000000 08:01 267887                     /lib/x86_64-linux-gnu/libexpat.so.1.6.0
7f11fb77a000-7f11fb97a000 ---p 00026000 08:01 267887                     /lib/x86_64-linux-gnu/libexpat.so.1.6.0
7f11fb97a000-7f11fb97c000 r--p 00026000 08:01 267887                     /lib/x86_64-linux-gnu/libexpat.so.1.6.0
7f11fb97c000-7f11fb97d000 rw-p 00028000 08:01 267887                     /lib/x86_64-linux-gnu/libexpat.so.1.6.0
7f11fb97d000-7f11fb9eb000 r-xp 00000000 08:01 791494                     /usr/lib/x86_64-linux-gnu/mesa/libGL.so.1.2.0
7f11fb9eb000-7f11fbbea000 ---p 0006e000 08:01 791494                     /usr/lib/x86_64-linux-gnu/mesa/libGL.so.1.2.0
7f11fbbea000-7f11fbbed000 r--p 0006d000 08:01 791494                     /usr/lib/x86_64-linux-gnu/mesa/libGL.so.1.2.0
7f11fbbed000-7f11fbbee000 rw-p 00070000 08:01 791494                     /usr/lib/x86_64-linux-gnu/mesa/libGL.so.1.2.0
7f11fbbee000-7f11fbbef000 rw-p 00000000 00:00 0 
7f11fbbef000-7f11fbbf4000 r-xp 00000000 08:01 534131                     /usr/lib/x86_64-linux-gnu/libXxf86vm.so.1.0.0
7f11fbbf4000-7f11fbdf3000 ---p 00005000 08:01 534131                     /usr/lib/x86_64-linux-gnu/libXxf86vm.so.1.0.0
7f11fbdf3000-7f11fbdf4000 r--p 00004000 08:01 534131                     /usr/lib/x86_64-linux-gnu/libXxf86vm.so.1.0.0
7f11fbdf4000-7f11fbdf5000 rw-p 00005000 08:01 534131                     /usr/lib/x86_64-linux-gnu/libXxf86vm.so.1.0.0
7f11fbdf5000-7f11fbdff000 r-xp 00000000 08:01 534113                     /usr/lib/x86_64-linux-gnu/libXrandr.so.2.2.0
7f11fbdff000-7f11fbffe000 ---p 0000a000 08:01 534113                     /usr/lib/x86_64-linux-gnu/libXrandr.so.2.2.0
7f11fbffe000-7f11fbfff000 r--p 00009000 08:01 534113                     /usr/lib/x86_64-linux-gnu/libXrandr.so.2.2.0
7f11fbfff000-7f11fc000000 rw-p 0000a000 08:01 534113                     /usr/lib/x86_64-linux-gnu/libXrandr.so.2.2.0
7f11fc000000-7f11ff00b000 rw-p 00000000 00:00 0 
7f11ff00b000-7f1200000000 ---p 00000000 00:00 0 
7f1200000000-7f120003a000 rw-p 00000000 00:00 0 
7f120003a000-7f1204000000 ---p 00000000 00:00 0 
7f1204052000-7f1204057000 r--s 002f9000 08:01 799826                     /usr/lib/jvm/java-8-oracle/jre/lib/charsets.jar
7f1204057000-7f1204062000 r-xp 00000000 00:00 0 
7f1204062000-7f1204063000 ---p 00000000 00:00 0 
7f1204063000-7f1204163000 rw-p 00000000 00:00 0 
7f1204163000-7f12041e3000 r-xp 00000000 08:01 268024                     /lib/x86_64-linux-gnu/libsystemd.so.0.14.0
7f12041e3000-7f12041e6000 r--p 0007f000 08:01 268024                     /lib/x86_64-linux-gnu/libsystemd.so.0.14.0
7f12041e6000-7f12041e7000 rw-p 00082000 08:01 268024                     /lib/x86_64-linux-gnu/libsystemd.so.0.14.0
7f12041e7000-7f12041e8000 rw-p 00000000 00:00 0 
7f12041e8000-7f1204252000 r-xp 00000000 08:01 1588287                    /home/fabiogr/Projects/IA941/Aula9/delivery/liblwjgl64.so
7f1204252000-7f1204452000 ---p 0006a000 08:01 1588287                    /home/fabiogr/Projects/IA941/Aula9/delivery/liblwjgl64.so
7f1204452000-7f1204454000 r--p 0006a000 08:01 1588287                    /home/fabiogr/Projects/IA941/Aula9/delivery/liblwjgl64.so
7f1204454000-7f1204455000 rw-p 0006c000 08:01 1588287                    /home/fabiogr/Projects/IA941/Aula9/delivery/liblwjgl64.so
7f1204455000-7f1204456000 r-xp 00000000 08:01 800036                     /usr/lib/jvm/java-8-oracle/jre/lib/amd64/libjawt.so
7f1204456000-7f1204655000 ---p 00001000 08:01 800036                     /usr/lib/jvm/java-8-oracle/jre/lib/amd64/libjawt.so
7f1204655000-7f1204656000 rw-p 00000000 08:01 800036                     /usr/lib/jvm/java-8-oracle/jre/lib/amd64/libjawt.so
7f1204656000-7f1204659000 ---p 00000000 00:00 0 
7f1204659000-7f1204957000 rw-p 00000000 00:00 0 
7f1204957000-7f12049c1000 r-xp 00000000 08:01 800005                     /usr/lib/jvm/java-8-oracle/jre/lib/amd64/libt2k.so
7f12049c1000-7f1204bc0000 ---p 0006a000 08:01 800005                     /usr/lib/jvm/java-8-oracle/jre/lib/amd64/libt2k.so
7f1204bc0000-7f1204bc7000 rw-p 00069000 08:01 800005                     /usr/lib/jvm/java-8-oracle/jre/lib/amd64/libt2k.so
7f1204bc7000-7f1204bd7000 rw-p 00000000 00:00 0 
7f1204bd7000-7f1204be8000 r-xp 00000000 08:01 800045                     /usr/lib/jvm/java-8-oracle/jre/lib/amd64/libnio.so
7f1204be8000-7f1204de7000 ---p 00011000 08:01 800045                     /usr/lib/jvm/java-8-oracle/jre/lib/amd64/libnio.so
7f1204de7000-7f1204de8000 rw-p 00010000 08:01 800045                     /usr/lib/jvm/java-8-oracle/jre/lib/amd64/libnio.so
7f1204de8000-7f1207de9000 rw-p 00000000 00:00 0 
7f1207de9000-7f1207dff000 r-xp 00000000 08:01 800042                     /usr/lib/jvm/java-8-oracle/jre/lib/amd64/libnet.so
7f1207dff000-7f1207fff000 ---p 00016000 08:01 800042                     /usr/lib/jvm/java-8-oracle/jre/lib/amd64/libnet.so
7f1207fff000-7f1208000000 rw-p 00016000 08:01 800042                     /usr/lib/jvm/java-8-oracle/jre/lib/amd64/libnet.so
7f1208000000-7f1208021000 rw-p 00000000 00:00 0 
7f1208021000-7f120c000000 ---p 00000000 00:00 0 
7f120c000000-7f120c250000 rw-p 00000000 00:00 0 
7f120c250000-7f1210000000 ---p 00000000 00:00 0 
7f1210000000-7f1210021000 rw-p 00000000 00:00 0 
7f1210021000-7f1214000000 ---p 00000000 00:00 0 
7f1214000000-7f1214021000 rw-p 00000000 00:00 0 
7f1214021000-7f1218000000 ---p 00000000 00:00 0 
7f1218000000-7f1218021000 rw-p 00000000 00:00 0 
7f1218021000-7f121c000000 ---p 00000000 00:00 0 
7f121c000000-7f121c021000 rw-p 00000000 00:00 0 
7f121c021000-7f1220000000 ---p 00000000 00:00 0 
7f1220000000-7f1220021000 rw-p 00000000 00:00 0 
7f1220021000-7f1224000000 ---p 00000000 00:00 0 
7f1224000000-7f1224021000 rw-p 00000000 00:00 0 
7f1224021000-7f1228000000 ---p 00000000 00:00 0 
7f1228000000-7f1228d12000 rw-p 00000000 00:00 0 
7f1228d12000-7f122c000000 ---p 00000000 00:00 0 
7f122c000000-7f122cc46000 rw-p 00000000 00:00 0 
7f122cc46000-7f1230000000 ---p 00000000 00:00 0 
7f1230000000-7f1230021000 rw-p 00000000 00:00 0 
7f1230021000-7f1234000000 ---p 00000000 00:00 0 
7f1234000000-7f1235714000 rw-p 00000000 00:00 0 
7f1235714000-7f1238000000 ---p 00000000 00:00 0 
7f1238000000-7f1238021000 rw-p 00000000 00:00 0 
7f1238021000-7f123c000000 ---p 00000000 00:00 0 
7f123c000000-7f123c021000 rw-p 00000000 00:00 0 
7f123c021000-7f1240000000 ---p 00000000 00:00 0 
7f1240000000-7f1240021000 rw-p 00000000 00:00 0 
7f1240021000-7f1244000000 ---p 00000000 00:00 0 
7f1244000000-7f1244021000 rw-p 00000000 00:00 0 
7f1244021000-7f1248000000 ---p 00000000 00:00 0 
7f1248000000-7f124803d000 r-xp 00000000 00:00 0 
7f124803d000-7f1248050000 r--s 00345000 08:01 799866                     /usr/lib/jvm/java-8-oracle/jre/lib/resources.jar
7f1248050000-7f1248057000 r--s 00000000 08:01 790428                     /usr/lib/x86_64-linux-gnu/gconv/gconv-modules.cache
7f1248057000-7f124805a000 ---p 00000000 00:00 0 
7f124805a000-7f1248090000 rw-p 00000000 00:00 0 
7f1248090000-7f1248093000 ---p 00000000 00:00 0 
7f1248093000-7f1248391000 rw-p 00000000 00:00 0 
7f1248391000-7f1248394000 ---p 00000000 00:00 0 
7f1248394000-7f1248692000 rw-p 00000000 00:00 0 
7f1248692000-7f1248695000 ---p 00000000 00:00 0 
7f1248695000-7f1248793000 rw-p 00000000 00:00 0 
7f1248793000-7f1248796000 ---p 00000000 00:00 0 
7f1248796000-7f1248894000 rw-p 00000000 00:00 0 
7f1248894000-7f12488b0000 r--s 001d6000 08:01 1588271                    /home/fabiogr/Projects/IA941/Aula9/delivery/ws3d/lib/lwjgl2.9.0.jar
7f12488b0000-7f12488b3000 ---p 00000000 00:00 0 
7f12488b3000-7f12489b1000 rw-p 00000000 00:00 0 
7f12489b1000-7f12489b4000 ---p 00000000 00:00 0 
7f12489b4000-7f1248ab2000 rw-p 00000000 00:00 0 
7f1248ab2000-7f1248ab5000 ---p 00000000 00:00 0 
7f1248ab5000-7f1248bb3000 rw-p 00000000 00:00 0 
7f1248bb3000-7f1248bb8000 r-xp 00000000 08:01 534097                     /usr/lib/x86_64-linux-gnu/libXfixes.so.3.1.0
7f1248bb8000-7f1248db7000 ---p 00005000 08:01 534097                     /usr/lib/x86_64-linux-gnu/libXfixes.so.3.1.0
7f1248db7000-7f1248db8000 r--p 00004000 08:01 534097                     /usr/lib/x86_64-linux-gnu/libXfixes.so.3.1.0
7f1248db8000-7f1248db9000 rw-p 00005000 08:01 534097                     /usr/lib/x86_64-linux-gnu/libXfixes.so.3.1.0
7f1248db9000-7f1248dc2000 r-xp 00000000 08:01 534089                     /usr/lib/x86_64-linux-gnu/libXcursor.so.1.0.2
7f1248dc2000-7f1248fc1000 ---p 00009000 08:01 534089                     /usr/lib/x86_64-linux-gnu/libXcursor.so.1.0.2
7f1248fc1000-7f1248fc2000 r--p 00008000 08:01 534089                     /usr/lib/x86_64-linux-gnu/libXcursor.so.1.0.2
7f1248fc2000-7f1248fc3000 rw-p 00009000 08:01 534089                     /usr/lib/x86_64-linux-gnu/libXcursor.so.1.0.2
7f1248fc3000-7f1248fc6000 ---p 00000000 00:00 0 
7f1248fc6000-7f12490c4000 rw-p 00000000 00:00 0 
7f12490c4000-7f12490da000 r-xp 00000000 08:01 267894                     /lib/x86_64-linux-gnu/libgcc_s.so.1
7f12490da000-7f12492d9000 ---p 00016000 08:01 267894                     /lib/x86_64-linux-gnu/libgcc_s.so.1
7f12492d9000-7f12492da000 rw-p 00015000 08:01 267894                     /lib/x86_64-linux-gnu/libgcc_s.so.1
7f12492da000-7f124933f000 r-xp 00000000 08:01 800023                     /usr/lib/jvm/java-8-oracle/jre/lib/amd64/libfontmanager.so
7f124933f000-7f124953e000 ---p 00065000 08:01 800023                     /usr/lib/jvm/java-8-oracle/jre/lib/amd64/libfontmanager.so
7f124953e000-7f1249543000 rw-p 00064000 08:01 800023                     /usr/lib/jvm/java-8-oracle/jre/lib/amd64/libfontmanager.so
7f1249543000-7f1249553000 rw-p 00000000 00:00 0 
7f1249553000-7f1249558000 r-xp 00000000 08:01 534093                     /usr/lib/x86_64-linux-gnu/libXdmcp.so.6.0.0
7f1249558000-7f1249757000 ---p 00005000 08:01 534093                     /usr/lib/x86_64-linux-gnu/libXdmcp.so.6.0.0
7f1249757000-7f1249758000 r--p 00004000 08:01 534093                     /usr/lib/x86_64-linux-gnu/libXdmcp.so.6.0.0
7f1249758000-7f1249759000 rw-p 00005000 08:01 534093                     /usr/lib/x86_64-linux-gnu/libXdmcp.so.6.0.0
7f1249759000-7f124975b000 r-xp 00000000 08:01 534082                     /usr/lib/x86_64-linux-gnu/libXau.so.6.0.0
7f124975b000-7f124995b000 ---p 00002000 08:01 534082                     /usr/lib/x86_64-linux-gnu/libXau.so.6.0.0
7f124995b000-7f124995c000 r--p 00002000 08:01 534082                     /usr/lib/x86_64-linux-gnu/libXau.so.6.0.0
7f124995c000-7f124995d000 rw-p 00003000 08:01 534082                     /usr/lib/x86_64-linux-gnu/libXau.so.6.0.0
7f124995d000-7f124997e000 r-xp 00000000 08:01 535528                     /usr/lib/x86_64-linux-gnu/libxcb.so.1.1.0
7f124997e000-7f1249b7d000 ---p 00021000 08:01 535528                     /usr/lib/x86_64-linux-gnu/libxcb.so.1.1.0
7f1249b7d000-7f1249b7e000 r--p 00020000 08:01 535528                     /usr/lib/x86_64-linux-gnu/libxcb.so.1.1.0
7f1249b7e000-7f1249b7f000 rw-p 00021000 08:01 535528                     /usr/lib/x86_64-linux-gnu/libxcb.so.1.1.0
7f1249b7f000-7f1249b8e000 r-xp 00000000 08:01 534103                     /usr/lib/x86_64-linux-gnu/libXi.so.6.1.0
7f1249b8e000-7f1249d8d000 ---p 0000f000 08:01 534103                     /usr/lib/x86_64-linux-gnu/libXi.so.6.1.0
7f1249d8d000-7f1249d8e000 r--p 0000e000 08:01 534103                     /usr/lib/x86_64-linux-gnu/libXi.so.6.1.0
7f1249d8e000-7f1249d8f000 rw-p 0000f000 08:01 534103                     /usr/lib/x86_64-linux-gnu/libXi.so.6.1.0
7f1249d8f000-7f1249d94000 r-xp 00000000 08:01 534121                     /usr/lib/x86_64-linux-gnu/libXtst.so.6.1.0
7f1249d94000-7f1249f93000 ---p 00005000 08:01 534121                     /usr/lib/x86_64-linux-gnu/libXtst.so.6.1.0
7f1249f93000-7f1249f94000 r--p 00004000 08:01 534121                     /usr/lib/x86_64-linux-gnu/libXtst.so.6.1.0
7f1249f94000-7f1249f95000 rw-p 00005000 08:01 534121                     /usr/lib/x86_64-linux-gnu/libXtst.so.6.1.0
7f1249f95000-7f1249f9e000 r-xp 00000000 08:01 534115                     /usr/lib/x86_64-linux-gnu/libXrender.so.1.3.0
7f1249f9e000-7f124a19d000 ---p 00009000 08:01 534115                     /usr/lib/x86_64-linux-gnu/libXrender.so.1.3.0
7f124a19d000-7f124a19e000 r--p 00008000 08:01 534115                     /usr/lib/x86_64-linux-gnu/libXrender.so.1.3.0
7f124a19e000-7f124a19f000 rw-p 00009000 08:01 534115                     /usr/lib/x86_64-linux-gnu/libXrender.so.1.3.0
7f124a19f000-7f124a2d4000 r-xp 00000000 08:01 534078                     /usr/lib/x86_64-linux-gnu/libX11.so.6.3.0
7f124a2d4000-7f124a4d4000 ---p 00135000 08:01 534078                     /usr/lib/x86_64-linux-gnu/libX11.so.6.3.0
7f124a4d4000-7f124a4d5000 r--p 00135000 08:01 534078                     /usr/lib/x86_64-linux-gnu/libX11.so.6.3.0
7f124a4d5000-7f124a4d9000 rw-p 00136000 08:01 534078                     /usr/lib/x86_64-linux-gnu/libX11.so.6.3.0
7f124a4d9000-7f124a4ea000 r-xp 00000000 08:01 534095                     /usr/lib/x86_64-linux-gnu/libXext.so.6.4.0
7f124a4ea000-7f124a6e9000 ---p 00011000 08:01 534095                     /usr/lib/x86_64-linux-gnu/libXext.so.6.4.0
7f124a6e9000-7f124a6ea000 r--p 00010000 08:01 534095                     /usr/lib/x86_64-linux-gnu/libXext.so.6.4.0
7f124a6ea000-7f124a6eb000 rw-p 00011000 08:01 534095                     /usr/lib/x86_64-linux-gnu/libXext.so.6.4.0
7f124a6eb000-7f124a73f000 r-xp 00000000 08:01 800049                     /usr/lib/jvm/java-8-oracle/jre/lib/amd64/libawt_xawt.so
7f124a73f000-7f124a93f000 ---p 00054000 08:01 800049                     /usr/lib/jvm/java-8-oracle/jre/lib/amd64/libawt_xawt.so
7f124a93f000-7f124a943000 rw-p 00054000 08:01 800049                     /usr/lib/jvm/java-8-oracle/jre/lib/amd64/libawt_xawt.so
7f124a943000-7f124a944000 rw-p 00000000 00:00 0 
7f124a944000-7f124a9e6000 r-xp 00000000 08:01 800035                     /usr/lib/jvm/java-8-oracle/jre/lib/amd64/libawt.so
7f124a9e6000-7f124abe6000 ---p 000a2000 08:01 800035                     /usr/lib/jvm/java-8-oracle/jre/lib/amd64/libawt.so
7f124abe6000-7f124abf2000 rw-p 000a2000 08:01 800035                     /usr/lib/jvm/java-8-oracle/jre/lib/amd64/libawt.so
7f124abf2000-7f124ac16000 rw-p 00000000 00:00 0 
7f124ac16000-7f124ac17000 ---p 00000000 00:00 0 
7f124ac17000-7f124ad17000 rw-p 00000000 00:00 0 
7f124ad17000-7f124ad1a000 ---p 00000000 00:00 0 
7f124ad1a000-7f124ae18000 rw-p 00000000 00:00 0 
7f124ae18000-7f124ae1b000 ---p 00000000 00:00 0 
7f124ae1b000-7f124af19000 rw-p 00000000 00:00 0 
7f124af19000-7f124af1c000 ---p 00000000 00:00 0 
7f124af1c000-7f124b01a000 rw-p 00000000 00:00 0 
7f124b01a000-7f124b01d000 ---p 00000000 00:00 0 
7f124b01d000-7f124b11b000 rw-p 00000000 00:00 0 
7f124b11b000-7f124b11e000 ---p 00000000 00:00 0 
7f124b11e000-7f124b21c000 rw-p 00000000 00:00 0 
7f124b21c000-7f124b4f5000 r--p 00000000 08:01 531589                     /usr/lib/locale/locale-archive
7f124b4f5000-7f124b4f8000 ---p 00000000 00:00 0 
7f124b4f8000-7f124b5f6000 rw-p 00000000 00:00 0 
7f124b5f6000-7f124b5f9000 ---p 00000000 00:00 0 
7f124b5f9000-7f124b6f7000 rw-p 00000000 00:00 0 
7f124b6f7000-7f124b6f8000 ---p 00000000 00:00 0 
7f124b6f8000-7f124c000000 rw-p 00000000 00:00 0 
7f124c000000-7f124c021000 rw-p 00000000 00:00 0 
7f124c021000-7f1250000000 ---p 00000000 00:00 0 
7f1250000000-7f1250021000 rw-p 00000000 00:00 0 
7f1250021000-7f1254000000 ---p 00000000 00:00 0 
7f1254000000-7f1254021000 rw-p 00000000 00:00 0 
7f1254021000-7f1258000000 ---p 00000000 00:00 0 
7f1258000000-7f125800a000 r-xp 00000000 00:00 0 
7f125800a000-7f125803d000 r--s 004d6000 08:01 1588269                    /home/fabiogr/Projects/IA941/Aula9/delivery/ws3d/lib/jme2.jar
7f125803d000-7f1258047000 r--s 00116000 08:01 799896                     /usr/lib/jvm/java-8-oracle/jre/lib/ext/localedata.jar
7f1258047000-7f1258063000 r--s 00393000 08:01 799889                     /usr/lib/jvm/java-8-oracle/jre/lib/ext/cldrdata.jar
7f1258063000-7f12580f9000 r--s 0110a000 08:01 799890                     /usr/lib/jvm/java-8-oracle/jre/lib/ext/jfxrt.jar
7f12580f9000-7f1259000000 rw-p 00000000 00:00 0 
7f1259000000-7f1259950000 rwxp 00000000 00:00 0 
7f1259950000-7f1268000000 ---p 00000000 00:00 0 
7f1268000000-7f126866d000 rw-p 00000000 00:00 0 
7f126866d000-7f126c000000 ---p 00000000 00:00 0 
7f126c000000-7f126c004000 r-xp 00000000 00:00 0 
7f126c004000-7f126c009000 r--s 0009d000 08:01 799885                     /usr/lib/jvm/java-8-oracle/jre/lib/jsse.jar
7f126c009000-7f126c058000 rw-p 00000000 00:00 0 
7f126c058000-7f126c231000 r--s 03d64000 08:01 799828                     /usr/lib/jvm/java-8-oracle/jre/lib/rt.jar
7f126c231000-7f126e2dd000 rw-p 00000000 00:00 0 
7f126e2dd000-7f126e2de000 ---p 00000000 00:00 0 
7f126e2de000-7f126e3de000 rw-p 00000000 00:00 0 
7f126e3de000-7f126e3df000 ---p 00000000 00:00 0 
7f126e3df000-7f126e4df000 rw-p 00000000 00:00 0 
7f126e4df000-7f126e4e0000 ---p 00000000 00:00 0 
7f126e4e0000-7f126e5e0000 rw-p 00000000 00:00 0 
7f126e5e0000-7f126e5e1000 ---p 00000000 00:00 0 
7f126e5e1000-7f126e712000 rw-p 00000000 00:00 0 
7f126e712000-7f126e829000 ---p 00000000 00:00 0 
7f126e829000-7f126e85a000 rw-p 00000000 00:00 0 
7f126e85a000-7f126e971000 ---p 00000000 00:00 0 
7f126e971000-7f126e9f0000 rw-p 00000000 00:00 0 
7f126e9f0000-7f126ea15000 ---p 00000000 00:00 0 
7f126ea15000-7f126ea3c000 rw-p 00000000 00:00 0 
7f126ea3c000-7f126edd6000 ---p 00000000 00:00 0 
7f126edd6000-7f126edf1000 r-xp 00000000 08:01 800038                     /usr/lib/jvm/java-8-oracle/jre/lib/amd64/libzip.so
7f126edf1000-7f126eff1000 ---p 0001b000 08:01 800038                     /usr/lib/jvm/java-8-oracle/jre/lib/amd64/libzip.so
7f126eff1000-7f126eff2000 rw-p 0001b000 08:01 800038                     /usr/lib/jvm/java-8-oracle/jre/lib/amd64/libzip.so
7f126eff2000-7f126effd000 r-xp 00000000 08:01 267955                     /lib/x86_64-linux-gnu/libnss_files-2.23.so
7f126effd000-7f126f1fc000 ---p 0000b000 08:01 267955                     /lib/x86_64-linux-gnu/libnss_files-2.23.so
7f126f1fc000-7f126f1fd000 r--p 0000a000 08:01 267955                     /lib/x86_64-linux-gnu/libnss_files-2.23.so
7f126f1fd000-7f126f1fe000 rw-p 0000b000 08:01 267955                     /lib/x86_64-linux-gnu/libnss_files-2.23.so
7f126f1fe000-7f126f204000 rw-p 00000000 00:00 0 
7f126f204000-7f126f20f000 r-xp 00000000 08:01 267965                     /lib/x86_64-linux-gnu/libnss_nis-2.23.so
7f126f20f000-7f126f40e000 ---p 0000b000 08:01 267965                     /lib/x86_64-linux-gnu/libnss_nis-2.23.so
7f126f40e000-7f126f40f000 r--p 0000a000 08:01 267965                     /lib/x86_64-linux-gnu/libnss_nis-2.23.so
7f126f40f000-7f126f410000 rw-p 0000b000 08:01 267965                     /lib/x86_64-linux-gnu/libnss_nis-2.23.so
7f126f410000-7f126f426000 r-xp 00000000 08:01 267949                     /lib/x86_64-linux-gnu/libnsl-2.23.so
7f126f426000-7f126f625000 ---p 00016000 08:01 267949                     /lib/x86_64-linux-gnu/libnsl-2.23.so
7f126f625000-7f126f626000 r--p 00015000 08:01 267949                     /lib/x86_64-linux-gnu/libnsl-2.23.so
7f126f626000-7f126f627000 rw-p 00016000 08:01 267949                     /lib/x86_64-linux-gnu/libnsl-2.23.so
7f126f627000-7f126f629000 rw-p 00000000 00:00 0 
7f126f629000-7f126f631000 r-xp 00000000 08:01 267951                     /lib/x86_64-linux-gnu/libnss_compat-2.23.so
7f126f631000-7f126f830000 ---p 00008000 08:01 267951                     /lib/x86_64-linux-gnu/libnss_compat-2.23.so
7f126f830000-7f126f831000 r--p 00007000 08:01 267951                     /lib/x86_64-linux-gnu/libnss_compat-2.23.so
7f126f831000-7f126f832000 rw-p 00008000 08:01 267951                     /lib/x86_64-linux-gnu/libnss_compat-2.23.so
7f126f832000-7f126f85d000 r-xp 00000000 08:01 800032                     /usr/lib/jvm/java-8-oracle/jre/lib/amd64/libjava.so
7f126f85d000-7f126fa5c000 ---p 0002b000 08:01 800032                     /usr/lib/jvm/java-8-oracle/jre/lib/amd64/libjava.so
7f126fa5c000-7f126fa5e000 rw-p 0002a000 08:01 800032                     /usr/lib/jvm/java-8-oracle/jre/lib/amd64/libjava.so
7f126fa5e000-7f126fa6b000 r-xp 00000000 08:01 800037                     /usr/lib/jvm/java-8-oracle/jre/lib/amd64/libverify.so
7f126fa6b000-7f126fc6b000 ---p 0000d000 08:01 800037                     /usr/lib/jvm/java-8-oracle/jre/lib/amd64/libverify.so
7f126fc6b000-7f126fc6d000 rw-p 0000d000 08:01 800037                     /usr/lib/jvm/java-8-oracle/jre/lib/amd64/libverify.so
7f126fc6d000-7f126fc74000 r-xp 00000000 08:01 268010                     /lib/x86_64-linux-gnu/librt-2.23.so
7f126fc74000-7f126fe73000 ---p 00007000 08:01 268010                     /lib/x86_64-linux-gnu/librt-2.23.so
7f126fe73000-7f126fe74000 r--p 00006000 08:01 268010                     /lib/x86_64-linux-gnu/librt-2.23.so
7f126fe74000-7f126fe75000 rw-p 00007000 08:01 268010                     /lib/x86_64-linux-gnu/librt-2.23.so
7f126fe75000-7f126ff7d000 r-xp 00000000 08:01 267926                     /lib/x86_64-linux-gnu/libm-2.23.so
7f126ff7d000-7f127017c000 ---p 00108000 08:01 267926                     /lib/x86_64-linux-gnu/libm-2.23.so
7f127017c000-7f127017d000 r--p 00107000 08:01 267926                     /lib/x86_64-linux-gnu/libm-2.23.so
7f127017d000-7f127017e000 rw-p 00108000 08:01 267926                     /lib/x86_64-linux-gnu/libm-2.23.so
7f127017e000-7f1270e57000 r-xp 00000000 08:01 800015                     /usr/lib/jvm/java-8-oracle/jre/lib/amd64/server/libjvm.so
7f1270e57000-7f1271056000 ---p 00cd9000 08:01 800015                     /usr/lib/jvm/java-8-oracle/jre/lib/amd64/server/libjvm.so
7f1271056000-7f127112f000 rw-p 00cd8000 08:01 800015                     /usr/lib/jvm/java-8-oracle/jre/lib/amd64/server/libjvm.so
7f127112f000-7f127117b000 rw-p 00000000 00:00 0 
7f127117b000-7f127133b000 r-xp 00000000 08:01 267856                     /lib/x86_64-linux-gnu/libc-2.23.so
7f127133b000-7f127153b000 ---p 001c0000 08:01 267856                     /lib/x86_64-linux-gnu/libc-2.23.so
7f127153b000-7f127153f000 r--p 001c0000 08:01 267856                     /lib/x86_64-linux-gnu/libc-2.23.so
7f127153f000-7f1271541000 rw-p 001c4000 08:01 267856                     /lib/x86_64-linux-gnu/libc-2.23.so
7f1271541000-7f1271545000 rw-p 00000000 00:00 0 
7f1271545000-7f1271548000 r-xp 00000000 08:01 267880                     /lib/x86_64-linux-gnu/libdl-2.23.so
7f1271548000-7f1271747000 ---p 00003000 08:01 267880                     /lib/x86_64-linux-gnu/libdl-2.23.so
7f1271747000-7f1271748000 r--p 00002000 08:01 267880                     /lib/x86_64-linux-gnu/libdl-2.23.so
7f1271748000-7f1271749000 rw-p 00003000 08:01 267880                     /lib/x86_64-linux-gnu/libdl-2.23.so
7f1271749000-7f127175f000 r-xp 00000000 08:01 800010                     /usr/lib/jvm/java-8-oracle/jre/lib/amd64/jli/libjli.so
7f127175f000-7f127195e000 ---p 00016000 08:01 800010                     /usr/lib/jvm/java-8-oracle/jre/lib/amd64/jli/libjli.so
7f127195e000-7f127195f000 rw-p 00015000 08:01 800010                     /usr/lib/jvm/java-8-oracle/jre/lib/amd64/jli/libjli.so
7f127195f000-7f1271977000 r-xp 00000000 08:01 268002                     /lib/x86_64-linux-gnu/libpthread-2.23.so
7f1271977000-7f1271b76000 ---p 00018000 08:01 268002                     /lib/x86_64-linux-gnu/libpthread-2.23.so
7f1271b76000-7f1271b77000 r--p 00017000 08:01 268002                     /lib/x86_64-linux-gnu/libpthread-2.23.so
7f1271b77000-7f1271b78000 rw-p 00018000 08:01 268002                     /lib/x86_64-linux-gnu/libpthread-2.23.so
7f1271b78000-7f1271b7c000 rw-p 00000000 00:00 0 
7f1271b7c000-7f1271ba2000 r-xp 00000000 08:01 267828                     /lib/x86_64-linux-gnu/ld-2.23.so
7f1271ba2000-7f1271ba3000 rwxp 00000000 00:00 0 
7f1271ba3000-7f1271ba5000 r--s 0000e000 08:01 1588270                    /home/fabiogr/Projects/IA941/Aula9/delivery/ws3d/lib/json.jar
7f1271ba5000-7f1271bab000 r--s 0161d000 08:01 1588267                    /home/fabiogr/Projects/IA941/Aula9/delivery/ws3d/WorldServer3D.jar
7f1271bab000-7f1271c7c000 rw-p 00000000 00:00 0 
7f1271c7c000-7f1271c7f000 ---p 00000000 00:00 0 
7f1271c7f000-7f1271d95000 rw-p 00000000 00:00 0 
7f1271d95000-7f1271d9d000 rw-s 00000000 08:01 395993                     /tmp/hsperfdata_fabiogr/19701
7f1271d9d000-7f1271d9e000 rw-p 00000000 00:00 0 
7f1271d9e000-7f1271d9f000 r--p 00000000 00:00 0 
7f1271d9f000-7f1271da1000 rw-p 00000000 00:00 0 
7f1271da1000-7f1271da2000 r--p 00025000 08:01 267828                     /lib/x86_64-linux-gnu/ld-2.23.so
7f1271da2000-7f1271da3000 rw-p 00026000 08:01 267828                     /lib/x86_64-linux-gnu/ld-2.23.so
7f1271da3000-7f1271da4000 rw-p 00000000 00:00 0 
7fff9e163000-7fff9e184000 rw-p 00000000 00:00 0                          [stack]
7fff9e1d2000-7fff9e1d4000 r--p 00000000 00:00 0                          [vvar]
7fff9e1d4000-7fff9e1d6000 r-xp 00000000 00:00 0                          [vdso]
ffffffffff600000-ffffffffff601000 r-xp 00000000 00:00 0                  [vsyscall]

VM Arguments:
java_command: ws3d/WorldServer3D.jar
java_class_path (initial): ws3d/WorldServer3D.jar
Launcher Type: SUN_STANDARD

Environment Variables:
JAVA_HOME=/usr/lib/jvm/java-8-oracle
PATH=/home/fabiogr/bin:/home/fabiogr/.local/bin:/usr/local/sbin:/usr/local/bin:/usr/sbin:/usr/bin:/sbin:/bin:/usr/games:/usr/local/games:/usr/lib/jvm/java-8-oracle/bin:/usr/lib/jvm/java-8-oracle/db/bin:/usr/lib/jvm/java-8-oracle/jre/bin
SHELL=/bin/bash
DISPLAY=:0.0

Signal Handlers:
SIGSEGV: [libjvm.so+0xad01e0], sa_mask[0]=11111111011111111101111111111110, sa_flags=SA_RESTART|SA_SIGINFO
SIGBUS: [libjvm.so+0xad01e0], sa_mask[0]=11111111011111111101111111111110, sa_flags=SA_RESTART|SA_SIGINFO
SIGFPE: [libjvm.so+0x927fb0], sa_mask[0]=11111111011111111101111111111110, sa_flags=SA_RESTART|SA_SIGINFO
SIGPIPE: [libjvm.so+0x927fb0], sa_mask[0]=11111111011111111101111111111110, sa_flags=SA_RESTART|SA_SIGINFO
SIGXFSZ: [libjvm.so+0x927fb0], sa_mask[0]=11111111011111111101111111111110, sa_flags=SA_RESTART|SA_SIGINFO
SIGILL: [libjvm.so+0x927fb0], sa_mask[0]=11111111011111111101111111111110, sa_flags=SA_RESTART|SA_SIGINFO
SIGUSR1: SIG_DFL, sa_mask[0]=00000000000000000000000000000000, sa_flags=none
SIGUSR2: [libjvm.so+0x9297f0], sa_mask[0]=00000000000000000000000000000000, sa_flags=SA_RESTART|SA_SIGINFO
SIGHUP: [libjvm.so+0x92abf0], sa_mask[0]=11111111011111111101111111111110, sa_flags=SA_RESTART|SA_SIGINFO
SIGINT: SIG_IGN, sa_mask[0]=00000000000000000000000000000000, sa_flags=none
SIGTERM: [libjvm.so+0x92abf0], sa_mask[0]=11111111011111111101111111111110, sa_flags=SA_RESTART|SA_SIGINFO
SIGQUIT: [libjvm.so+0x92abf0], sa_mask[0]=11111111011111111101111111111110, sa_flags=SA_RESTART|SA_SIGINFO


---------------  S Y S T E M  ---------------

OS:DISTRIB_ID=LinuxMint
DISTRIB_RELEASE=18.3
DISTRIB_CODENAME=sylvia
DISTRIB_DESCRIPTION="Linux Mint 18.3 Sylvia"

uname:Linux 4.10.0-38-generic #42~16.04.1-Ubuntu SMP Tue Oct 10 16:32:20 UTC 2017 x86_64
libc:glibc 2.23 NPTL 2.23 
rlimit: STACK 8192k, CORE 0k, NPROC 15540, NOFILE 1048576, AS infinity
load average:2,43 1,81 2,28

/proc/meminfo:
MemTotal:        4025436 kB
MemFree:         1590368 kB
MemAvailable:    2700364 kB
Buffers:          201336 kB
Cached:          1067936 kB
SwapCached:            8 kB
Active:          1651736 kB
Inactive:         503184 kB
Active(anon):     760288 kB
Inactive(anon):   137452 kB
Active(file):     891448 kB
Inactive(file):   365732 kB
Unevictable:          52 kB
Mlocked:              52 kB
SwapTotal:       4191228 kB
SwapFree:        4191212 kB
Dirty:                60 kB
Writeback:           440 kB
AnonPages:        871468 kB
Mapped:           205524 kB
Shmem:             12172 kB
Slab:             163680 kB
SReclaimable:     115732 kB
SUnreclaim:        47948 kB
KernelStack:        8128 kB
PageTables:        22472 kB
NFS_Unstable:          0 kB
Bounce:                0 kB
WritebackTmp:          0 kB
CommitLimit:     6203944 kB
Committed_AS:    2706120 kB
VmallocTotal:   34359738367 kB
VmallocUsed:           0 kB
VmallocChunk:          0 kB
HardwareCorrupted:     0 kB
AnonHugePages:    503808 kB
ShmemHugePages:        0 kB
ShmemPmdMapped:        0 kB
CmaTotal:              0 kB
CmaFree:               0 kB
HugePages_Total:       0
HugePages_Free:        0
HugePages_Rsvd:        0
HugePages_Surp:        0
Hugepagesize:       2048 kB
DirectMap4k:      128832 kB
DirectMap2M:     4065280 kB
DirectMap1G:     2097152 kB


CPU:total 4 (initial active 4) (4 cores per cpu, 1 threads per core) family 6 model 60 stepping 3, cmov, cx8, fxsr, mmx, sse, sse2, sse3, ssse3, sse4.1, sse4.2, popcnt, avx, avx2, aes, clmul, erms, lzcnt, tsc, tscinvbit, bmi1, bmi2

/proc/cpuinfo:
processor	: 0
vendor_id	: GenuineIntel
cpu family	: 6
model		: 60
model name	: Intel(R) Core(TM) i5-4440 CPU @ 3.10GHz
stepping	: 3
microcode	: 0x1e
cpu MHz		: 3099.998
cache size	: 6144 KB
physical id	: 0
siblings	: 4
core id		: 0
cpu cores	: 4
apicid		: 0
initial apicid	: 0
fpu		: yes
fpu_exception	: yes
cpuid level	: 13
wp		: yes
flags		: fpu vme de pse tsc msr pae mce cx8 apic sep mtrr pge mca cmov pat pse36 clflush dts mmx fxsr sse sse2 ss ht syscall nx pdpe1gb rdtscp lm constant_tsc arch_perfmon pebs bts nopl xtopology tsc_reliable nonstop_tsc aperfmperf pni pclmulqdq ssse3 fma cx16 pcid sse4_1 sse4_2 x2apic movbe popcnt tsc_deadline_timer aes xsave avx f16c rdrand hypervisor lahf_lm abm epb fsgsbase tsc_adjust bmi1 avx2 smep bmi2 invpcid xsaveopt dtherm ida arat pln pts
bugs		:
bogomips	: 6199.99
clflush size	: 64
cache_alignment	: 64
address sizes	: 42 bits physical, 48 bits virtual
power management:

processor	: 1
vendor_id	: GenuineIntel
cpu family	: 6
model		: 60
model name	: Intel(R) Core(TM) i5-4440 CPU @ 3.10GHz
stepping	: 3
microcode	: 0x1e
cpu MHz		: 3099.998
cache size	: 6144 KB
physical id	: 0
siblings	: 4
core id		: 1
cpu cores	: 4
apicid		: 1
initial apicid	: 1
fpu		: yes
fpu_exception	: yes
cpuid level	: 13
wp		: yes
flags		: fpu vme de pse tsc msr pae mce cx8 apic sep mtrr pge mca cmov pat pse36 clflush dts mmx fxsr sse sse2 ss ht syscall nx pdpe1gb rdtscp lm constant_tsc arch_perfmon pebs bts nopl xtopology tsc_reliable nonstop_tsc aperfmperf pni pclmulqdq ssse3 fma cx16 pcid sse4_1 sse4_2 x2apic movbe popcnt tsc_deadline_timer aes xsave avx f16c rdrand hypervisor lahf_lm abm epb fsgsbase tsc_adjust bmi1 avx2 smep bmi2 invpcid xsaveopt dtherm ida arat pln pts
bugs		:
bogomips	: 6199.99
clflush size	: 64
cache_alignment	: 64
address sizes	: 42 bits physical, 48 bits virtual
power management:

processor	: 2
vendor_id	: GenuineIntel
cpu family	: 6
model		: 60
model name	: Intel(R) Core(TM) i5-4440 CPU @ 3.10GHz
stepping	: 3
microcode	: 0x1e
cpu MHz		: 3099.998
cache size	: 6144 KB
physical id	: 0
siblings	: 4
core id		: 2
cpu cores	: 4
apicid		: 2
initial apicid	: 2
fpu		: yes
fpu_exception	: yes
cpuid level	: 13
wp		: yes
flags		: fpu vme de pse tsc msr pae mce cx8 apic sep mtrr pge mca cmov pat pse36 clflush dts mmx fxsr sse sse2 ss ht syscall nx pdpe1gb rdtscp lm constant_tsc arch_perfmon pebs bts nopl xtopology tsc_reliable nonstop_tsc aperfmperf pni pclmulqdq ssse3 fma cx16 pcid sse4_1 sse4_2 x2apic movbe popcnt tsc_deadline_timer aes xsave avx f16c rdrand hypervisor lahf_lm abm epb fsgsbase tsc_adjust bmi1 avx2 smep bmi2 invpcid xsaveopt dtherm ida arat pln pts
bugs		:
bogomips	: 6199.99
clflush size	: 64
cache_alignment	: 64
address sizes	: 42 bits physical, 48 bits virtual
power management:

processor	: 3
vendor_id	: GenuineIntel
cpu family	: 6
model		: 60
model name	: Intel(R) Core(TM) i5-4440 CPU @ 3.10GHz
stepping	: 3
microcode	: 0x1e
cpu MHz		: 3099.998
cache size	: 6144 KB
physical id	: 0
siblings	: 4
core id		: 3
cpu cores	: 4
apicid		: 3
initial apicid	: 3
fpu		: yes
fpu_exception	: yes
cpuid level	: 13
wp		: yes
flags		: fpu vme de pse tsc msr pae mce cx8 apic sep mtrr pge mca cmov pat pse36 clflush dts mmx fxsr sse sse2 ss ht syscall nx pdpe1gb rdtscp lm constant_tsc arch_perfmon pebs bts nopl xtopology tsc_reliable nonstop_tsc aperfmperf pni pclmulqdq ssse3 fma cx16 pcid sse4_1 sse4_2 x2apic movbe popcnt tsc_deadline_timer aes xsave avx f16c rdrand hypervisor lahf_lm abm epb fsgsbase tsc_adjust bmi1 avx2 smep bmi2 invpcid xsaveopt dtherm ida arat pln pts
bugs		:
bogomips	: 6199.99
clflush size	: 64
cache_alignment	: 64
address sizes	: 42 bits physical, 48 bits virtual
power management:



Memory: 4k page, physical 4025436k(1590368k free), swap 4191228k(4191212k free)

vm_info: Java HotSpot(TM) 64-Bit Server VM (25.161-b12) for linux-amd64 JRE (1.8.0_161-b12), built on Dec 19 2017 16:12:43 by "java_re" with gcc 4.3.0 20080428 (Red Hat 4.3.0-8)

time: Tue May 15 23:19:35 2018
elapsed time: 104 seconds (0d 0h 1m 44s)

