#
# A fatal error has been detected by the Java Runtime Environment:
#
#  SIGBUS (0x7) at pc=0x00007f7b50a70d60, pid=43412, tid=0x00007f7b50f92700
#
# JRE version: Java(TM) SE Runtime Environment (8.0_161-b12) (build 1.8.0_161-b12)
# Java VM: Java HotSpot(TM) 64-Bit Server VM (25.161-b12 mixed mode linux-amd64 compressed oops)
# Problematic frame:
# 
[error occurred during error reporting (printing problematic frame), id 0x7]

# Failed to write core dump. Core dumps have been disabled. To enable core dumping, try "ulimit -c unlimited" before starting Java again
#
# If you would like to submit a bug report, please visit:
#   http://bugreport.java.com/bugreport/crash.jsp
# The crash happened outside the Java Virtual Machine in native code.
# See problematic frame for where to report the bug.
#

---------------  T H R E A D  ---------------

Current thread (0x00007f7b7c2df000):  JavaThread "OpenGL" [_thread_in_native, id=43434, stack(0x00007f7b50e92000,0x00007f7b50f93000)]

siginfo: si_signo: 7 (SIGBUS), si_code: 2 (BUS_ADRERR), si_addr: 0x00007f7b50a70d60

Registers:
RAX=0x0000000000000000, RBX=0x00000000000039c0, RCX=0x00000000c3429fe0, RDX=0x00007f7b27ddd8e0
RSP=0x00007f7b50f90c98, RBP=0x00007f7b50f90ce0, RSI=0x00007f7b50f90cd0, RDI=0x00007f7b7c2df1f8
R8 =0x00000000c3422530, R9 =0x00000000c34497a0, R10=0x00007f7b6caa1201, R11=0x00007f7b27ddd8e0
R12=0x0000000000000000, R13=0x000000002000c812, R14=0x00007f7b50f90cd0, R15=0x00007f7b7c2df000
RIP=0x00007f7b50a70d60, EFLAGS=0x0000000000010246, CSGSFS=0x002b000000000033, ERR=0x0000000000000014
  TRAPNO=0x000000000000000e

Top of Stack: (sp=0x00007f7b50f90c98)
0x00007f7b50f90c98:   00007f7b6caa1271 00000000c4c6b1d0
0x00007f7b50f90ca8:   00000000c4c6aed8 00000000c3429fe0
0x00007f7b50f90cb8:   0000738000000000 00000000c4c6b2f0
0x00007f7b50f90cc8:   00000000c348d290 00000000c348d290
0x00007f7b50f90cd8:   00007f7b4c584170 00000000c3422530
0x00007f7b50f90ce8:   00007f7b6cd334a8 c4c6b11800000004
0x00007f7b50f90cf8:   00000000c4c6aed8 00000000c3422530
0x00007f7b50f90d08:   00000000c4c6b3f0 3f8000003f800000
0x00007f7b50f90d18:   c4c6b18000000000 0000000000000001
0x00007f7b50f90d28:   00000000c3429fe0 00000000c4c6b118
0x00007f7b50f90d38:   00007f7b6caa1271 00000000c4c6b830
0x00007f7b50f90d48:   00000000c4c6b5f0 00000000c4c6afa0
0x00007f7b50f90d58:   00007f7b6cd4ea8c 00000000c4c69ea8
0x00007f7b50f90d68:   0000000000000000 00000000c342b118
0x00007f7b50f90d78:   00007f7b0000003d 00000000c3422530
0x00007f7b50f90d88:   00007f7b6cd334a8 00000004c33fab48
0x00007f7b50f90d98:   00000000c3422530 00000000c3422530
0x00007f7b50f90da8:   00000000c4c6ba50 3f8000003f800000
0x00007f7b50f90db8:   c4c6b7e000000000 00000000c33fab48
0x00007f7b50f90dc8:   00007f7b6c6979ec 00000000c4c6b778
0x00007f7b50f90dd8:   0000000000000000 0000000400000001
0x00007f7b50f90de8:   0000000600000000 00000000f8504e18
0x00007f7b50f90df8:   00007f7b6cd4ea8c 00000000c4c696a8
0x00007f7b50f90e08:   0000000000000000 00000000c342b118
0x00007f7b50f90e18:   000000000000003d 0000000000000000
0x00007f7b50f90e28:   0000000000000000 0000000200000000
0x00007f7b50f90e38:   00000000c3422530 0000000000000000
0x00007f7b50f90e48:   b16dc81c8213e800 0000000000001406
0x00007f7b50f90e58:   00007f7b304fcd00 00000000c33fab48
0x00007f7b50f90e68:   00007f7b6c6979ec 00007f7b302f4bd0
0x00007f7b50f90e78:   0000000000000006 0000000000000009
0x00007f7b50f90e88:   00007f7b2677e560 00000000f8504cb8 

Instructions: (pc=0x00007f7b50a70d60)
0x00007f7b50a70d40:   
[error occurred during error reporting (printing registers, top of stack, instructions near pc), id 0x7]

Register to memory mapping:

RAX=0x0000000000000000 is an unknown value
RBX=0x00000000000039c0 is an unknown value
RCX=0x00000000c3429fe0 is an oop
com.jme.scene.state.lwjgl.records.RendererRecord 
 - klass: 'com/jme/scene/state/lwjgl/records/RendererRecord'
RDX=0x00007f7b27ddd8e0: <offset 0xc8e0> in /usr/lib/x86_64-linux-gnu/libglapi.so.0 at 0x00007f7b27dd1000
RSP=0x00007f7b50f90c98 is pointing into the stack for thread: 0x00007f7b7c2df000
RBP=0x00007f7b50f90ce0 is pointing into the stack for thread: 0x00007f7b7c2df000
RSI=0x00007f7b50f90cd0 is pointing into the stack for thread: 0x00007f7b7c2df000
RDI=0x00007f7b7c2df1f8 is an unknown value
R8 =0x00000000c3422530 is an oop
com.jme.renderer.lwjgl.LWJGLRenderer 
 - klass: 'com/jme/renderer/lwjgl/LWJGLRenderer'
R9 =0x00000000c34497a0 is an oop
org.lwjgl.opengl.GLContext$CapabilitiesCacheEntry 
 - klass: 'org/lwjgl/opengl/GLContext$CapabilitiesCacheEntry'
R10=0x00007f7b6caa1201 is at entry_point+65 in (nmethod*)0x00007f7b6caa1050
R11=0x00007f7b27ddd8e0: <offset 0xc8e0> in /usr/lib/x86_64-linux-gnu/libglapi.so.0 at 0x00007f7b27dd1000
R12=0x0000000000000000 is an unknown value
R13=0x000000002000c812 is an unknown value
R14=0x00007f7b50f90cd0 is pointing into the stack for thread: 0x00007f7b7c2df000
R15=0x00007f7b7c2df000 is a thread


Stack: [0x00007f7b50e92000,0x00007f7b50f93000],  sp=0x00007f7b50f90c98,  free space=1019k
Native frames: (J=compiled Java code, j=interpreted, Vv=VM code, C=native code)

[error occurred during error reporting (printing native stack), id 0x7]

Java frames: (J=compiled Java code, j=interpreted, Vv=VM code)
J 1580  org.lwjgl.opengl.GL11.nglPopMatrix(J)V (0 bytes) @ 0x00007f7b6caa1201 [0x00007f7b6caa11c0+0x41]
J 2140 C2 com.jme.scene.TriMesh.draw(Lcom/jme/renderer/Renderer;)V (27 bytes) @ 0x00007f7b6cd334a8 [0x00007f7b6cd328e0+0xbc8]
J 2162 C2 com.jme.scene.Node.draw(Lcom/jme/renderer/Renderer;)V (57 bytes) @ 0x00007f7b6cd4ea8c [0x00007f7b6cd4e960+0x12c]
J 2162 C2 com.jme.scene.Node.draw(Lcom/jme/renderer/Renderer;)V (57 bytes) @ 0x00007f7b6cd4ea8c [0x00007f7b6cd4e960+0x12c]
J 2162 C2 com.jme.scene.Node.draw(Lcom/jme/renderer/Renderer;)V (57 bytes) @ 0x00007f7b6cd4ea8c [0x00007f7b6cd4e960+0x12c]
J 2162 C2 com.jme.scene.Node.draw(Lcom/jme/renderer/Renderer;)V (57 bytes) @ 0x00007f7b6cd4ea8c [0x00007f7b6cd4e960+0x12c]
J 2162 C2 com.jme.scene.Node.draw(Lcom/jme/renderer/Renderer;)V (57 bytes) @ 0x00007f7b6cd4ea8c [0x00007f7b6cd4e960+0x12c]
J 2162 C2 com.jme.scene.Node.draw(Lcom/jme/renderer/Renderer;)V (57 bytes) @ 0x00007f7b6cd4ea8c [0x00007f7b6cd4e960+0x12c]
J 2488 C2 com.jme.scene.Spatial.onDraw(Lcom/jme/renderer/Renderer;)V (132 bytes) @ 0x00007f7b6c88eb54 [0x00007f7b6c88e6e0+0x474]
J 2506 C2 worldserver3d.RobotCamera.render(F)V (133 bytes) @ 0x00007f7b6ce2843c [0x00007f7b6ce277e0+0xc5c]
J 2536 C1 worldserver3d.gamestate.SimulationGameState.stateUpdate(F)V (3109 bytes) @ 0x00007f7b6cbcd78c [0x00007f7b6cbc6840+0x6f4c]
J 2574 C2 com.jmex.game.StandardGame.update(F)V (67 bytes) @ 0x00007f7b6cb24390 [0x00007f7b6cb23f00+0x490]
j  com.jmex.game.StandardGame.run()V+190
j  java.lang.Thread.run()V+11
v  ~StubRoutines::call_stub

---------------  P R O C E S S  ---------------

Java Threads: ( => current thread )
  0x00007f7b4c986800 JavaThread "Timer-4" [_thread_blocked, id=43475, stack(0x00007f7b134a0000,0x00007f7b135a1000)]
  0x00007f7b4c029800 JavaThread "Timer-3" [_thread_blocked, id=43474, stack(0x00007f7b135a1000,0x00007f7b136a2000)]
  0x00007f7b4c2a2000 JavaThread "Timer-2" [_thread_blocked, id=43473, stack(0x00007f7b519ae000,0x00007f7b51aaf000)]
  0x00007f7b28082800 JavaThread "TimerQueue" daemon [_thread_blocked, id=43440, stack(0x00007f7b500c8000,0x00007f7b501c9000)]
=>0x00007f7b7c2df000 JavaThread "OpenGL" [_thread_in_native, id=43434, stack(0x00007f7b50e92000,0x00007f7b50f93000)]
  0x00007f7b7c2af000 JavaThread "Timer-1" daemon [_thread_blocked, id=43433, stack(0x00007f7b513aa000,0x00007f7b514ab000)]
  0x00007f7b7c287800 JavaThread "AWT-EventQueue-0" [_thread_blocked, id=43432, stack(0x00007f7b516ab000,0x00007f7b517ac000)]
  0x00007f7b7c27a000 JavaThread "AWT-Shutdown" [_thread_blocked, id=43431, stack(0x00007f7b517ac000,0x00007f7b518ad000)]
  0x00007f7b7c260800 JavaThread "Timer-0" [_thread_blocked, id=43430, stack(0x00007f7b518ad000,0x00007f7b519ae000)]
  0x00007f7b7c21d000 JavaThread "AWT-XAWT" daemon [_thread_in_native, id=43428, stack(0x00007f7b51aaf000,0x00007f7b51bb0000)]
  0x00007f7b7c1f8800 JavaThread "Java2D Disposer" daemon [_thread_blocked, id=43427, stack(0x00007f7b51fc0000,0x00007f7b520c1000)]
  0x00007f7b7c0bc000 JavaThread "Service Thread" daemon [_thread_blocked, id=43425, stack(0x00007f7b53dfe000,0x00007f7b53eff000)]
  0x00007f7b7c0b9000 JavaThread "C1 CompilerThread1" daemon [_thread_blocked, id=43424, stack(0x00007f7b53eff000,0x00007f7b54000000)]
  0x00007f7b7c0b6800 JavaThread "C2 CompilerThread0" daemon [_thread_blocked, id=43423, stack(0x00007f7b68038000,0x00007f7b68139000)]
  0x00007f7b7c0b5000 JavaThread "Signal Dispatcher" daemon [_thread_blocked, id=43422, stack(0x00007f7b68139000,0x00007f7b6823a000)]
  0x00007f7b7c080800 JavaThread "Finalizer" daemon [_thread_blocked, id=43421, stack(0x00007f7b68513000,0x00007f7b68614000)]
  0x00007f7b7c07c000 JavaThread "Reference Handler" daemon [_thread_blocked, id=43420, stack(0x00007f7b68614000,0x00007f7b68715000)]
  0x00007f7b7c00a800 JavaThread "main" [_thread_in_native, id=43414, stack(0x00007f7b82440000,0x00007f7b82541000)]

Other Threads:
  0x00007f7b7c074800 VMThread [stack: 0x00007f7b68715000,0x00007f7b68816000] [id=43419]
  0x00007f7b7c0c1000 WatcherThread [stack: 0x00007f7b53cfd000,0x00007f7b53dfe000] [id=43426]

VM state:not at safepoint (normal execution)

VM Mutex/Monitor currently owned by a thread: None

Heap:
 PSYoungGen      total 232960K, used 160667K [0x00000000eb800000, 0x0000000100000000, 0x0000000100000000)
  eden space 209920K, 76% used [0x00000000eb800000,0x00000000f54382e0,0x00000000f8500000)
  from space 23040K, 3% used [0x00000000f8500000,0x00000000f85aec40,0x00000000f9b80000)
  to   space 24064K, 0% used [0x00000000fe880000,0x00000000fe880000,0x0000000100000000)
 ParOldGen       total 108544K, used 54398K [0x00000000c2800000, 0x00000000c9200000, 0x00000000eb800000)
  object space 108544K, 50% used [0x00000000c2800000,0x00000000c5d1f9f8,0x00000000c9200000)
 Metaspace       used 22352K, capacity 22588K, committed 22912K, reserved 1069056K
  class space    used 2558K, capacity 2623K, committed 2688K, reserved 1048576K

Card table byte_map: [0x00007f7b6bfd4000,0x00007f7b6c1c1000] byte_map_base: 0x00007f7b6b9c0000

Marking Bits: (ParMarkBitMap*) 0x00007f7b8190f920
 Begin Bits: [0x00007f7b69dca000, 0x00007f7b6ad2a000)
 End Bits:   [0x00007f7b6ad2a000, 0x00007f7b6bc8a000)

Polling page: 0x00007f7b82560000

CodeCache: size=245760Kb used=8247Kb max_used=8810Kb free=237512Kb
 bounds [0x00007f7b6c581000, 0x00007f7b6ce51000, 0x00007f7b7b581000]
 total_blobs=2967 nmethods=2235 adapters=644
 compilation: enabled

Compilation events (10 events):
Event: 337,195 Thread 0x00007f7b7c0b6800 2570       4       com.jme.renderer.lwjgl.LWJGLTextureRenderer::checkFBOComplete (416 bytes)
Event: 337,197 Thread 0x00007f7b7c0b6800 nmethod 2570 0x00007f7b6c800c10 code [0x00007f7b6c800da0, 0x00007f7b6c801028]
Event: 339,297 Thread 0x00007f7b7c0b6800 2571       4       com.jme.input.lwjgl.LWJGLMouseInput::update (351 bytes)
Event: 339,299 Thread 0x00007f7b7c0b6800 nmethod 2571 0x00007f7b6cc683d0 code [0x00007f7b6cc68560, 0x00007f7b6cc68a98]
Event: 379,263 Thread 0x00007f7b7c0b6800 2572       4       worldserver3d.RobotCamera::setPosition (230 bytes)
Event: 379,285 Thread 0x00007f7b7c0b6800 nmethod 2572 0x00007f7b6cd265d0 code [0x00007f7b6cd26940, 0x00007f7b6cd28840]
Event: 379,285 Thread 0x00007f7b7c0b6800 2573       4       com.jme.renderer.AbstractCamera::setFrame (49 bytes)
Event: 379,289 Thread 0x00007f7b7c0b6800 nmethod 2573 0x00007f7b6ca84610 code [0x00007f7b6ca847c0, 0x00007f7b6ca84d28]
Event: 399,903 Thread 0x00007f7b7c0b6800 2574       4       com.jmex.game.StandardGame::update (67 bytes)
Event: 399,936 Thread 0x00007f7b7c0b6800 nmethod 2574 0x00007f7b6cb23bd0 code [0x00007f7b6cb23f00, 0x00007f7b6cb25680]

GC Heap History (10 events):
Event: 7,493 GC heap before
{Heap before GC invocations=7 (full 1):
 PSYoungGen      total 66048K, used 62197K [0x00000000eb800000, 0x00000000f5c00000, 0x0000000100000000)
  eden space 63488K, 97% used [0x00000000eb800000,0x00000000ef4bd408,0x00000000ef600000)
  from space 2560K, 0% used [0x00000000ef600000,0x00000000ef600000,0x00000000ef880000)
  to   space 20480K, 0% used [0x00000000f4800000,0x00000000f4800000,0x00000000f5c00000)
 ParOldGen       total 59904K, used 24219K [0x00000000c2800000, 0x00000000c6280000, 0x00000000eb800000)
  object space 59904K, 40% used [0x00000000c2800000,0x00000000c3fa6c88,0x00000000c6280000)
 Metaspace       used 20982K, capacity 21240K, committed 21504K, reserved 1069056K
  class space    used 2423K, capacity 2521K, committed 2560K, reserved 1048576K
Event: 7,499 GC heap after
Heap after GC invocations=7 (full 1):
 PSYoungGen      total 130048K, used 12642K [0x00000000eb800000, 0x00000000f5480000, 0x0000000100000000)
  eden space 117248K, 0% used [0x00000000eb800000,0x00000000eb800000,0x00000000f2a80000)
  from space 12800K, 98% used [0x00000000f4800000,0x00000000f5458880,0x00000000f5480000)
  to   space 20480K, 0% used [0x00000000f2c80000,0x00000000f2c80000,0x00000000f4080000)
 ParOldGen       total 59904K, used 24227K [0x00000000c2800000, 0x00000000c6280000, 0x00000000eb800000)
  object space 59904K, 40% used [0x00000000c2800000,0x00000000c3fa8c88,0x00000000c6280000)
 Metaspace       used 20982K, capacity 21240K, committed 21504K, reserved 1069056K
  class space    used 2423K, capacity 2521K, committed 2560K, reserved 1048576K
}
Event: 8,251 GC heap before
{Heap before GC invocations=8 (full 1):
 PSYoungGen      total 130048K, used 129890K [0x00000000eb800000, 0x00000000f5480000, 0x0000000100000000)
  eden space 117248K, 100% used [0x00000000eb800000,0x00000000f2a80000,0x00000000f2a80000)
  from space 12800K, 98% used [0x00000000f4800000,0x00000000f5458880,0x00000000f5480000)
  to   space 20480K, 0% used [0x00000000f2c80000,0x00000000f2c80000,0x00000000f4080000)
 ParOldGen       total 59904K, used 24227K [0x00000000c2800000, 0x00000000c6280000, 0x00000000eb800000)
  object space 59904K, 40% used [0x00000000c2800000,0x00000000c3fa8c88,0x00000000c6280000)
 Metaspace       used 21114K, capacity 21316K, committed 21504K, reserved 1069056K
  class space    used 2434K, capacity 2523K, committed 2560K, reserved 1048576K
Event: 8,259 GC heap after
Heap after GC invocations=8 (full 1):
 PSYoungGen      total 139776K, used 13183K [0x00000000eb800000, 0x00000000faf80000, 0x0000000100000000)
  eden space 119296K, 0% used [0x00000000eb800000,0x00000000eb800000,0x00000000f2c80000)
  from space 20480K, 64% used [0x00000000f2c80000,0x00000000f395fc48,0x00000000f4080000)
  to   space 20480K, 0% used [0x00000000f9b80000,0x00000000f9b80000,0x00000000faf80000)
 ParOldGen       total 59904K, used 24235K [0x00000000c2800000, 0x00000000c6280000, 0x00000000eb800000)
  object space 59904K, 40% used [0x00000000c2800000,0x00000000c3faac88,0x00000000c6280000)
 Metaspace       used 21114K, capacity 21316K, committed 21504K, reserved 1069056K
  class space    used 2434K, capacity 2523K, committed 2560K, reserved 1048576K
}
Event: 9,283 GC heap before
{Heap before GC invocations=9 (full 1):
 PSYoungGen      total 139776K, used 132479K [0x00000000eb800000, 0x00000000faf80000, 0x0000000100000000)
  eden space 119296K, 100% used [0x00000000eb800000,0x00000000f2c80000,0x00000000f2c80000)
  from space 20480K, 64% used [0x00000000f2c80000,0x00000000f395fc48,0x00000000f4080000)
  to   space 20480K, 0% used [0x00000000f9b80000,0x00000000f9b80000,0x00000000faf80000)
 ParOldGen       total 59904K, used 24235K [0x00000000c2800000, 0x00000000c6280000, 0x00000000eb800000)
  object space 59904K, 40% used [0x00000000c2800000,0x00000000c3faac88,0x00000000c6280000)
 Metaspace       used 21166K, capacity 21468K, committed 21760K, reserved 1069056K
  class space    used 2436K, capacity 2527K, committed 2560K, reserved 1048576K
Event: 9,314 GC heap after
Heap after GC invocations=9 (full 1):
 PSYoungGen      total 230400K, used 19322K [0x00000000eb800000, 0x00000000fb780000, 0x0000000100000000)
  eden space 209920K, 0% used [0x00000000eb800000,0x00000000eb800000,0x00000000f8500000)
  from space 20480K, 94% used [0x00000000f9b80000,0x00000000fae5e940,0x00000000faf80000)
  to   space 23040K, 0% used [0x00000000f8500000,0x00000000f8500000,0x00000000f9b80000)
 ParOldGen       total 67072K, used 64620K [0x00000000c2800000, 0x00000000c6980000, 0x00000000eb800000)
  object space 67072K, 96% used [0x00000000c2800000,0x00000000c671b1c8,0x00000000c6980000)
 Metaspace       used 21166K, capacity 21468K, committed 21760K, reserved 1069056K
  class space    used 2436K, capacity 2527K, committed 2560K, reserved 1048576K
}
Event: 9,314 GC heap before
{Heap before GC invocations=10 (full 2):
 PSYoungGen      total 230400K, used 19322K [0x00000000eb800000, 0x00000000fb780000, 0x0000000100000000)
  eden space 209920K, 0% used [0x00000000eb800000,0x00000000eb800000,0x00000000f8500000)
  from space 20480K, 94% used [0x00000000f9b80000,0x00000000fae5e940,0x00000000faf80000)
  to   space 23040K, 0% used [0x00000000f8500000,0x00000000f8500000,0x00000000f9b80000)
 ParOldGen       total 67072K, used 64620K [0x00000000c2800000, 0x00000000c6980000, 0x00000000eb800000)
  object space 67072K, 96% used [0x00000000c2800000,0x00000000c671b1c8,0x00000000c6980000)
 Metaspace       used 21166K, capacity 21468K, committed 21760K, reserved 1069056K
  class space    used 2436K, capacity 2527K, committed 2560K, reserved 1048576K
Event: 9,354 GC heap after
Heap after GC invocations=10 (full 2):
 PSYoungGen      total 230400K, used 0K [0x00000000eb800000, 0x00000000fb780000, 0x0000000100000000)
  eden space 209920K, 0% used [0x00000000eb800000,0x00000000eb800000,0x00000000f8500000)
  from space 20480K, 0% used [0x00000000f9b80000,0x00000000f9b80000,0x00000000faf80000)
  to   space 23040K, 0% used [0x00000000f8500000,0x00000000f8500000,0x00000000f9b80000)
 ParOldGen       total 108544K, used 54390K [0x00000000c2800000, 0x00000000c9200000, 0x00000000eb800000)
  object space 108544K, 50% used [0x00000000c2800000,0x00000000c5d1d9f8,0x00000000c9200000)
 Metaspace       used 21166K, capacity 21468K, committed 21760K, reserved 1069056K
  class space    used 2436K, capacity 2527K, committed 2560K, reserved 1048576K
}
Event: 113,136 GC heap before
{Heap before GC invocations=11 (full 2):
 PSYoungGen      total 230400K, used 209920K [0x00000000eb800000, 0x00000000fb780000, 0x0000000100000000)
  eden space 209920K, 100% used [0x00000000eb800000,0x00000000f8500000,0x00000000f8500000)
  from space 20480K, 0% used [0x00000000f9b80000,0x00000000f9b80000,0x00000000faf80000)
  to   space 23040K, 0% used [0x00000000f8500000,0x00000000f8500000,0x00000000f9b80000)
 ParOldGen       total 108544K, used 54390K [0x00000000c2800000, 0x00000000c9200000, 0x00000000eb800000)
  object space 108544K, 50% used [0x00000000c2800000,0x00000000c5d1d9f8,0x00000000c9200000)
 Metaspace       used 22351K, capacity 22588K, committed 22912K, reserved 1069056K
  class space    used 2558K, capacity 2623K, committed 2688K, reserved 1048576K
Event: 113,139 GC heap after
Heap after GC invocations=11 (full 2):
 PSYoungGen      total 232960K, used 699K [0x00000000eb800000, 0x0000000100000000, 0x0000000100000000)
  eden space 209920K, 0% used [0x00000000eb800000,0x00000000eb800000,0x00000000f8500000)
  from space 23040K, 3% used [0x00000000f8500000,0x00000000f85aec40,0x00000000f9b80000)
  to   space 24064K, 0% used [0x00000000fe880000,0x00000000fe880000,0x0000000100000000)
 ParOldGen       total 108544K, used 54398K [0x00000000c2800000, 0x00000000c9200000, 0x00000000eb800000)
  object space 108544K, 50% used [0x00000000c2800000,0x00000000c5d1f9f8,0x00000000c9200000)
 Metaspace       used 22351K, capacity 22588K, committed 22912K, reserved 1069056K
  class space    used 2558K, capacity 2623K, committed 2688K, reserved 1048576K
}

Deoptimization events (10 events):
Event: 6,752 Thread 0x00007f7b7c2df000 Uncommon trap: reason=bimorphic action=maybe_recompile pc=0x00007f7b6cab6bcc method=com.jme.scene.Spatial.updateRenderState([Ljava/util/Stack;)V @ 112
Event: 6,752 Thread 0x00007f7b7c2df000 Uncommon trap: reason=bimorphic action=maybe_recompile pc=0x00007f7b6cab6bcc method=com.jme.scene.Spatial.updateRenderState([Ljava/util/Stack;)V @ 112
Event: 11,435 Thread 0x00007f7b7c2df000 Uncommon trap: reason=unstable_if action=reinterpret pc=0x00007f7b6c96063c method=com.jme.math.Vector3f.cross(FFFLcom/jme/math/Vector3f;)Lcom/jme/math/Vector3f; @ 2
Event: 15,341 Thread 0x00007f7b7c2df000 Uncommon trap: reason=unstable_if action=reinterpret pc=0x00007f7b6cd0296c method=com.jme.bounding.BoundingBox.whichSide(Lcom/jme/math/Plane;)Lcom/jme/math/Plane$Side; @ 61
Event: 15,573 Thread 0x00007f7b7c2df000 Uncommon trap: reason=unstable_if action=reinterpret pc=0x00007f7b6cd267ac method=com.jme.math.Matrix4f.equals(Ljava/lang/Object;)Z @ 36
Event: 59,880 Thread 0x00007f7b7c2df000 Uncommon trap: reason=predicate action=maybe_recompile pc=0x00007f7b6cdfc5f4 method=java.util.Arrays.fill([Ljava/lang/Object;Ljava/lang/Object;)V @ 10
Event: 60,752 Thread 0x00007f7b7c2df000 Uncommon trap: reason=array_check action=maybe_recompile pc=0x00007f7b6cde60c8 method=java.util.Arrays.fill([Ljava/lang/Object;Ljava/lang/Object;)V @ 13
Event: 91,126 Thread 0x00007f7b7c21d000 Uncommon trap: reason=unstable_if action=reinterpret pc=0x00007f7b6cda810c method=java.util.concurrent.locks.ReentrantLock$Sync.nonfairTryAcquire(I)Z @ 19
Event: 128,967 Thread 0x00007f7b7c21d000 Uncommon trap: reason=unstable_if action=reinterpret pc=0x00007f7b6c68f0f0 method=java.util.concurrent.locks.ReentrantLock$Sync.nonfairTryAcquire(I)Z @ 19
Event: 258,151 Thread 0x00007f7b7c2df000 Uncommon trap: reason=unstable_if action=reinterpret pc=0x00007f7b6ce40a90 method=worldserver3d.gamestate.SimulationGameState.stateUpdate(F)V @ 1072

Classes redefined (0 events):
No events

Internal exceptions (10 events):
Event: 0,946 Thread 0x00007f7b7c2df000 Exception <a 'java/security/PrivilegedActionException'> (0x00000000ebaff248) thrown at [/HUDSON/workspace/8-2-build-linux-amd64/jdk8u161/10277/hotspot/src/share/vm/prims/jvm.cpp, line 1390]
Event: 0,946 Thread 0x00007f7b7c2df000 Exception <a 'java/security/PrivilegedActionException'> (0x00000000ebb04308) thrown at [/HUDSON/workspace/8-2-build-linux-amd64/jdk8u161/10277/hotspot/src/share/vm/prims/jvm.cpp, line 1390]
Event: 0,946 Thread 0x00007f7b7c2df000 Exception <a 'java/security/PrivilegedActionException'> (0x00000000ebb04f60) thrown at [/HUDSON/workspace/8-2-build-linux-amd64/jdk8u161/10277/hotspot/src/share/vm/prims/jvm.cpp, line 1390]
Event: 0,946 Thread 0x00007f7b7c2df000 Exception <a 'java/security/PrivilegedActionException'> (0x00000000ebb05b88) thrown at [/HUDSON/workspace/8-2-build-linux-amd64/jdk8u161/10277/hotspot/src/share/vm/prims/jvm.cpp, line 1390]
Event: 0,946 Thread 0x00007f7b7c2df000 Exception <a 'java/security/PrivilegedActionException'> (0x00000000ebb06d98) thrown at [/HUDSON/workspace/8-2-build-linux-amd64/jdk8u161/10277/hotspot/src/share/vm/prims/jvm.cpp, line 1390]
Event: 0,946 Thread 0x00007f7b7c2df000 Exception <a 'java/security/PrivilegedActionException'> (0x00000000ebb079f0) thrown at [/HUDSON/workspace/8-2-build-linux-amd64/jdk8u161/10277/hotspot/src/share/vm/prims/jvm.cpp, line 1390]
Event: 0,946 Thread 0x00007f7b7c2df000 Exception <a 'java/security/PrivilegedActionException'> (0x00000000ebb08618) thrown at [/HUDSON/workspace/8-2-build-linux-amd64/jdk8u161/10277/hotspot/src/share/vm/prims/jvm.cpp, line 1390]
Event: 0,946 Thread 0x00007f7b7c2df000 Exception <a 'java/security/PrivilegedActionException'> (0x00000000ebb097e8) thrown at [/HUDSON/workspace/8-2-build-linux-amd64/jdk8u161/10277/hotspot/src/share/vm/prims/jvm.cpp, line 1390]
Event: 0,946 Thread 0x00007f7b7c2df000 Exception <a 'java/security/PrivilegedActionException'> (0x00000000ebb0a440) thrown at [/HUDSON/workspace/8-2-build-linux-amd64/jdk8u161/10277/hotspot/src/share/vm/prims/jvm.cpp, line 1390]
Event: 0,946 Thread 0x00007f7b7c2df000 Exception <a 'java/security/PrivilegedActionException'> (0x00000000ebb0b068) thrown at [/HUDSON/workspace/8-2-build-linux-amd64/jdk8u161/10277/hotspot/src/share/vm/prims/jvm.cpp, line 1390]

Events (10 events):
Event: 292,082 Thread 0x00007f7b7c0b6800 flushing nmethod 0x00007f7b6c792550
Event: 300,426 Thread 0x00007f7b7c0b9000 flushing nmethod 0x00007f7b6c7e5f10
Event: 300,426 Thread 0x00007f7b7c0b9000 flushing nmethod 0x00007f7b6c7f2190
Event: 323,554 Thread 0x00007f7b7c0b6800 flushing nmethod 0x00007f7b6ca6c290
Event: 324,021 Thread 0x00007f7b7c0b6800 flushing nmethod 0x00007f7b6ca94ed0
Event: 324,021 Thread 0x00007f7b7c0b6800 flushing nmethod 0x00007f7b6caec9d0
Event: 324,193 Thread 0x00007f7b7c0b6800 flushing nmethod 0x00007f7b6cc9e2d0
Event: 324,193 Thread 0x00007f7b7c0b6800 flushing nmethod 0x00007f7b6ccbec50
Event: 324,203 Thread 0x00007f7b7c0b6800 flushing nmethod 0x00007f7b6cd07390
Event: 324,203 Thread 0x00007f7b7c0b6800 flushing nmethod 0x00007f7b6cd07750


Dynamic libraries:
00400000-00401000 r-xp 00000000 08:01 799722                             /usr/lib/jvm/java-8-oracle/jre/bin/java
00600000-00601000 rw-p 00000000 08:01 799722                             /usr/lib/jvm/java-8-oracle/jre/bin/java
01dbd000-01dde000 rw-p 00000000 00:00 0                                  [heap]
c2800000-c9200000 rw-p 00000000 00:00 0 
c9200000-eb800000 ---p 00000000 00:00 0 
eb800000-100000000 rw-p 00000000 00:00 0 
100000000-1002a0000 rw-p 00000000 00:00 0 
1002a0000-140000000 ---p 00000000 00:00 0 
7f7b12332000-7f7b1319d000 rw-p 00000000 00:00 0 
7f7b1319d000-7f7b131a0000 ---p 00000000 00:00 0 
7f7b131a0000-7f7b1329e000 rw-p 00000000 00:00 0 
7f7b1329e000-7f7b132a1000 ---p 00000000 00:00 0 
7f7b132a1000-7f7b1339f000 rw-p 00000000 00:00 0 
7f7b1339f000-7f7b133a2000 ---p 00000000 00:00 0 
7f7b133a2000-7f7b134a0000 rw-p 00000000 00:00 0 
7f7b134a0000-7f7b134a3000 ---p 00000000 00:00 0 
7f7b134a3000-7f7b135a1000 rw-p 00000000 00:00 0 
7f7b135a1000-7f7b135a4000 ---p 00000000 00:00 0 
7f7b135a4000-7f7b13862000 rw-p 00000000 00:00 0 
7f7b13862000-7f7b138a5000 ---p 00000000 00:00 0 
7f7b138a5000-7f7b143a6000 rw-p 00000000 00:00 0 
7f7b143a6000-7f7b143e1000 r-xp 00000000 08:01 799989                     /usr/lib/jvm/java-8-oracle/jre/lib/amd64/libjpeg.so
7f7b143e1000-7f7b145e0000 ---p 0003b000 08:01 799989                     /usr/lib/jvm/java-8-oracle/jre/lib/amd64/libjpeg.so
7f7b145e0000-7f7b145e1000 rw-p 0003a000 08:01 799989                     /usr/lib/jvm/java-8-oracle/jre/lib/amd64/libjpeg.so
7f7b145e1000-7f7b147e1000 rw-p 00000000 00:00 0 
7f7b147e1000-7f7b147e2000 ---p 00000000 00:00 0 
7f7b147e2000-7f7b148e2000 rw-p 00000000 00:00 0 
7f7b148e2000-7f7b188e3000 rw-s 00000000 00:16 22090                      /dev/shm/pulse-shm-3748943213
7f7b188e3000-7f7b1c8e4000 rw-s 00000000 00:16 879126                     /dev/shm/pulse-shm-577547360
7f7b1c8e4000-7f7b1c8e5000 ---p 00000000 00:00 0 
7f7b1c8e5000-7f7b1d0e5000 rw-p 00000000 00:00 0 
7f7b1d0e5000-7f7b1d10f000 r-xp 00000000 08:01 535397                     /usr/lib/x86_64-linux-gnu/libvorbis.so.0.4.8
7f7b1d10f000-7f7b1d30f000 ---p 0002a000 08:01 535397                     /usr/lib/x86_64-linux-gnu/libvorbis.so.0.4.8
7f7b1d30f000-7f7b1d310000 r--p 0002a000 08:01 535397                     /usr/lib/x86_64-linux-gnu/libvorbis.so.0.4.8
7f7b1d310000-7f7b1d311000 rw-p 0002b000 08:01 535397                     /usr/lib/x86_64-linux-gnu/libvorbis.so.0.4.8
7f7b1d311000-7f7b1d318000 r-xp 00000000 08:01 535055                     /usr/lib/x86_64-linux-gnu/libogg.so.0.8.2
7f7b1d318000-7f7b1d518000 ---p 00007000 08:01 535055                     /usr/lib/x86_64-linux-gnu/libogg.so.0.8.2
7f7b1d518000-7f7b1d519000 r--p 00007000 08:01 535055                     /usr/lib/x86_64-linux-gnu/libogg.so.0.8.2
7f7b1d519000-7f7b1d51a000 rw-p 00008000 08:01 535055                     /usr/lib/x86_64-linux-gnu/libogg.so.0.8.2
7f7b1d51a000-7f7b1d52c000 r-xp 00000000 08:01 267900                     /lib/x86_64-linux-gnu/libgpg-error.so.0.17.0
7f7b1d52c000-7f7b1d72c000 ---p 00012000 08:01 267900                     /lib/x86_64-linux-gnu/libgpg-error.so.0.17.0
7f7b1d72c000-7f7b1d72d000 r--p 00012000 08:01 267900                     /lib/x86_64-linux-gnu/libgpg-error.so.0.17.0
7f7b1d72d000-7f7b1d72e000 rw-p 00013000 08:01 267900                     /lib/x86_64-linux-gnu/libgpg-error.so.0.17.0
7f7b1d72e000-7f7b1d79c000 r-xp 00000000 08:01 267985                     /lib/x86_64-linux-gnu/libpcre.so.3.13.2
7f7b1d79c000-7f7b1d99c000 ---p 0006e000 08:01 267985                     /lib/x86_64-linux-gnu/libpcre.so.3.13.2
7f7b1d99c000-7f7b1d99d000 r--p 0006e000 08:01 267985                     /lib/x86_64-linux-gnu/libpcre.so.3.13.2
7f7b1d99d000-7f7b1d99e000 rw-p 0006f000 08:01 267985                     /lib/x86_64-linux-gnu/libpcre.so.3.13.2
7f7b1d99e000-7f7b1d9b5000 r-xp 00000000 08:01 268008                     /lib/x86_64-linux-gnu/libresolv-2.23.so
7f7b1d9b5000-7f7b1dbb5000 ---p 00017000 08:01 268008                     /lib/x86_64-linux-gnu/libresolv-2.23.so
7f7b1dbb5000-7f7b1dbb6000 r--p 00017000 08:01 268008                     /lib/x86_64-linux-gnu/libresolv-2.23.so
7f7b1dbb6000-7f7b1dbb7000 rw-p 00018000 08:01 268008                     /lib/x86_64-linux-gnu/libresolv-2.23.so
7f7b1dbb7000-7f7b1dbb9000 rw-p 00000000 00:00 0 
7f7b1dbb9000-7f7b1dc46000 r-xp 00000000 08:01 535399                     /usr/lib/x86_64-linux-gnu/libvorbisenc.so.2.0.11
7f7b1dc46000-7f7b1de45000 ---p 0008d000 08:01 535399                     /usr/lib/x86_64-linux-gnu/libvorbisenc.so.2.0.11
7f7b1de45000-7f7b1de61000 r--p 0008c000 08:01 535399                     /usr/lib/x86_64-linux-gnu/libvorbisenc.so.2.0.11
7f7b1de61000-7f7b1de62000 rw-p 000a8000 08:01 535399                     /usr/lib/x86_64-linux-gnu/libvorbisenc.so.2.0.11
7f7b1de62000-7f7b1ded5000 r-xp 00000000 08:01 533923                     /usr/lib/x86_64-linux-gnu/libFLAC.so.8.3.0
7f7b1ded5000-7f7b1e0d5000 ---p 00073000 08:01 533923                     /usr/lib/x86_64-linux-gnu/libFLAC.so.8.3.0
7f7b1e0d5000-7f7b1e0d6000 r--p 00073000 08:01 533923                     /usr/lib/x86_64-linux-gnu/libFLAC.so.8.3.0
7f7b1e0d6000-7f7b1e0d7000 rw-p 00074000 08:01 533923                     /usr/lib/x86_64-linux-gnu/libFLAC.so.8.3.0
7f7b1e0d7000-7f7b1e1af000 r-xp 00000000 08:01 267896                     /lib/x86_64-linux-gnu/libgcrypt.so.20.0.5
7f7b1e1af000-7f7b1e3ae000 ---p 000d8000 08:01 267896                     /lib/x86_64-linux-gnu/libgcrypt.so.20.0.5
7f7b1e3ae000-7f7b1e3af000 r--p 000d7000 08:01 267896                     /lib/x86_64-linux-gnu/libgcrypt.so.20.0.5
7f7b1e3af000-7f7b1e3b7000 rw-p 000d8000 08:01 267896                     /lib/x86_64-linux-gnu/libgcrypt.so.20.0.5
7f7b1e3b7000-7f7b1e3b8000 rw-p 00000000 00:00 0 
7f7b1e3b8000-7f7b1e3d9000 r-xp 00000000 08:01 267923                     /lib/x86_64-linux-gnu/liblzma.so.5.0.0
7f7b1e3d9000-7f7b1e5d8000 ---p 00021000 08:01 267923                     /lib/x86_64-linux-gnu/liblzma.so.5.0.0
7f7b1e5d8000-7f7b1e5d9000 r--p 00020000 08:01 267923                     /lib/x86_64-linux-gnu/liblzma.so.5.0.0
7f7b1e5d9000-7f7b1e5da000 rw-p 00021000 08:01 267923                     /lib/x86_64-linux-gnu/liblzma.so.5.0.0
7f7b1e5da000-7f7b1e5f9000 r-xp 00000000 08:01 268014                     /lib/x86_64-linux-gnu/libselinux.so.1
7f7b1e5f9000-7f7b1e7f8000 ---p 0001f000 08:01 268014                     /lib/x86_64-linux-gnu/libselinux.so.1
7f7b1e7f8000-7f7b1e7f9000 r--p 0001e000 08:01 268014                     /lib/x86_64-linux-gnu/libselinux.so.1
7f7b1e7f9000-7f7b1e7fa000 rw-p 0001f000 08:01 268014                     /lib/x86_64-linux-gnu/libselinux.so.1
7f7b1e7fa000-7f7b1e7fc000 rw-p 00000000 00:00 0 
7f7b1e7fc000-7f7b1e801000 r-xp 00000000 08:01 534181                     /usr/lib/x86_64-linux-gnu/libasyncns.so.0.3.1
7f7b1e801000-7f7b1ea00000 ---p 00005000 08:01 534181                     /usr/lib/x86_64-linux-gnu/libasyncns.so.0.3.1
7f7b1ea00000-7f7b1ea01000 r--p 00004000 08:01 534181                     /usr/lib/x86_64-linux-gnu/libasyncns.so.0.3.1
7f7b1ea01000-7f7b1ea02000 rw-p 00005000 08:01 534181                     /usr/lib/x86_64-linux-gnu/libasyncns.so.0.3.1
7f7b1ea02000-7f7b1ea64000 r-xp 00000000 08:01 535271                     /usr/lib/x86_64-linux-gnu/libsndfile.so.1.0.25
7f7b1ea64000-7f7b1ec64000 ---p 00062000 08:01 535271                     /usr/lib/x86_64-linux-gnu/libsndfile.so.1.0.25
7f7b1ec64000-7f7b1ec66000 r--p 00062000 08:01 535271                     /usr/lib/x86_64-linux-gnu/libsndfile.so.1.0.25
7f7b1ec66000-7f7b1ec67000 rw-p 00064000 08:01 535271                     /usr/lib/x86_64-linux-gnu/libsndfile.so.1.0.25
7f7b1ec67000-7f7b1ec6b000 rw-p 00000000 00:00 0 
7f7b1ec6b000-7f7b1ec73000 r-xp 00000000 08:01 268042                     /lib/x86_64-linux-gnu/libwrap.so.0.7.6
7f7b1ec73000-7f7b1ee72000 ---p 00008000 08:01 268042                     /lib/x86_64-linux-gnu/libwrap.so.0.7.6
7f7b1ee72000-7f7b1ee73000 r--p 00007000 08:01 268042                     /lib/x86_64-linux-gnu/libwrap.so.0.7.6
7f7b1ee73000-7f7b1ee74000 rw-p 00008000 08:01 268042                     /lib/x86_64-linux-gnu/libwrap.so.0.7.6
7f7b1ee74000-7f7b1ee75000 rw-p 00000000 00:00 0 
7f7b1ee75000-7f7b1eebf000 r-xp 00000000 08:01 267872                     /lib/x86_64-linux-gnu/libdbus-1.so.3.14.6
7f7b1eebf000-7f7b1f0bf000 ---p 0004a000 08:01 267872                     /lib/x86_64-linux-gnu/libdbus-1.so.3.14.6
7f7b1f0bf000-7f7b1f0c0000 r--p 0004a000 08:01 267872                     /lib/x86_64-linux-gnu/libdbus-1.so.3.14.6
7f7b1f0c0000-7f7b1f0c1000 rw-p 0004b000 08:01 267872                     /lib/x86_64-linux-gnu/libdbus-1.so.3.14.6
7f7b1f0c1000-7f7b1f13b000 r-xp 00000000 08:01 792664                     /usr/lib/x86_64-linux-gnu/pulseaudio/libpulsecommon-8.0.so
7f7b1f13b000-7f7b1f33a000 ---p 0007a000 08:01 792664                     /usr/lib/x86_64-linux-gnu/pulseaudio/libpulsecommon-8.0.so
7f7b1f33a000-7f7b1f33b000 r--p 00079000 08:01 792664                     /usr/lib/x86_64-linux-gnu/pulseaudio/libpulsecommon-8.0.so
7f7b1f33b000-7f7b1f33c000 rw-p 0007a000 08:01 792664                     /usr/lib/x86_64-linux-gnu/pulseaudio/libpulsecommon-8.0.so
7f7b1f33c000-7f7b1f346000 r-xp 00000000 08:01 267915                     /lib/x86_64-linux-gnu/libjson-c.so.2.0.0
7f7b1f346000-7f7b1f545000 ---p 0000a000 08:01 267915                     /lib/x86_64-linux-gnu/libjson-c.so.2.0.0
7f7b1f545000-7f7b1f546000 r--p 00009000 08:01 267915                     /lib/x86_64-linux-gnu/libjson-c.so.2.0.0
7f7b1f546000-7f7b1f547000 rw-p 0000a000 08:01 267915                     /lib/x86_64-linux-gnu/libjson-c.so.2.0.0
7f7b1f547000-7f7b1f595000 r-xp 00000000 08:01 535154                     /usr/lib/x86_64-linux-gnu/libpulse.so.0.19.0
7f7b1f595000-7f7b1f795000 ---p 0004e000 08:01 535154                     /usr/lib/x86_64-linux-gnu/libpulse.so.0.19.0
7f7b1f795000-7f7b1f796000 r--p 0004e000 08:01 535154                     /usr/lib/x86_64-linux-gnu/libpulse.so.0.19.0
7f7b1f796000-7f7b1f797000 rw-p 0004f000 08:01 535154                     /usr/lib/x86_64-linux-gnu/libpulse.so.0.19.0
7f7b1f797000-7f7b1f7ec000 r-xp 00000000 08:01 1586206                    /home/fabiogr/Projects/IA941/Aula1/ws3d/libopenal64.so
7f7b1f7ec000-7f7b1f9eb000 ---p 00055000 08:01 1586206                    /home/fabiogr/Projects/IA941/Aula1/ws3d/libopenal64.so
7f7b1f9eb000-7f7b1f9ee000 r--p 00054000 08:01 1586206                    /home/fabiogr/Projects/IA941/Aula1/ws3d/libopenal64.so
7f7b1f9ee000-7f7b1f9ef000 rw-p 00057000 08:01 1586206                    /home/fabiogr/Projects/IA941/Aula1/ws3d/libopenal64.so
7f7b1f9ef000-7f7b1f9f0000 rw-p 00000000 00:00 0 
7f7b1f9f0000-7f7b203f0000 rwxp 00000000 00:00 0 
7f7b203f0000-7f7b205f0000 rw-p 00000000 00:00 0 
7f7b205f0000-7f7b20bf2000 rw-p 00000000 00:00 0 
7f7b20bf2000-7f7b20c29000 r-xp 00000000 08:01 535347                     /usr/lib/x86_64-linux-gnu/libtxc_dxtn_s2tc.so.0.0.0
7f7b20c29000-7f7b20e28000 ---p 00037000 08:01 535347                     /usr/lib/x86_64-linux-gnu/libtxc_dxtn_s2tc.so.0.0.0
7f7b20e28000-7f7b20e29000 r--p 00036000 08:01 535347                     /usr/lib/x86_64-linux-gnu/libtxc_dxtn_s2tc.so.0.0.0
7f7b20e29000-7f7b20e2a000 rw-p 00037000 08:01 535347                     /usr/lib/x86_64-linux-gnu/libtxc_dxtn_s2tc.so.0.0.0
7f7b20e2a000-7f7b20e2b000 ---p 00000000 00:00 0 
7f7b20e2b000-7f7b2162b000 rw-p 00000000 00:00 0 
7f7b2162b000-7f7b2162c000 ---p 00000000 00:00 0 
7f7b2162c000-7f7b21e2c000 rw-p 00000000 00:00 0 
7f7b21e2c000-7f7b21e3f000 r-xp 00000000 08:01 267852                     /lib/x86_64-linux-gnu/libbsd.so.0.8.2
7f7b21e3f000-7f7b2203e000 ---p 00013000 08:01 267852                     /lib/x86_64-linux-gnu/libbsd.so.0.8.2
7f7b2203e000-7f7b2203f000 r--p 00012000 08:01 267852                     /lib/x86_64-linux-gnu/libbsd.so.0.8.2
7f7b2203f000-7f7b22040000 rw-p 00013000 08:01 267852                     /lib/x86_64-linux-gnu/libbsd.so.0.8.2
7f7b22040000-7f7b22041000 rw-p 00000000 00:00 0 
7f7b22041000-7f7b22066000 r-xp 00000000 08:01 268028                     /lib/x86_64-linux-gnu/libtinfo.so.5.9
7f7b22066000-7f7b22265000 ---p 00025000 08:01 268028                     /lib/x86_64-linux-gnu/libtinfo.so.5.9
7f7b22265000-7f7b22269000 r--p 00024000 08:01 268028                     /lib/x86_64-linux-gnu/libtinfo.so.5.9
7f7b22269000-7f7b2226a000 rw-p 00028000 08:01 268028                     /lib/x86_64-linux-gnu/libtinfo.so.5.9
7f7b2226a000-7f7b2229b000 r-xp 00000000 08:01 534426                     /usr/lib/x86_64-linux-gnu/libedit.so.2.0.53
7f7b2229b000-7f7b2249b000 ---p 00031000 08:01 534426                     /usr/lib/x86_64-linux-gnu/libedit.so.2.0.53
7f7b2249b000-7f7b2249d000 r--p 00031000 08:01 534426                     /usr/lib/x86_64-linux-gnu/libedit.so.2.0.53
7f7b2249d000-7f7b2249e000 rw-p 00033000 08:01 534426                     /usr/lib/x86_64-linux-gnu/libedit.so.2.0.53
7f7b2249e000-7f7b224a2000 rw-p 00000000 00:00 0 
7f7b224a2000-7f7b224a9000 r-xp 00000000 08:01 534467                     /usr/lib/x86_64-linux-gnu/libffi.so.6.0.4
7f7b224a9000-7f7b226a8000 ---p 00007000 08:01 534467                     /usr/lib/x86_64-linux-gnu/libffi.so.6.0.4
7f7b226a8000-7f7b226a9000 r--p 00006000 08:01 534467                     /usr/lib/x86_64-linux-gnu/libffi.so.6.0.4
7f7b226a9000-7f7b226aa000 rw-p 00007000 08:01 534467                     /usr/lib/x86_64-linux-gnu/libffi.so.6.0.4
7f7b226aa000-7f7b226c3000 r-xp 00000000 08:01 268047                     /lib/x86_64-linux-gnu/libz.so.1.2.8
7f7b226c3000-7f7b228c2000 ---p 00019000 08:01 268047                     /lib/x86_64-linux-gnu/libz.so.1.2.8
7f7b228c2000-7f7b228c3000 r--p 00018000 08:01 268047                     /lib/x86_64-linux-gnu/libz.so.1.2.8
7f7b228c3000-7f7b228c4000 rw-p 00019000 08:01 268047                     /lib/x86_64-linux-gnu/libz.so.1.2.8
7f7b228c4000-7f7b22a36000 r-xp 00000000 08:01 535297                     /usr/lib/x86_64-linux-gnu/libstdc++.so.6.0.21
7f7b22a36000-7f7b22c36000 ---p 00172000 08:01 535297                     /usr/lib/x86_64-linux-gnu/libstdc++.so.6.0.21
7f7b22c36000-7f7b22c40000 r--p 00172000 08:01 535297                     /usr/lib/x86_64-linux-gnu/libstdc++.so.6.0.21
7f7b22c40000-7f7b22c42000 rw-p 0017c000 08:01 535297                     /usr/lib/x86_64-linux-gnu/libstdc++.so.6.0.21
7f7b22c42000-7f7b22c46000 rw-p 00000000 00:00 0 
7f7b22c46000-7f7b25824000 r-xp 00000000 08:01 533955                     /usr/lib/x86_64-linux-gnu/libLLVM-4.0.so.1
7f7b25824000-7f7b25825000 ---p 02bde000 08:01 533955                     /usr/lib/x86_64-linux-gnu/libLLVM-4.0.so.1
7f7b25825000-7f7b25b39000 r--p 02bde000 08:01 533955                     /usr/lib/x86_64-linux-gnu/libLLVM-4.0.so.1
7f7b25b39000-7f7b25b3e000 rw-p 02ef2000 08:01 533955                     /usr/lib/x86_64-linux-gnu/libLLVM-4.0.so.1
7f7b25b3e000-7f7b25b8d000 rw-p 00000000 00:00 0 
7f7b25b8d000-7f7b25ba4000 r-xp 00000000 08:01 534431                     /usr/lib/x86_64-linux-gnu/libelf-0.165.so
7f7b25ba4000-7f7b25da3000 ---p 00017000 08:01 534431                     /usr/lib/x86_64-linux-gnu/libelf-0.165.so
7f7b25da3000-7f7b25da4000 r--p 00016000 08:01 534431                     /usr/lib/x86_64-linux-gnu/libelf-0.165.so
7f7b25da4000-7f7b25da5000 rw-p 00017000 08:01 534431                     /usr/lib/x86_64-linux-gnu/libelf-0.165.so
7f7b25da5000-7f7b25dae000 r-xp 00000000 08:01 534396                     /usr/lib/x86_64-linux-gnu/libdrm_amdgpu.so.1.0.0
7f7b25dae000-7f7b25fad000 ---p 00009000 08:01 534396                     /usr/lib/x86_64-linux-gnu/libdrm_amdgpu.so.1.0.0
7f7b25fad000-7f7b25fae000 r--p 00008000 08:01 534396                     /usr/lib/x86_64-linux-gnu/libdrm_amdgpu.so.1.0.0
7f7b25fae000-7f7b25faf000 rw-p 00009000 08:01 534396                     /usr/lib/x86_64-linux-gnu/libdrm_amdgpu.so.1.0.0
7f7b25faf000-7f7b25fba000 r-xp 00000000 08:01 534402                     /usr/lib/x86_64-linux-gnu/libdrm_radeon.so.1.0.1
7f7b25fba000-7f7b261b9000 ---p 0000b000 08:01 534402                     /usr/lib/x86_64-linux-gnu/libdrm_radeon.so.1.0.1
7f7b261b9000-7f7b261ba000 r--p 0000a000 08:01 534402                     /usr/lib/x86_64-linux-gnu/libdrm_radeon.so.1.0.1
7f7b261ba000-7f7b261bb000 rw-p 0000b000 08:01 534402                     /usr/lib/x86_64-linux-gnu/libdrm_radeon.so.1.0.1
7f7b261bb000-7f7b261c2000 r-xp 00000000 08:01 534400                     /usr/lib/x86_64-linux-gnu/libdrm_nouveau.so.2.0.0
7f7b261c2000-7f7b263c1000 ---p 00007000 08:01 534400                     /usr/lib/x86_64-linux-gnu/libdrm_nouveau.so.2.0.0
7f7b263c1000-7f7b263c2000 r--p 00006000 08:01 534400                     /usr/lib/x86_64-linux-gnu/libdrm_nouveau.so.2.0.0
7f7b263c2000-7f7b263c3000 rw-p 00007000 08:01 534400                     /usr/lib/x86_64-linux-gnu/libdrm_nouveau.so.2.0.0
7f7b263c3000-7f7b263d1000 r-xp 00000000 08:01 535241                     /usr/lib/x86_64-linux-gnu/libsensors.so.4.4.0
7f7b263d1000-7f7b265d0000 ---p 0000e000 08:01 535241                     /usr/lib/x86_64-linux-gnu/libsensors.so.4.4.0
7f7b265d0000-7f7b265d1000 r--p 0000d000 08:01 535241                     /usr/lib/x86_64-linux-gnu/libsensors.so.4.4.0
7f7b265d1000-7f7b265d2000 rw-p 0000e000 08:01 535241                     /usr/lib/x86_64-linux-gnu/libsensors.so.4.4.0
7f7b265d2000-7f7b26f5f000 r-xp 00000000 08:01 789857                     /usr/lib/x86_64-linux-gnu/dri/swrast_dri.so
7f7b26f5f000-7f7b2715f000 ---p 0098d000 08:01 789857                     /usr/lib/x86_64-linux-gnu/dri/swrast_dri.so
7f7b2715f000-7f7b2719a000 r--p 0098d000 08:01 789857                     /usr/lib/x86_64-linux-gnu/dri/swrast_dri.so
7f7b2719a000-7f7b271a6000 rw-p 009c8000 08:01 789857                     /usr/lib/x86_64-linux-gnu/dri/swrast_dri.so
7f7b271a6000-7f7b2739d000 rw-p 00000000 00:00 0 
7f7b2739d000-7f7b273ad000 r-xp 00000000 08:01 534394                     /usr/lib/x86_64-linux-gnu/libdrm.so.2.4.0
7f7b273ad000-7f7b275ac000 ---p 00010000 08:01 534394                     /usr/lib/x86_64-linux-gnu/libdrm.so.2.4.0
7f7b275ac000-7f7b275ad000 r--p 0000f000 08:01 534394                     /usr/lib/x86_64-linux-gnu/libdrm.so.2.4.0
7f7b275ad000-7f7b275ae000 rw-p 00010000 08:01 534394                     /usr/lib/x86_64-linux-gnu/libdrm.so.2.4.0
7f7b275ae000-7f7b275b2000 r-xp 00000000 08:01 535496                     /usr/lib/x86_64-linux-gnu/libxcb-dri2.so.0.0.0
7f7b275b2000-7f7b277b1000 ---p 00004000 08:01 535496                     /usr/lib/x86_64-linux-gnu/libxcb-dri2.so.0.0.0
7f7b277b1000-7f7b277b2000 r--p 00003000 08:01 535496                     /usr/lib/x86_64-linux-gnu/libxcb-dri2.so.0.0.0
7f7b277b2000-7f7b277b3000 rw-p 00004000 08:01 535496                     /usr/lib/x86_64-linux-gnu/libxcb-dri2.so.0.0.0
7f7b277b3000-7f7b277ca000 r-xp 00000000 08:01 535500                     /usr/lib/x86_64-linux-gnu/libxcb-glx.so.0.0.0
7f7b277ca000-7f7b279c9000 ---p 00017000 08:01 535500                     /usr/lib/x86_64-linux-gnu/libxcb-glx.so.0.0.0
7f7b279c9000-7f7b279cb000 r--p 00016000 08:01 535500                     /usr/lib/x86_64-linux-gnu/libxcb-glx.so.0.0.0
7f7b279cb000-7f7b279cc000 rw-p 00018000 08:01 535500                     /usr/lib/x86_64-linux-gnu/libxcb-glx.so.0.0.0
7f7b279cc000-7f7b279cd000 r-xp 00000000 08:01 534076                     /usr/lib/x86_64-linux-gnu/libX11-xcb.so.1.0.0
7f7b279cd000-7f7b27bcc000 ---p 00001000 08:01 534076                     /usr/lib/x86_64-linux-gnu/libX11-xcb.so.1.0.0
7f7b27bcc000-7f7b27bcd000 r--p 00000000 08:01 534076                     /usr/lib/x86_64-linux-gnu/libX11-xcb.so.1.0.0
7f7b27bcd000-7f7b27bce000 rw-p 00001000 08:01 534076                     /usr/lib/x86_64-linux-gnu/libX11-xcb.so.1.0.0
7f7b27bce000-7f7b27bd0000 r-xp 00000000 08:01 534091                     /usr/lib/x86_64-linux-gnu/libXdamage.so.1.1.0
7f7b27bd0000-7f7b27dcf000 ---p 00002000 08:01 534091                     /usr/lib/x86_64-linux-gnu/libXdamage.so.1.1.0
7f7b27dcf000-7f7b27dd0000 r--p 00001000 08:01 534091                     /usr/lib/x86_64-linux-gnu/libXdamage.so.1.1.0
7f7b27dd0000-7f7b27dd1000 rw-p 00002000 08:01 534091                     /usr/lib/x86_64-linux-gnu/libXdamage.so.1.1.0
7f7b27dd1000-7f7b27dfb000 r-xp 00000000 08:01 534613                     /usr/lib/x86_64-linux-gnu/libglapi.so.0.0.0
7f7b27dfb000-7f7b27ffa000 ---p 0002a000 08:01 534613                     /usr/lib/x86_64-linux-gnu/libglapi.so.0.0.0
7f7b27ffa000-7f7b27ffe000 r--p 00029000 08:01 534613                     /usr/lib/x86_64-linux-gnu/libglapi.so.0.0.0
7f7b27ffe000-7f7b27fff000 rw-p 0002d000 08:01 534613                     /usr/lib/x86_64-linux-gnu/libglapi.so.0.0.0
7f7b27fff000-7f7b28000000 rw-p 00000000 00:00 0 
7f7b28000000-7f7b28219000 rw-p 00000000 00:00 0 
7f7b28219000-7f7b2c000000 ---p 00000000 00:00 0 
7f7b2c0d4000-7f7b2c0d5000 r-xp 00000000 08:01 535567                     /usr/lib/x86_64-linux-gnu/libxshmfence.so.1.0.0
7f7b2c0d5000-7f7b2c2d5000 ---p 00001000 08:01 535567                     /usr/lib/x86_64-linux-gnu/libxshmfence.so.1.0.0
7f7b2c2d5000-7f7b2c2d6000 r--p 00001000 08:01 535567                     /usr/lib/x86_64-linux-gnu/libxshmfence.so.1.0.0
7f7b2c2d6000-7f7b2c2d7000 rw-p 00002000 08:01 535567                     /usr/lib/x86_64-linux-gnu/libxshmfence.so.1.0.0
7f7b2c2d7000-7f7b2c2dc000 r-xp 00000000 08:01 535520                     /usr/lib/x86_64-linux-gnu/libxcb-sync.so.1.0.0
7f7b2c2dc000-7f7b2c4dc000 ---p 00005000 08:01 535520                     /usr/lib/x86_64-linux-gnu/libxcb-sync.so.1.0.0
7f7b2c4dc000-7f7b2c4dd000 r--p 00005000 08:01 535520                     /usr/lib/x86_64-linux-gnu/libxcb-sync.so.1.0.0
7f7b2c4dd000-7f7b2c4de000 rw-p 00006000 08:01 535520                     /usr/lib/x86_64-linux-gnu/libxcb-sync.so.1.0.0
7f7b2c4de000-7f7b2c4e0000 r-xp 00000000 08:01 535508                     /usr/lib/x86_64-linux-gnu/libxcb-present.so.0.0.0
7f7b2c4e0000-7f7b2c6df000 ---p 00002000 08:01 535508                     /usr/lib/x86_64-linux-gnu/libxcb-present.so.0.0.0
7f7b2c6df000-7f7b2c6e0000 r--p 00001000 08:01 535508                     /usr/lib/x86_64-linux-gnu/libxcb-present.so.0.0.0
7f7b2c6e0000-7f7b2c6e1000 rw-p 00002000 08:01 535508                     /usr/lib/x86_64-linux-gnu/libxcb-present.so.0.0.0
7f7b2c6e1000-7f7b2c6e3000 r-xp 00000000 08:01 535498                     /usr/lib/x86_64-linux-gnu/libxcb-dri3.so.0.0.0
7f7b2c6e3000-7f7b2c8e2000 ---p 00002000 08:01 535498                     /usr/lib/x86_64-linux-gnu/libxcb-dri3.so.0.0.0
7f7b2c8e2000-7f7b2c8e3000 r--p 00001000 08:01 535498                     /usr/lib/x86_64-linux-gnu/libxcb-dri3.so.0.0.0
7f7b2c8e3000-7f7b2c8e4000 rw-p 00002000 08:01 535498                     /usr/lib/x86_64-linux-gnu/libxcb-dri3.so.0.0.0
7f7b2c8e4000-7f7b2c90a000 r-xp 00000000 08:01 267887                     /lib/x86_64-linux-gnu/libexpat.so.1.6.0
7f7b2c90a000-7f7b2cb0a000 ---p 00026000 08:01 267887                     /lib/x86_64-linux-gnu/libexpat.so.1.6.0
7f7b2cb0a000-7f7b2cb0c000 r--p 00026000 08:01 267887                     /lib/x86_64-linux-gnu/libexpat.so.1.6.0
7f7b2cb0c000-7f7b2cb0d000 rw-p 00028000 08:01 267887                     /lib/x86_64-linux-gnu/libexpat.so.1.6.0
7f7b2cb0d000-7f7b2cb7b000 r-xp 00000000 08:01 791494                     /usr/lib/x86_64-linux-gnu/mesa/libGL.so.1.2.0
7f7b2cb7b000-7f7b2cd7a000 ---p 0006e000 08:01 791494                     /usr/lib/x86_64-linux-gnu/mesa/libGL.so.1.2.0
7f7b2cd7a000-7f7b2cd7d000 r--p 0006d000 08:01 791494                     /usr/lib/x86_64-linux-gnu/mesa/libGL.so.1.2.0
7f7b2cd7d000-7f7b2cd7e000 rw-p 00070000 08:01 791494                     /usr/lib/x86_64-linux-gnu/mesa/libGL.so.1.2.0
7f7b2cd7e000-7f7b2cd7f000 rw-p 00000000 00:00 0 
7f7b2cd7f000-7f7b2cde9000 r-xp 00000000 08:01 800005                     /usr/lib/jvm/java-8-oracle/jre/lib/amd64/libt2k.so
7f7b2cde9000-7f7b2cfe8000 ---p 0006a000 08:01 800005                     /usr/lib/jvm/java-8-oracle/jre/lib/amd64/libt2k.so
7f7b2cfe8000-7f7b2cfef000 rw-p 00069000 08:01 800005                     /usr/lib/jvm/java-8-oracle/jre/lib/amd64/libt2k.so
7f7b2cfef000-7f7b30000000 rw-p 00000000 00:00 0 
7f7b30000000-7f7b3345d000 rw-p 00000000 00:00 0 
7f7b3345d000-7f7b34000000 ---p 00000000 00:00 0 
7f7b34000000-7f7b34066000 rw-p 00000000 00:00 0 
7f7b34066000-7f7b38000000 ---p 00000000 00:00 0 
7f7b38000000-7f7b38021000 rw-p 00000000 00:00 0 
7f7b38021000-7f7b3c000000 ---p 00000000 00:00 0 
7f7b3c000000-7f7b3c021000 rw-p 00000000 00:00 0 
7f7b3c021000-7f7b40000000 ---p 00000000 00:00 0 
7f7b40000000-7f7b40e1b000 rw-p 00000000 00:00 0 
7f7b40e1b000-7f7b44000000 ---p 00000000 00:00 0 
7f7b44000000-7f7b44021000 rw-p 00000000 00:00 0 
7f7b44021000-7f7b48000000 ---p 00000000 00:00 0 
7f7b48000000-7f7b499f2000 rw-p 00000000 00:00 0 
7f7b499f2000-7f7b4c000000 ---p 00000000 00:00 0 
7f7b4c000000-7f7b4d06d000 rw-p 00000000 00:00 0 
7f7b4d06d000-7f7b50000000 ---p 00000000 00:00 0 
7f7b50004000-7f7b50009000 r--s 002f9000 08:01 799826                     /usr/lib/jvm/java-8-oracle/jre/lib/charsets.jar
7f7b50009000-7f7b50043000 r-xp 00000000 00:00 0 
7f7b50043000-7f7b500c3000 r-xp 00000000 08:01 268024                     /lib/x86_64-linux-gnu/libsystemd.so.0.14.0
7f7b500c3000-7f7b500c6000 r--p 0007f000 08:01 268024                     /lib/x86_64-linux-gnu/libsystemd.so.0.14.0
7f7b500c6000-7f7b500c7000 rw-p 00082000 08:01 268024                     /lib/x86_64-linux-gnu/libsystemd.so.0.14.0
7f7b500c7000-7f7b500c8000 rw-p 00000000 00:00 0 
7f7b500c8000-7f7b500cb000 ---p 00000000 00:00 0 
7f7b500cb000-7f7b501c9000 rw-p 00000000 00:00 0 
7f7b501c9000-7f7b501cc000 ---p 00000000 00:00 0 
7f7b501cc000-7f7b50402000 rw-p 00000000 00:00 0 
7f7b50402000-7f7b50413000 r-xp 00000000 08:01 800045                     /usr/lib/jvm/java-8-oracle/jre/lib/amd64/libnio.so
7f7b50413000-7f7b50612000 ---p 00011000 08:01 800045                     /usr/lib/jvm/java-8-oracle/jre/lib/amd64/libnio.so
7f7b50612000-7f7b50613000 rw-p 00010000 08:01 800045                     /usr/lib/jvm/java-8-oracle/jre/lib/amd64/libnio.so
7f7b50613000-7f7b50618000 r-xp 00000000 08:01 534131                     /usr/lib/x86_64-linux-gnu/libXxf86vm.so.1.0.0
7f7b50618000-7f7b50817000 ---p 00005000 08:01 534131                     /usr/lib/x86_64-linux-gnu/libXxf86vm.so.1.0.0
7f7b50817000-7f7b50818000 r--p 00004000 08:01 534131                     /usr/lib/x86_64-linux-gnu/libXxf86vm.so.1.0.0
7f7b50818000-7f7b50819000 rw-p 00005000 08:01 534131                     /usr/lib/x86_64-linux-gnu/libXxf86vm.so.1.0.0
7f7b50819000-7f7b50823000 r-xp 00000000 08:01 534113                     /usr/lib/x86_64-linux-gnu/libXrandr.so.2.2.0
7f7b50823000-7f7b50a22000 ---p 0000a000 08:01 534113                     /usr/lib/x86_64-linux-gnu/libXrandr.so.2.2.0
7f7b50a22000-7f7b50a23000 r--p 00009000 08:01 534113                     /usr/lib/x86_64-linux-gnu/libXrandr.so.2.2.0
7f7b50a23000-7f7b50a24000 rw-p 0000a000 08:01 534113                     /usr/lib/x86_64-linux-gnu/libXrandr.so.2.2.0
7f7b50a24000-7f7b50a8e000 r-xp 00000000 08:01 1586205                    /home/fabiogr/Projects/IA941/Aula1/ws3d/liblwjgl64.so
7f7b50a8e000-7f7b50c8e000 ---p 0006a000 08:01 1586205                    /home/fabiogr/Projects/IA941/Aula1/ws3d/liblwjgl64.so
7f7b50c8e000-7f7b50c90000 r--p 0006a000 08:01 1586205                    /home/fabiogr/Projects/IA941/Aula1/ws3d/liblwjgl64.so
7f7b50c90000-7f7b50c91000 rw-p 0006c000 08:01 1586205                    /home/fabiogr/Projects/IA941/Aula1/ws3d/liblwjgl64.so
7f7b50c91000-7f7b50c92000 r-xp 00000000 08:01 800036                     /usr/lib/jvm/java-8-oracle/jre/lib/amd64/libjawt.so
7f7b50c92000-7f7b50e91000 ---p 00001000 08:01 800036                     /usr/lib/jvm/java-8-oracle/jre/lib/amd64/libjawt.so
7f7b50e91000-7f7b50e92000 rw-p 00000000 08:01 800036                     /usr/lib/jvm/java-8-oracle/jre/lib/amd64/libjawt.so
7f7b50e92000-7f7b50e95000 ---p 00000000 00:00 0 
7f7b50e95000-7f7b50f93000 rw-p 00000000 00:00 0 
7f7b50f93000-7f7b50fa9000 r-xp 00000000 08:01 800042                     /usr/lib/jvm/java-8-oracle/jre/lib/amd64/libnet.so
7f7b50fa9000-7f7b511a9000 ---p 00016000 08:01 800042                     /usr/lib/jvm/java-8-oracle/jre/lib/amd64/libnet.so
7f7b511a9000-7f7b511aa000 rw-p 00016000 08:01 800042                     /usr/lib/jvm/java-8-oracle/jre/lib/amd64/libnet.so
7f7b511aa000-7f7b513aa000 rw-p 00000000 00:00 0 
7f7b513aa000-7f7b513ad000 ---p 00000000 00:00 0 
7f7b513ad000-7f7b516ab000 rw-p 00000000 00:00 0 
7f7b516ab000-7f7b516ae000 ---p 00000000 00:00 0 
7f7b516ae000-7f7b517ac000 rw-p 00000000 00:00 0 
7f7b517ac000-7f7b517af000 ---p 00000000 00:00 0 
7f7b517af000-7f7b518ad000 rw-p 00000000 00:00 0 
7f7b518ad000-7f7b518b0000 ---p 00000000 00:00 0 
7f7b518b0000-7f7b519ae000 rw-p 00000000 00:00 0 
7f7b519ae000-7f7b519b1000 ---p 00000000 00:00 0 
7f7b519b1000-7f7b51aaf000 rw-p 00000000 00:00 0 
7f7b51aaf000-7f7b51ab2000 ---p 00000000 00:00 0 
7f7b51ab2000-7f7b51bb0000 rw-p 00000000 00:00 0 
7f7b51bb0000-7f7b51bb5000 r-xp 00000000 08:01 534097                     /usr/lib/x86_64-linux-gnu/libXfixes.so.3.1.0
7f7b51bb5000-7f7b51db4000 ---p 00005000 08:01 534097                     /usr/lib/x86_64-linux-gnu/libXfixes.so.3.1.0
7f7b51db4000-7f7b51db5000 r--p 00004000 08:01 534097                     /usr/lib/x86_64-linux-gnu/libXfixes.so.3.1.0
7f7b51db5000-7f7b51db6000 rw-p 00005000 08:01 534097                     /usr/lib/x86_64-linux-gnu/libXfixes.so.3.1.0
7f7b51db6000-7f7b51dbf000 r-xp 00000000 08:01 534089                     /usr/lib/x86_64-linux-gnu/libXcursor.so.1.0.2
7f7b51dbf000-7f7b51fbe000 ---p 00009000 08:01 534089                     /usr/lib/x86_64-linux-gnu/libXcursor.so.1.0.2
7f7b51fbe000-7f7b51fbf000 r--p 00008000 08:01 534089                     /usr/lib/x86_64-linux-gnu/libXcursor.so.1.0.2
7f7b51fbf000-7f7b51fc0000 rw-p 00009000 08:01 534089                     /usr/lib/x86_64-linux-gnu/libXcursor.so.1.0.2
7f7b51fc0000-7f7b51fc3000 ---p 00000000 00:00 0 
7f7b51fc3000-7f7b520c1000 rw-p 00000000 00:00 0 
7f7b520c1000-7f7b520d7000 r-xp 00000000 08:01 267894                     /lib/x86_64-linux-gnu/libgcc_s.so.1
7f7b520d7000-7f7b522d6000 ---p 00016000 08:01 267894                     /lib/x86_64-linux-gnu/libgcc_s.so.1
7f7b522d6000-7f7b522d7000 rw-p 00015000 08:01 267894                     /lib/x86_64-linux-gnu/libgcc_s.so.1
7f7b522d7000-7f7b5233c000 r-xp 00000000 08:01 800023                     /usr/lib/jvm/java-8-oracle/jre/lib/amd64/libfontmanager.so
7f7b5233c000-7f7b5253b000 ---p 00065000 08:01 800023                     /usr/lib/jvm/java-8-oracle/jre/lib/amd64/libfontmanager.so
7f7b5253b000-7f7b52540000 rw-p 00064000 08:01 800023                     /usr/lib/jvm/java-8-oracle/jre/lib/amd64/libfontmanager.so
7f7b52540000-7f7b52550000 rw-p 00000000 00:00 0 
7f7b52550000-7f7b52555000 r-xp 00000000 08:01 534093                     /usr/lib/x86_64-linux-gnu/libXdmcp.so.6.0.0
7f7b52555000-7f7b52754000 ---p 00005000 08:01 534093                     /usr/lib/x86_64-linux-gnu/libXdmcp.so.6.0.0
7f7b52754000-7f7b52755000 r--p 00004000 08:01 534093                     /usr/lib/x86_64-linux-gnu/libXdmcp.so.6.0.0
7f7b52755000-7f7b52756000 rw-p 00005000 08:01 534093                     /usr/lib/x86_64-linux-gnu/libXdmcp.so.6.0.0
7f7b52756000-7f7b52758000 r-xp 00000000 08:01 534082                     /usr/lib/x86_64-linux-gnu/libXau.so.6.0.0
7f7b52758000-7f7b52958000 ---p 00002000 08:01 534082                     /usr/lib/x86_64-linux-gnu/libXau.so.6.0.0
7f7b52958000-7f7b52959000 r--p 00002000 08:01 534082                     /usr/lib/x86_64-linux-gnu/libXau.so.6.0.0
7f7b52959000-7f7b5295a000 rw-p 00003000 08:01 534082                     /usr/lib/x86_64-linux-gnu/libXau.so.6.0.0
7f7b5295a000-7f7b5297b000 r-xp 00000000 08:01 535528                     /usr/lib/x86_64-linux-gnu/libxcb.so.1.1.0
7f7b5297b000-7f7b52b7a000 ---p 00021000 08:01 535528                     /usr/lib/x86_64-linux-gnu/libxcb.so.1.1.0
7f7b52b7a000-7f7b52b7b000 r--p 00020000 08:01 535528                     /usr/lib/x86_64-linux-gnu/libxcb.so.1.1.0
7f7b52b7b000-7f7b52b7c000 rw-p 00021000 08:01 535528                     /usr/lib/x86_64-linux-gnu/libxcb.so.1.1.0
7f7b52b7c000-7f7b52b8b000 r-xp 00000000 08:01 534103                     /usr/lib/x86_64-linux-gnu/libXi.so.6.1.0
7f7b52b8b000-7f7b52d8a000 ---p 0000f000 08:01 534103                     /usr/lib/x86_64-linux-gnu/libXi.so.6.1.0
7f7b52d8a000-7f7b52d8b000 r--p 0000e000 08:01 534103                     /usr/lib/x86_64-linux-gnu/libXi.so.6.1.0
7f7b52d8b000-7f7b52d8c000 rw-p 0000f000 08:01 534103                     /usr/lib/x86_64-linux-gnu/libXi.so.6.1.0
7f7b52d8c000-7f7b52d91000 r-xp 00000000 08:01 534121                     /usr/lib/x86_64-linux-gnu/libXtst.so.6.1.0
7f7b52d91000-7f7b52f90000 ---p 00005000 08:01 534121                     /usr/lib/x86_64-linux-gnu/libXtst.so.6.1.0
7f7b52f90000-7f7b52f91000 r--p 00004000 08:01 534121                     /usr/lib/x86_64-linux-gnu/libXtst.so.6.1.0
7f7b52f91000-7f7b52f92000 rw-p 00005000 08:01 534121                     /usr/lib/x86_64-linux-gnu/libXtst.so.6.1.0
7f7b52f92000-7f7b52f9b000 r-xp 00000000 08:01 534115                     /usr/lib/x86_64-linux-gnu/libXrender.so.1.3.0
7f7b52f9b000-7f7b5319a000 ---p 00009000 08:01 534115                     /usr/lib/x86_64-linux-gnu/libXrender.so.1.3.0
7f7b5319a000-7f7b5319b000 r--p 00008000 08:01 534115                     /usr/lib/x86_64-linux-gnu/libXrender.so.1.3.0
7f7b5319b000-7f7b5319c000 rw-p 00009000 08:01 534115                     /usr/lib/x86_64-linux-gnu/libXrender.so.1.3.0
7f7b5319c000-7f7b532d1000 r-xp 00000000 08:01 534078                     /usr/lib/x86_64-linux-gnu/libX11.so.6.3.0
7f7b532d1000-7f7b534d1000 ---p 00135000 08:01 534078                     /usr/lib/x86_64-linux-gnu/libX11.so.6.3.0
7f7b534d1000-7f7b534d2000 r--p 00135000 08:01 534078                     /usr/lib/x86_64-linux-gnu/libX11.so.6.3.0
7f7b534d2000-7f7b534d6000 rw-p 00136000 08:01 534078                     /usr/lib/x86_64-linux-gnu/libX11.so.6.3.0
7f7b534d6000-7f7b534e7000 r-xp 00000000 08:01 534095                     /usr/lib/x86_64-linux-gnu/libXext.so.6.4.0
7f7b534e7000-7f7b536e6000 ---p 00011000 08:01 534095                     /usr/lib/x86_64-linux-gnu/libXext.so.6.4.0
7f7b536e6000-7f7b536e7000 r--p 00010000 08:01 534095                     /usr/lib/x86_64-linux-gnu/libXext.so.6.4.0
7f7b536e7000-7f7b536e8000 rw-p 00011000 08:01 534095                     /usr/lib/x86_64-linux-gnu/libXext.so.6.4.0
7f7b536e8000-7f7b536f1000 r-xp 00000000 00:00 0 
7f7b536f1000-7f7b53704000 r--s 00345000 08:01 799866                     /usr/lib/jvm/java-8-oracle/jre/lib/resources.jar
7f7b53704000-7f7b53758000 r-xp 00000000 08:01 800049                     /usr/lib/jvm/java-8-oracle/jre/lib/amd64/libawt_xawt.so
7f7b53758000-7f7b53958000 ---p 00054000 08:01 800049                     /usr/lib/jvm/java-8-oracle/jre/lib/amd64/libawt_xawt.so
7f7b53958000-7f7b5395c000 rw-p 00054000 08:01 800049                     /usr/lib/jvm/java-8-oracle/jre/lib/amd64/libawt_xawt.so
7f7b5395c000-7f7b5395d000 rw-p 00000000 00:00 0 
7f7b5395d000-7f7b539ff000 r-xp 00000000 08:01 800035                     /usr/lib/jvm/java-8-oracle/jre/lib/amd64/libawt.so
7f7b539ff000-7f7b53bff000 ---p 000a2000 08:01 800035                     /usr/lib/jvm/java-8-oracle/jre/lib/amd64/libawt.so
7f7b53bff000-7f7b53c0b000 rw-p 000a2000 08:01 800035                     /usr/lib/jvm/java-8-oracle/jre/lib/amd64/libawt.so
7f7b53c0b000-7f7b53c2f000 rw-p 00000000 00:00 0 
7f7b53c2f000-7f7b53c4b000 r--s 00393000 08:01 799889                     /usr/lib/jvm/java-8-oracle/jre/lib/ext/cldrdata.jar
7f7b53c4b000-7f7b53c67000 r--s 001d6000 08:01 1586015                    /home/fabiogr/Projects/IA941/Aula1/ws3d/lib/lwjgl2.9.0.jar
7f7b53c67000-7f7b53cfd000 r--s 0110a000 08:01 799890                     /usr/lib/jvm/java-8-oracle/jre/lib/ext/jfxrt.jar
7f7b53cfd000-7f7b53cfe000 ---p 00000000 00:00 0 
7f7b53cfe000-7f7b53dfe000 rw-p 00000000 00:00 0 
7f7b53dfe000-7f7b53e01000 ---p 00000000 00:00 0 
7f7b53e01000-7f7b53eff000 rw-p 00000000 00:00 0 
7f7b53eff000-7f7b53f02000 ---p 00000000 00:00 0 
7f7b53f02000-7f7b54000000 rw-p 00000000 00:00 0 
7f7b54000000-7f7b54021000 rw-p 00000000 00:00 0 
7f7b54021000-7f7b58000000 ---p 00000000 00:00 0 
7f7b58000000-7f7b58021000 rw-p 00000000 00:00 0 
7f7b58021000-7f7b5c000000 ---p 00000000 00:00 0 
7f7b5c000000-7f7b5c021000 rw-p 00000000 00:00 0 
7f7b5c021000-7f7b60000000 ---p 00000000 00:00 0 
7f7b60000000-7f7b60021000 rw-p 00000000 00:00 0 
7f7b60021000-7f7b64000000 ---p 00000000 00:00 0 
7f7b64000000-7f7b64021000 rw-p 00000000 00:00 0 
7f7b64021000-7f7b68000000 ---p 00000000 00:00 0 
7f7b68000000-7f7b68005000 r-xp 00000000 00:00 0 
7f7b68005000-7f7b68038000 r--s 004d6000 08:01 1586019                    /home/fabiogr/Projects/IA941/Aula1/ws3d/lib/jme2.jar
7f7b68038000-7f7b6803b000 ---p 00000000 00:00 0 
7f7b6803b000-7f7b68139000 rw-p 00000000 00:00 0 
7f7b68139000-7f7b6813c000 ---p 00000000 00:00 0 
7f7b6813c000-7f7b6823a000 rw-p 00000000 00:00 0 
7f7b6823a000-7f7b68513000 r--p 00000000 08:01 531589                     /usr/lib/locale/locale-archive
7f7b68513000-7f7b68516000 ---p 00000000 00:00 0 
7f7b68516000-7f7b68614000 rw-p 00000000 00:00 0 
7f7b68614000-7f7b68617000 ---p 00000000 00:00 0 
7f7b68617000-7f7b68715000 rw-p 00000000 00:00 0 
7f7b68715000-7f7b68716000 ---p 00000000 00:00 0 
7f7b68716000-7f7b6918f000 rw-p 00000000 00:00 0 
7f7b6918f000-7f7b69368000 r--s 03d64000 08:01 799828                     /usr/lib/jvm/java-8-oracle/jre/lib/rt.jar
7f7b69368000-7f7b6bc8a000 rw-p 00000000 00:00 0 
7f7b6bc8a000-7f7b6bc8b000 ---p 00000000 00:00 0 
7f7b6bc8b000-7f7b6bd8b000 rw-p 00000000 00:00 0 
7f7b6bd8b000-7f7b6bd8c000 ---p 00000000 00:00 0 
7f7b6bd8c000-7f7b6bec1000 rw-p 00000000 00:00 0 
7f7b6bec1000-7f7b6bfd4000 ---p 00000000 00:00 0 
7f7b6bfd4000-7f7b6c009000 rw-p 00000000 00:00 0 
7f7b6c009000-7f7b6c11c000 ---p 00000000 00:00 0 
7f7b6c11c000-7f7b6c1c0000 rw-p 00000000 00:00 0 
7f7b6c1c0000-7f7b6c1e5000 rw-p 00000000 00:00 0 
7f7b6c1e5000-7f7b6c581000 ---p 00000000 00:00 0 
7f7b6c581000-7f7b6ce51000 rwxp 00000000 00:00 0 
7f7b6ce51000-7f7b7b581000 ---p 00000000 00:00 0 
7f7b7b581000-7f7b7b59c000 r-xp 00000000 08:01 800038                     /usr/lib/jvm/java-8-oracle/jre/lib/amd64/libzip.so
7f7b7b59c000-7f7b7b79c000 ---p 0001b000 08:01 800038                     /usr/lib/jvm/java-8-oracle/jre/lib/amd64/libzip.so
7f7b7b79c000-7f7b7b79d000 rw-p 0001b000 08:01 800038                     /usr/lib/jvm/java-8-oracle/jre/lib/amd64/libzip.so
7f7b7b79d000-7f7b7b7a8000 r-xp 00000000 08:01 267955                     /lib/x86_64-linux-gnu/libnss_files-2.23.so
7f7b7b7a8000-7f7b7b9a7000 ---p 0000b000 08:01 267955                     /lib/x86_64-linux-gnu/libnss_files-2.23.so
7f7b7b9a7000-7f7b7b9a8000 r--p 0000a000 08:01 267955                     /lib/x86_64-linux-gnu/libnss_files-2.23.so
7f7b7b9a8000-7f7b7b9a9000 rw-p 0000b000 08:01 267955                     /lib/x86_64-linux-gnu/libnss_files-2.23.so
7f7b7b9a9000-7f7b7b9af000 rw-p 00000000 00:00 0 
7f7b7b9af000-7f7b7b9ba000 r-xp 00000000 08:01 267965                     /lib/x86_64-linux-gnu/libnss_nis-2.23.so
7f7b7b9ba000-7f7b7bbb9000 ---p 0000b000 08:01 267965                     /lib/x86_64-linux-gnu/libnss_nis-2.23.so
7f7b7bbb9000-7f7b7bbba000 r--p 0000a000 08:01 267965                     /lib/x86_64-linux-gnu/libnss_nis-2.23.so
7f7b7bbba000-7f7b7bbbb000 rw-p 0000b000 08:01 267965                     /lib/x86_64-linux-gnu/libnss_nis-2.23.so
7f7b7bbbb000-7f7b7bbd1000 r-xp 00000000 08:01 267949                     /lib/x86_64-linux-gnu/libnsl-2.23.so
7f7b7bbd1000-7f7b7bdd0000 ---p 00016000 08:01 267949                     /lib/x86_64-linux-gnu/libnsl-2.23.so
7f7b7bdd0000-7f7b7bdd1000 r--p 00015000 08:01 267949                     /lib/x86_64-linux-gnu/libnsl-2.23.so
7f7b7bdd1000-7f7b7bdd2000 rw-p 00016000 08:01 267949                     /lib/x86_64-linux-gnu/libnsl-2.23.so
7f7b7bdd2000-7f7b7bdd4000 rw-p 00000000 00:00 0 
7f7b7bdd4000-7f7b7bdff000 r-xp 00000000 08:01 800032                     /usr/lib/jvm/java-8-oracle/jre/lib/amd64/libjava.so
7f7b7bdff000-7f7b7bffe000 ---p 0002b000 08:01 800032                     /usr/lib/jvm/java-8-oracle/jre/lib/amd64/libjava.so
7f7b7bffe000-7f7b7c000000 rw-p 0002a000 08:01 800032                     /usr/lib/jvm/java-8-oracle/jre/lib/amd64/libjava.so
7f7b7c000000-7f7b7c4fe000 rw-p 00000000 00:00 0 
7f7b7c4fe000-7f7b80000000 ---p 00000000 00:00 0 
7f7b80000000-7f7b8000b000 r-xp 00000000 00:00 0 
7f7b8000b000-7f7b80012000 r--s 00000000 08:01 790428                     /usr/lib/x86_64-linux-gnu/gconv/gconv-modules.cache
7f7b80012000-7f7b80017000 r-xp 00000000 00:00 0 
7f7b80017000-7f7b8001f000 r-xp 00000000 08:01 267951                     /lib/x86_64-linux-gnu/libnss_compat-2.23.so
7f7b8001f000-7f7b8021e000 ---p 00008000 08:01 267951                     /lib/x86_64-linux-gnu/libnss_compat-2.23.so
7f7b8021e000-7f7b8021f000 r--p 00007000 08:01 267951                     /lib/x86_64-linux-gnu/libnss_compat-2.23.so
7f7b8021f000-7f7b80220000 rw-p 00008000 08:01 267951                     /lib/x86_64-linux-gnu/libnss_compat-2.23.so
7f7b80220000-7f7b8022d000 r-xp 00000000 08:01 800037                     /usr/lib/jvm/java-8-oracle/jre/lib/amd64/libverify.so
7f7b8022d000-7f7b8042d000 ---p 0000d000 08:01 800037                     /usr/lib/jvm/java-8-oracle/jre/lib/amd64/libverify.so
7f7b8042d000-7f7b8042f000 rw-p 0000d000 08:01 800037                     /usr/lib/jvm/java-8-oracle/jre/lib/amd64/libverify.so
7f7b8042f000-7f7b80436000 r-xp 00000000 08:01 268010                     /lib/x86_64-linux-gnu/librt-2.23.so
7f7b80436000-7f7b80635000 ---p 00007000 08:01 268010                     /lib/x86_64-linux-gnu/librt-2.23.so
7f7b80635000-7f7b80636000 r--p 00006000 08:01 268010                     /lib/x86_64-linux-gnu/librt-2.23.so
7f7b80636000-7f7b80637000 rw-p 00007000 08:01 268010                     /lib/x86_64-linux-gnu/librt-2.23.so
7f7b80637000-7f7b8073f000 r-xp 00000000 08:01 267926                     /lib/x86_64-linux-gnu/libm-2.23.so
7f7b8073f000-7f7b8093e000 ---p 00108000 08:01 267926                     /lib/x86_64-linux-gnu/libm-2.23.so
7f7b8093e000-7f7b8093f000 r--p 00107000 08:01 267926                     /lib/x86_64-linux-gnu/libm-2.23.so
7f7b8093f000-7f7b80940000 rw-p 00108000 08:01 267926                     /lib/x86_64-linux-gnu/libm-2.23.so
7f7b80940000-7f7b81619000 r-xp 00000000 08:01 800015                     /usr/lib/jvm/java-8-oracle/jre/lib/amd64/server/libjvm.so
7f7b81619000-7f7b81818000 ---p 00cd9000 08:01 800015                     /usr/lib/jvm/java-8-oracle/jre/lib/amd64/server/libjvm.so
7f7b81818000-7f7b818f1000 rw-p 00cd8000 08:01 800015                     /usr/lib/jvm/java-8-oracle/jre/lib/amd64/server/libjvm.so
7f7b818f1000-7f7b8193d000 rw-p 00000000 00:00 0 
7f7b8193d000-7f7b81afd000 r-xp 00000000 08:01 267856                     /lib/x86_64-linux-gnu/libc-2.23.so
7f7b81afd000-7f7b81cfd000 ---p 001c0000 08:01 267856                     /lib/x86_64-linux-gnu/libc-2.23.so
7f7b81cfd000-7f7b81d01000 r--p 001c0000 08:01 267856                     /lib/x86_64-linux-gnu/libc-2.23.so
7f7b81d01000-7f7b81d03000 rw-p 001c4000 08:01 267856                     /lib/x86_64-linux-gnu/libc-2.23.so
7f7b81d03000-7f7b81d07000 rw-p 00000000 00:00 0 
7f7b81d07000-7f7b81d0a000 r-xp 00000000 08:01 267880                     /lib/x86_64-linux-gnu/libdl-2.23.so
7f7b81d0a000-7f7b81f09000 ---p 00003000 08:01 267880                     /lib/x86_64-linux-gnu/libdl-2.23.so
7f7b81f09000-7f7b81f0a000 r--p 00002000 08:01 267880                     /lib/x86_64-linux-gnu/libdl-2.23.so
7f7b81f0a000-7f7b81f0b000 rw-p 00003000 08:01 267880                     /lib/x86_64-linux-gnu/libdl-2.23.so
7f7b81f0b000-7f7b81f21000 r-xp 00000000 08:01 800010                     /usr/lib/jvm/java-8-oracle/jre/lib/amd64/jli/libjli.so
7f7b81f21000-7f7b82120000 ---p 00016000 08:01 800010                     /usr/lib/jvm/java-8-oracle/jre/lib/amd64/jli/libjli.so
7f7b82120000-7f7b82121000 rw-p 00015000 08:01 800010                     /usr/lib/jvm/java-8-oracle/jre/lib/amd64/jli/libjli.so
7f7b82121000-7f7b82139000 r-xp 00000000 08:01 268002                     /lib/x86_64-linux-gnu/libpthread-2.23.so
7f7b82139000-7f7b82338000 ---p 00018000 08:01 268002                     /lib/x86_64-linux-gnu/libpthread-2.23.so
7f7b82338000-7f7b82339000 r--p 00017000 08:01 268002                     /lib/x86_64-linux-gnu/libpthread-2.23.so
7f7b82339000-7f7b8233a000 rw-p 00018000 08:01 268002                     /lib/x86_64-linux-gnu/libpthread-2.23.so
7f7b8233a000-7f7b8233e000 rw-p 00000000 00:00 0 
7f7b8233e000-7f7b82364000 r-xp 00000000 08:01 267828                     /lib/x86_64-linux-gnu/ld-2.23.so
7f7b82364000-7f7b82367000 r-xp 00000000 00:00 0 
7f7b82367000-7f7b82440000 rw-p 00000000 00:00 0 
7f7b82440000-7f7b82443000 ---p 00000000 00:00 0 
7f7b82443000-7f7b82545000 rw-p 00000000 00:00 0 
7f7b82545000-7f7b8254a000 r--s 0009d000 08:01 799885                     /usr/lib/jvm/java-8-oracle/jre/lib/jsse.jar
7f7b8254a000-7f7b8254b000 rwxp 00000000 00:00 0 
7f7b8254b000-7f7b82555000 r--s 00116000 08:01 799896                     /usr/lib/jvm/java-8-oracle/jre/lib/ext/localedata.jar
7f7b82555000-7f7b82557000 r--s 0000e000 08:01 1586016                    /home/fabiogr/Projects/IA941/Aula1/ws3d/lib/json.jar
7f7b82557000-7f7b8255f000 rw-s 00000000 08:01 271440                     /tmp/hsperfdata_fabiogr/43412
7f7b8255f000-7f7b82560000 rw-p 00000000 00:00 0 
7f7b82560000-7f7b82561000 r--p 00000000 00:00 0 
7f7b82561000-7f7b82563000 rw-p 00000000 00:00 0 
7f7b82563000-7f7b82564000 r--p 00025000 08:01 267828                     /lib/x86_64-linux-gnu/ld-2.23.so
7f7b82564000-7f7b82565000 rw-p 00026000 08:01 267828                     /lib/x86_64-linux-gnu/ld-2.23.so
7f7b82565000-7f7b82566000 rw-p 00000000 00:00 0 
7ffc0f6ba000-7ffc0f6db000 rw-p 00000000 00:00 0                          [stack]
7ffc0f72a000-7ffc0f72c000 r--p 00000000 00:00 0                          [vvar]
7ffc0f72c000-7ffc0f72e000 r-xp 00000000 00:00 0                          [vdso]
ffffffffff600000-ffffffffff601000 r-xp 00000000 00:00 0                  [vsyscall]

VM Arguments:
jvm_args: -Dfile.encoding=ISO-8859-1 -Djava.library.path=./lib 
java_command: worldserver3d.Main
java_class_path (initial): /home/fabiogr/Projects/IA941/Aula1/ws3d/lib/jme2.jar:/home/fabiogr/Projects/IA941/Aula1/ws3d/lib/lwjgl2.9.0.jar:/home/fabiogr/Projects/IA941/Aula1/ws3d/lib/json.jar:/home/fabiogr/Projects/IA941/Aula1/ws3d/build/classes
Launcher Type: SUN_STANDARD

Environment Variables:
PATH=/usr/local/sbin:/usr/local/bin:/usr/sbin:/usr/bin:/sbin:/bin:/usr/games:/usr/local/games
LD_LIBRARY_PATH=/usr/lib/jvm/java-8-oracle/bin/../jre/lib/amd64:/usr/lib/jvm/java-8-oracle/bin/../jre/lib/i386:
SHELL=/bin/bash
DISPLAY=:0.0

Signal Handlers:
SIGSEGV: [libjvm.so+0xad01e0], sa_mask[0]=11111111011111111101111111111110, sa_flags=SA_RESTART|SA_SIGINFO
SIGBUS: [libjvm.so+0xad01e0], sa_mask[0]=11111111011111111101111111111110, sa_flags=SA_RESTART|SA_SIGINFO
SIGFPE: [libjvm.so+0x927fb0], sa_mask[0]=11111111011111111101111111111110, sa_flags=SA_RESTART|SA_SIGINFO
SIGPIPE: [libjvm.so+0x927fb0], sa_mask[0]=11111111011111111101111111111110, sa_flags=SA_RESTART|SA_SIGINFO
SIGXFSZ: [libjvm.so+0x927fb0], sa_mask[0]=11111111011111111101111111111110, sa_flags=SA_RESTART|SA_SIGINFO
SIGILL: [libjvm.so+0x927fb0], sa_mask[0]=11111111011111111101111111111110, sa_flags=SA_RESTART|SA_SIGINFO
SIGUSR1: SIG_DFL, sa_mask[0]=00000000000000000000000000000000, sa_flags=none
SIGUSR2: [libjvm.so+0x9297f0], sa_mask[0]=00100000000000000000000000000000, sa_flags=SA_RESTART|SA_SIGINFO
SIGHUP: [libjvm.so+0x92abf0], sa_mask[0]=11111111011111111101111111111110, sa_flags=SA_RESTART|SA_SIGINFO
SIGINT: SIG_IGN, sa_mask[0]=00000000000000000000000000000000, sa_flags=none
SIGTERM: [libjvm.so+0x92abf0], sa_mask[0]=11111111011111111101111111111110, sa_flags=SA_RESTART|SA_SIGINFO
SIGQUIT: [libjvm.so+0x92abf0], sa_mask[0]=11111111011111111101111111111110, sa_flags=SA_RESTART|SA_SIGINFO


---------------  S Y S T E M  ---------------

OS:DISTRIB_ID=LinuxMint
DISTRIB_RELEASE=18.3
DISTRIB_CODENAME=sylvia
DISTRIB_DESCRIPTION="Linux Mint 18.3 Sylvia"

uname:Linux 4.10.0-38-generic #42~16.04.1-Ubuntu SMP Tue Oct 10 16:32:20 UTC 2017 x86_64
libc:glibc 2.23 NPTL 2.23 
rlimit: STACK 8192k, CORE 0k, NPROC 15540, NOFILE 1048576, AS infinity
load average:1,57 1,55 1,19

/proc/meminfo:
MemTotal:        4025436 kB
MemFree:          260852 kB
MemAvailable:    1147324 kB
Buffers:           81952 kB
Cached:           987852 kB
SwapCached:          796 kB
Active:          2591204 kB
Inactive:         842216 kB
Active(anon):    1875060 kB
Inactive(anon):   536860 kB
Active(file):     716144 kB
Inactive(file):   305356 kB
Unevictable:         244 kB
Mlocked:             244 kB
SwapTotal:       4191228 kB
SwapFree:        4178576 kB
Dirty:               200 kB
Writeback:             0 kB
AnonPages:       2285508 kB
Mapped:           289040 kB
Shmem:             48404 kB
Slab:             190148 kB
SReclaimable:     140044 kB
SUnreclaim:        50104 kB
KernelStack:       10664 kB
PageTables:        39264 kB
NFS_Unstable:          0 kB
Bounce:                0 kB
WritebackTmp:          0 kB
CommitLimit:     6203944 kB
Committed_AS:    5602492 kB
VmallocTotal:   34359738367 kB
VmallocUsed:           0 kB
VmallocChunk:          0 kB
HardwareCorrupted:     0 kB
AnonHugePages:   1114112 kB
ShmemHugePages:        0 kB
ShmemPmdMapped:        0 kB
CmaTotal:              0 kB
CmaFree:               0 kB
HugePages_Total:       0
HugePages_Free:        0
HugePages_Rsvd:        0
HugePages_Surp:        0
Hugepagesize:       2048 kB
DirectMap4k:      141120 kB
DirectMap2M:     4052992 kB
DirectMap1G:     2097152 kB


CPU:total 2 (initial active 2) (2 cores per cpu, 1 threads per core) family 6 model 60 stepping 3, cmov, cx8, fxsr, mmx, sse, sse2, sse3, ssse3, sse4.1, sse4.2, popcnt, avx, avx2, aes, clmul, erms, lzcnt, tsc, tscinvbit, bmi1, bmi2

/proc/cpuinfo:
processor	: 0
vendor_id	: GenuineIntel
cpu family	: 6
model		: 60
model name	: Intel(R) Core(TM) i5-4440 CPU @ 3.10GHz
stepping	: 3
microcode	: 0x1e
cpu MHz		: 3099.997
cache size	: 6144 KB
physical id	: 0
siblings	: 2
core id		: 0
cpu cores	: 2
apicid		: 0
initial apicid	: 0
fpu		: yes
fpu_exception	: yes
cpuid level	: 13
wp		: yes
flags		: fpu vme de pse tsc msr pae mce cx8 apic sep mtrr pge mca cmov pat pse36 clflush dts mmx fxsr sse sse2 ss ht syscall nx pdpe1gb rdtscp lm constant_tsc arch_perfmon pebs bts nopl xtopology tsc_reliable nonstop_tsc aperfmperf pni pclmulqdq ssse3 fma cx16 pcid sse4_1 sse4_2 x2apic movbe popcnt tsc_deadline_timer aes xsave avx f16c rdrand hypervisor lahf_lm abm epb fsgsbase tsc_adjust bmi1 avx2 smep bmi2 invpcid xsaveopt dtherm ida arat pln pts
bugs		:
bogomips	: 6199.99
clflush size	: 64
cache_alignment	: 64
address sizes	: 42 bits physical, 48 bits virtual
power management:

processor	: 1
vendor_id	: GenuineIntel
cpu family	: 6
model		: 60
model name	: Intel(R) Core(TM) i5-4440 CPU @ 3.10GHz
stepping	: 3
microcode	: 0x1e
cpu MHz		: 3099.997
cache size	: 6144 KB
physical id	: 0
siblings	: 2
core id		: 1
cpu cores	: 2
apicid		: 1
initial apicid	: 1
fpu		: yes
fpu_exception	: yes
cpuid level	: 13
wp		: yes
flags		: fpu vme de pse tsc msr pae mce cx8 apic sep mtrr pge mca cmov pat pse36 clflush dts mmx fxsr sse sse2 ss ht syscall nx pdpe1gb rdtscp lm constant_tsc arch_perfmon pebs bts nopl xtopology tsc_reliable nonstop_tsc aperfmperf pni pclmulqdq ssse3 fma cx16 pcid sse4_1 sse4_2 x2apic movbe popcnt tsc_deadline_timer aes xsave avx f16c rdrand hypervisor lahf_lm abm epb fsgsbase tsc_adjust bmi1 avx2 smep bmi2 invpcid xsaveopt dtherm ida arat pln pts
bugs		:
bogomips	: 6199.99
clflush size	: 64
cache_alignment	: 64
address sizes	: 42 bits physical, 48 bits virtual
power management:



Memory: 4k page, physical 4025436k(260852k free), swap 4191228k(4178576k free)

vm_info: Java HotSpot(TM) 64-Bit Server VM (25.161-b12) for linux-amd64 JRE (1.8.0_161-b12), built on Dec 19 2017 16:12:43 by "java_re" with gcc 4.3.0 20080428 (Red Hat 4.3.0-8)

time: Sat Mar  3 22:23:08 2018
elapsed time: 437 seconds (0d 0h 7m 17s)

